[0.041s] DEBUG:colcon:Command line arguments: ['/usr/bin/colcon', 'build']
[0.041s] DEBUG:colcon:Parsed command line arguments: Namespace(log_base=None, log_level=None, verb_name='build', build_base='build', install_base='install', merge_install=False, symlink_install=False, test_result_base=None, continue_on_error=False, executor='parallel', parallel_workers=32, event_handlers=None, ignore_user_meta=False, metas=['./colcon.meta'], base_paths=['.'], packages_ignore=None, packages_ignore_regex=None, paths=None, packages_up_to=None, packages_up_to_regex=None, packages_above=None, packages_above_and_dependencies=None, packages_above_depth=None, packages_select_by_dep=None, packages_skip_by_dep=None, packages_skip_up_to=None, packages_select_build_failed=False, packages_skip_build_finished=False, packages_select_test_failures=False, packages_skip_test_passed=False, packages_select=None, packages_skip=None, packages_select_regex=None, packages_skip_regex=None, packages_start=None, packages_end=None, allow_overriding=[], cmake_args=None, cmake_target=None, cmake_target_skip_unavailable=False, cmake_clean_cache=False, cmake_clean_first=False, cmake_force_configure=False, ament_cmake_args=None, catkin_cmake_args=None, catkin_skip_building_tests=False, verb_parser=<colcon_defaults.argument_parser.defaults.DefaultArgumentsDecorator object at 0x71570e966da0>, verb_extension=<colcon_core.verb.build.BuildVerb object at 0x71570e966b60>, main=<bound method BuildVerb.main of <colcon_core.verb.build.BuildVerb object at 0x71570e966b60>>)
[0.087s] ERROR:colcon.colcon_core.extension_point:Exception loading extension 'colcon_core.package_identification.python_setup_py': object.__new__(X): X is not a type object ()
Traceback (most recent call last):
  File "/home/steven/.local/lib/python3.10/site-packages/pkg_resources/__init__.py", line 2719, in _dep_map
    return self.__dep_map
  File "/home/steven/.local/lib/python3.10/site-packages/pkg_resources/__init__.py", line 2834, in __getattr__
    raise AttributeError(attr)
AttributeError: _Distribution__dep_map

During handling of the above exception, another exception occurred:

Traceback (most recent call last):
  File "/usr/lib/python3/dist-packages/colcon_core/extension_point.py", line 169, in load_extension_points
    extension_type = load_extension_point(name, value, group)
  File "/usr/lib/python3/dist-packages/colcon_core/extension_point.py", line 210, in load_extension_point
    return EntryPoint(name, value, group).load()
  File "/usr/lib/python3.10/importlib/metadata/__init__.py", line 171, in load
    module = import_module(match.group('module'))
  File "/usr/lib/python3.10/importlib/__init__.py", line 126, in import_module
    return _bootstrap._gcd_import(name[level:], package, level)
  File "<frozen importlib._bootstrap>", line 1050, in _gcd_import
  File "<frozen importlib._bootstrap>", line 1027, in _find_and_load
  File "<frozen importlib._bootstrap>", line 1006, in _find_and_load_unlocked
  File "<frozen importlib._bootstrap>", line 688, in _load_unlocked
  File "<frozen importlib._bootstrap_external>", line 883, in exec_module
  File "<frozen importlib._bootstrap>", line 241, in _call_with_frames_removed
  File "/usr/lib/python3/dist-packages/colcon_python_setup_py/package_identification/python_setup_py.py", line 9, in <module>
    import setuptools
  File "/home/steven/.local/lib/python3.10/site-packages/setuptools/__init__.py", line 16, in <module>
    import setuptools.version
  File "/home/steven/.local/lib/python3.10/site-packages/setuptools/version.py", line 1, in <module>
    import pkg_resources
  File "/home/steven/.local/lib/python3.10/site-packages/pkg_resources/__init__.py", line 3260, in <module>
    def _initialize_master_working_set():
  File "/home/steven/.local/lib/python3.10/site-packages/pkg_resources/__init__.py", line 3234, in _call_aside
    f(*args, **kwargs)
  File "/home/steven/.local/lib/python3.10/site-packages/pkg_resources/__init__.py", line 3272, in _initialize_master_working_set
    working_set = WorkingSet._build_master()
  File "/home/steven/.local/lib/python3.10/site-packages/pkg_resources/__init__.py", line 581, in _build_master
    ws.require(__requires__)
  File "/home/steven/.local/lib/python3.10/site-packages/pkg_resources/__init__.py", line 909, in require
    needed = self.resolve(parse_requirements(requirements))
  File "/home/steven/.local/lib/python3.10/site-packages/pkg_resources/__init__.py", line 803, in resolve
    new_requirements = dist.requires(req.extras)[::-1]
  File "/home/steven/.local/lib/python3.10/site-packages/pkg_resources/__init__.py", line 2755, in requires
    dm = self._dep_map
  File "/home/steven/.local/lib/python3.10/site-packages/pkg_resources/__init__.py", line 2721, in _dep_map
    self.__dep_map = self._filter_extras(self._build_dep_map())
  File "/home/steven/.local/lib/python3.10/site-packages/pkg_resources/__init__.py", line 2750, in _build_dep_map
    dm.setdefault(extra, []).extend(parse_requirements(reqs))
  File "/home/steven/.local/lib/python3.10/site-packages/pkg_resources/__init__.py", line 3102, in __init__
    super(Requirement, self).__init__(requirement_string)
  File "/home/steven/.local/lib/python3.10/site-packages/pkg_resources/_vendor/packaging/requirements.py", line 102, in __init__
    req = REQUIREMENT.parseString(requirement_string)
  File "/home/steven/.local/lib/python3.10/site-packages/pkg_resources/_vendor/pyparsing/core.py", line 1131, in parse_string
    loc, tokens = self._parse(instring, 0)
  File "/home/steven/.local/lib/python3.10/site-packages/pkg_resources/_vendor/pyparsing/core.py", line 817, in _parseNoCache
    loc, tokens = self.parseImpl(instring, pre_loc, doActions)
  File "/home/steven/.local/lib/python3.10/site-packages/pkg_resources/_vendor/pyparsing/core.py", line 3886, in parseImpl
    loc, exprtokens = e._parse(instring, loc, doActions)
  File "/home/steven/.local/lib/python3.10/site-packages/pkg_resources/_vendor/pyparsing/core.py", line 817, in _parseNoCache
    loc, tokens = self.parseImpl(instring, pre_loc, doActions)
  File "/home/steven/.local/lib/python3.10/site-packages/pkg_resources/_vendor/pyparsing/core.py", line 4375, in parseImpl
    return self.expr._parse(instring, loc, doActions, callPreParse=False)
  File "/home/steven/.local/lib/python3.10/site-packages/pkg_resources/_vendor/pyparsing/core.py", line 817, in _parseNoCache
    loc, tokens = self.parseImpl(instring, pre_loc, doActions)
  File "/home/steven/.local/lib/python3.10/site-packages/pkg_resources/_vendor/pyparsing/core.py", line 3864, in parseImpl
    loc, resultlist = self.exprs[0]._parse(
  File "/home/steven/.local/lib/python3.10/site-packages/pkg_resources/_vendor/pyparsing/core.py", line 825, in _parseNoCache
    ret_tokens = ParseResults(
  File "/home/steven/.local/lib/python3.10/site-packages/pkg_resources/_vendor/pyparsing/results.py", line 139, in __new__
    self = object.__new__(cls)
TypeError: object.__new__(X): X is not a type object ()

[0.087s] Level 1:colcon.colcon_core.package_discovery:discover_packages(colcon_meta) check parameters
[0.087s] Level 1:colcon.colcon_core.package_discovery:discover_packages(recursive) check parameters
[0.087s] Level 1:colcon.colcon_core.package_discovery:discover_packages(ignore) check parameters
[0.087s] Level 1:colcon.colcon_core.package_discovery:discover_packages(path) check parameters
[0.087s] Level 1:colcon.colcon_core.package_discovery:discover_packages(colcon_meta) discover
[0.087s] Level 1:colcon.colcon_core.package_discovery:discover_packages(recursive) discover
[0.087s] INFO:colcon.colcon_core.package_discovery:Crawling recursively for packages in '/home/steven/ros2_ws/src/robot_interface'
[0.087s] Level 1:colcon.colcon_core.package_identification:_identify(.) by extensions ['ignore', 'ignore_ament_install']
[0.088s] Level 1:colcon.colcon_core.package_identification:_identify(.) by extension 'ignore'
[0.088s] Level 1:colcon.colcon_core.package_identification:_identify(.) by extension 'ignore_ament_install'
[0.088s] Level 1:colcon.colcon_core.package_identification:_identify(.) by extensions ['colcon_pkg']
[0.088s] Level 1:colcon.colcon_core.package_identification:_identify(.) by extension 'colcon_pkg'
[0.088s] Level 1:colcon.colcon_core.package_identification:_identify(.) by extensions ['colcon_meta']
[0.088s] Level 1:colcon.colcon_core.package_identification:_identify(.) by extension 'colcon_meta'
[0.088s] Level 1:colcon.colcon_core.package_identification:_identify(.) by extensions ['ros']
[0.088s] Level 1:colcon.colcon_core.package_identification:_identify(.) by extension 'ros'
[0.094s] DEBUG:colcon.colcon_core.package_identification:Package '.' with type 'ros.ament_python' and name 'robot_interface'
[0.094s] Level 1:colcon.colcon_core.package_discovery:discover_packages(recursive) using defaults
[0.094s] Level 1:colcon.colcon_core.package_discovery:discover_packages(ignore) discover
[0.094s] Level 1:colcon.colcon_core.package_discovery:discover_packages(ignore) using defaults
[0.094s] Level 1:colcon.colcon_core.package_discovery:discover_packages(path) discover
[0.094s] Level 1:colcon.colcon_core.package_discovery:discover_packages(path) using defaults
[0.181s] Level 1:colcon.colcon_core.package_discovery:discover_packages(prefix_path) check parameters
[0.181s] Level 1:colcon.colcon_core.package_discovery:discover_packages(prefix_path) discover
[0.182s] DEBUG:colcon.colcon_installed_package_information.package_discovery:Found 376 installed packages in /opt/ros/humble
[0.183s] Level 1:colcon.colcon_core.package_discovery:discover_packages(prefix_path) using defaults
[0.199s] Level 5:colcon.colcon_core.verb:set package 'robot_interface' build argument 'cmake_args' from command line to 'None'
[0.199s] Level 5:colcon.colcon_core.verb:set package 'robot_interface' build argument 'cmake_target' from command line to 'None'
[0.199s] Level 5:colcon.colcon_core.verb:set package 'robot_interface' build argument 'cmake_target_skip_unavailable' from command line to 'False'
[0.199s] Level 5:colcon.colcon_core.verb:set package 'robot_interface' build argument 'cmake_clean_cache' from command line to 'False'
[0.199s] Level 5:colcon.colcon_core.verb:set package 'robot_interface' build argument 'cmake_clean_first' from command line to 'False'
[0.199s] Level 5:colcon.colcon_core.verb:set package 'robot_interface' build argument 'cmake_force_configure' from command line to 'False'
[0.199s] Level 5:colcon.colcon_core.verb:set package 'robot_interface' build argument 'ament_cmake_args' from command line to 'None'
[0.199s] Level 5:colcon.colcon_core.verb:set package 'robot_interface' build argument 'catkin_cmake_args' from command line to 'None'
[0.199s] Level 5:colcon.colcon_core.verb:set package 'robot_interface' build argument 'catkin_skip_building_tests' from command line to 'False'
[0.199s] DEBUG:colcon.colcon_core.verb:Building package 'robot_interface' with the following arguments: {'ament_cmake_args': None, 'build_base': '/home/steven/ros2_ws/src/robot_interface/build/robot_interface', 'catkin_cmake_args': None, 'catkin_skip_building_tests': False, 'cmake_args': None, 'cmake_clean_cache': False, 'cmake_clean_first': False, 'cmake_force_configure': False, 'cmake_target': None, 'cmake_target_skip_unavailable': False, 'install_base': '/home/steven/ros2_ws/src/robot_interface/install/robot_interface', 'merge_install': False, 'path': '/home/steven/ros2_ws/src/robot_interface', 'symlink_install': False, 'test_result_base': None}
[0.199s] INFO:colcon.colcon_core.executor:Executing jobs using 'parallel' executor
[0.200s] DEBUG:colcon.colcon_parallel_executor.executor.parallel:run_until_complete
[0.200s] INFO:colcon.colcon_ros.task.ament_python.build:Building ROS package in '/home/steven/ros2_ws/src/robot_interface' with build type 'ament_python'
[0.200s] Level 1:colcon.colcon_core.shell:create_environment_hook('robot_interface', 'ament_prefix_path')
[0.201s] INFO:colcon.colcon_core.plugin_system:Skipping extension 'colcon_core.shell.bat': Not used on non-Windows systems
[0.201s] INFO:colcon.colcon_core.shell:Creating environment hook '/home/steven/ros2_ws/src/robot_interface/install/robot_interface/share/robot_interface/hook/ament_prefix_path.ps1'
[0.201s] INFO:colcon.colcon_core.shell:Creating environment descriptor '/home/steven/ros2_ws/src/robot_interface/install/robot_interface/share/robot_interface/hook/ament_prefix_path.dsv'
[0.202s] INFO:colcon.colcon_core.shell:Creating environment hook '/home/steven/ros2_ws/src/robot_interface/install/robot_interface/share/robot_interface/hook/ament_prefix_path.sh'
[0.202s] INFO:colcon.colcon_core.shell:Skip shell extension 'powershell' for command environment: Not usable outside of PowerShell
[0.202s] DEBUG:colcon.colcon_core.shell:Skip shell extension 'dsv' for command environment
[0.357s] INFO:colcon.colcon_core.task.python.build:Building Python package in '/home/steven/ros2_ws/src/robot_interface'
[0.357s] INFO:colcon.colcon_core.shell:Skip shell extension 'powershell' for command environment: Not usable outside of PowerShell
[0.357s] DEBUG:colcon.colcon_core.shell:Skip shell extension 'dsv' for command environment
[1.686s] DEBUG:colcon.colcon_parallel_executor.executor.parallel:closing loop
[1.686s] DEBUG:colcon.colcon_parallel_executor.executor.parallel:loop closed
[1.686s] DEBUG:colcon.colcon_parallel_executor.executor.parallel:run_until_complete finished with 'Expected ['/usr/bin/python3', '-W', 'ignore:setup.py install is deprecated', '-W', 'ignore:easy_install command is deprecated', 'setup.py', '--help-commands'] to pass: '
[1.686s] DEBUG:colcon.colcon_core.event_reactor:joining thread
[1.689s] INFO:colcon.colcon_core.plugin_system:Skipping extension 'colcon_notification.desktop_notification.terminal_notifier': Not used on non-Darwin systems
[1.689s] INFO:colcon.colcon_core.plugin_system:Skipping extension 'colcon_notification.desktop_notification.win32': Not used on non-Windows systems
[1.689s] INFO:colcon.colcon_notification.desktop_notification:Sending desktop notification using 'notify2'
[1.696s] DEBUG:colcon.colcon_core.event_reactor:joined thread
[1.696s] INFO:colcon.colcon_core.shell:Creating prefix script '/home/steven/ros2_ws/src/robot_interface/install/local_setup.ps1'
[1.697s] INFO:colcon.colcon_core.shell:Creating prefix util module '/home/steven/ros2_ws/src/robot_interface/install/_local_setup_util_ps1.py'
[1.697s] INFO:colcon.colcon_core.shell:Creating prefix chain script '/home/steven/ros2_ws/src/robot_interface/install/setup.ps1'
[1.698s] INFO:colcon.colcon_core.shell:Creating prefix script '/home/steven/ros2_ws/src/robot_interface/install/local_setup.sh'
[1.698s] INFO:colcon.colcon_core.shell:Creating prefix util module '/home/steven/ros2_ws/src/robot_interface/install/_local_setup_util_sh.py'
[1.698s] INFO:colcon.colcon_core.shell:Creating prefix chain script '/home/steven/ros2_ws/src/robot_interface/install/setup.sh'
[1.698s] INFO:colcon.colcon_core.shell:Creating prefix script '/home/steven/ros2_ws/src/robot_interface/install/local_setup.bash'
[1.698s] INFO:colcon.colcon_core.shell:Creating prefix chain script '/home/steven/ros2_ws/src/robot_interface/install/setup.bash'
[1.699s] INFO:colcon.colcon_core.shell:Creating prefix script '/home/steven/ros2_ws/src/robot_interface/install/local_setup.zsh'
[1.699s] INFO:colcon.colcon_core.shell:Creating prefix chain script '/home/steven/ros2_ws/src/robot_interface/install/setup.zsh'
