Traceback (most recent call last):
  File "/usr/lib/python3/dist-packages/colcon_core/executor/__init__.py", line 91, in __call__
    rc = await self.task(*args, **kwargs)
  File "/usr/lib/python3/dist-packages/colcon_core/task/__init__.py", line 93, in __call__
    return await task_method(*args, **kwargs)
  File "/usr/lib/python3/dist-packages/colcon_ros/task/ament_python/build.py", line 102, in build
    return await extension.build(additional_hooks=additional_hooks)
  File "/usr/lib/python3/dist-packages/colcon_core/task/python/build.py", line 96, in build
    available_commands = await self._get_available_commands(
  File "/usr/lib/python3/dist-packages/colcon_core/task/python/build.py", line 194, in _get_available_commands
    output = await check_output(
  File "/usr/lib/python3/dist-packages/colcon_core/subprocess.py", line 129, in check_output
    assert not rc, f'Expected {args} to pass: {stderr_data}'
AssertionError: Expected ['/usr/bin/python3', '-W', 'ignore:setup.py install is deprecated', '-W', 'ignore:easy_install command is deprecated', 'setup.py', '--help-commands'] to pass: Traceback (most recent call last):
  File "/home/steven/ros2_ws/src/my_robot_socket_node/setup.py", line 1, in <module>
    from setuptools import setup
  File "/home/steven/.local/lib/python3.10/site-packages/setuptools/__init__.py", line 16, in <module>
    import setuptools.version
  File "/home/steven/.local/lib/python3.10/site-packages/setuptools/version.py", line 1, in <module>
    import pkg_resources
  File "/home/steven/.local/lib/python3.10/site-packages/pkg_resources/__init__.py", line 84, in <module>
    __import__('pkg_resources.extern.packaging.requirements')
  File "/home/steven/.local/lib/python3.10/site-packages/pkg_resources/_vendor/packaging/requirements.py", line 10, in <module>
    from pkg_resources.extern.pyparsing import (  # noqa
  File "<frozen importlib._bootstrap>", line 1027, in _find_and_load
  File "<frozen importlib._bootstrap>", line 1006, in _find_and_load_unlocked
  File "<frozen importlib._bootstrap>", line 674, in _load_unlocked
  File "<frozen importlib._bootstrap>", line 571, in module_from_spec
  File "/home/steven/.local/lib/python3.10/site-packages/pkg_resources/extern/__init__.py", line 52, in create_module
    return self.load_module(spec.name)
  File "/home/steven/.local/lib/python3.10/site-packages/pkg_resources/extern/__init__.py", line 37, in load_module
    __import__(extant)
  File "/home/steven/.local/lib/python3.10/site-packages/pkg_resources/_vendor/pyparsing/__init__.py", line 149, in <module>
    from .common import (
  File "/home/steven/.local/lib/python3.10/site-packages/pkg_resources/_vendor/pyparsing/common.py", line 8, in <module>
    class pyparsing_common:
  File "/home/steven/.local/lib/python3.10/site-packages/pkg_resources/_vendor/pyparsing/common.py", line 240, in pyparsing_common
    ipv6_address = Combine(
  File "/home/steven/.local/lib/python3.10/site-packages/pkg_resources/_vendor/pyparsing/core.py", line 5404, in __init__
    self.leave_whitespace()
  File "/home/steven/.local/lib/python3.10/site-packages/pkg_resources/_vendor/pyparsing/core.py", line 4385, in leave_whitespace
    self.expr.leave_whitespace(recursive)
  File "/home/steven/.local/lib/python3.10/site-packages/pkg_resources/_vendor/pyparsing/core.py", line 3645, in leave_whitespace
    e.leave_whitespace(recursive)
  File "/home/steven/.local/lib/python3.10/site-packages/pkg_resources/_vendor/pyparsing/core.py", line 3645, in leave_whitespace
    e.leave_whitespace(recursive)
  File "/home/steven/.local/lib/python3.10/site-packages/pkg_resources/_vendor/pyparsing/core.py", line 3645, in leave_whitespace
    e.leave_whitespace(recursive)
  File "/home/steven/.local/lib/python3.10/site-packages/pkg_resources/_vendor/pyparsing/core.py", line 4385, in leave_whitespace
    self.expr.leave_whitespace(recursive)
  File "/home/steven/.local/lib/python3.10/site-packages/pkg_resources/_vendor/pyparsing/core.py", line 3645, in leave_whitespace
    e.leave_whitespace(recursive)
  File "/home/steven/.local/lib/python3.10/site-packages/pkg_resources/_vendor/pyparsing/core.py", line 4385, in leave_whitespace
    self.expr.leave_whitespace(recursive)
  File "/home/steven/.local/lib/python3.10/site-packages/pkg_resources/_vendor/pyparsing/core.py", line 3645, in leave_whitespace
    e.leave_whitespace(recursive)
  File "/home/steven/.local/lib/python3.10/site-packages/pkg_resources/_vendor/pyparsing/core.py", line 4385, in leave_whitespace
    self.expr.leave_whitespace(recursive)
  File "/home/steven/.local/lib/python3.10/site-packages/pkg_resources/_vendor/pyparsing/core.py", line 3645, in leave_whitespace
    e.leave_whitespace(recursive)
  File "/home/steven/.local/lib/python3.10/site-packages/pkg_resources/_vendor/pyparsing/core.py", line 4385, in leave_whitespace
    self.expr.leave_whitespace(recursive)
  File "/home/steven/.local/lib/python3.10/site-packages/pkg_resources/_vendor/pyparsing/core.py", line 3643, in leave_whitespace
    self.exprs = [e.copy() for e in self.exprs]
  File "/home/steven/.local/lib/python3.10/site-packages/pkg_resources/_vendor/pyparsing/core.py", line 3643, in <listcomp>
    self.exprs = [e.copy() for e in self.exprs]
  File "/home/steven/.local/lib/python3.10/site-packages/pkg_resources/_vendor/pyparsing/core.py", line 3724, in copy
    ret.exprs = [e.copy() for e in self.exprs]
  File "/home/steven/.local/lib/python3.10/site-packages/pkg_resources/_vendor/pyparsing/core.py", line 3724, in <listcomp>
    ret.exprs = [e.copy() for e in self.exprs]
  File "/home/steven/.local/lib/python3.10/site-packages/pkg_resources/_vendor/pyparsing/core.py", line 525, in copy
    cpy.whiteChars = set(ParserElement.DEFAULT_WHITE_CHARS)
TypeError: Can't instantiate abstract class ParserElement with abstract method _generateDefaultName

