[0.007s] Invoking command in '/home/steven/ros2_ws/src/first_stage/build/first_stage_endeffector': /usr/bin/cmake --build /home/steven/ros2_ws/src/first_stage/build/first_stage_endeffector -- -j32 -l32
[0.039s] [35m[1mConsolidate compiler generated dependencies of target first_stage_endeffector[0m
[0.051s] gmake[2]: *** Ê≤íÊúâË¶èÂâáÂèØË£Ω‰ΩúÁõÆÊ®ô„Äå/usr/lib/x86_64-linux-gnu/libfreeimage.so„ÄçÔºåÁî±„Äåfirst_stage_endeffector„Äç ÈúÄÊ±Ç„ÄÇ ÂÅúÊ≠¢„ÄÇ
[0.051s] gmake[2]: *** Ê≠£Âú®Á≠âÂæÖÊú™ÂÆåÊàêÁöÑ‰ΩúÊ•≠....
[0.056s] [ 50%] [32mBuilding CXX object CMakeFiles/first_stage_endeffector.dir/src/first_stage_endeffector.cpp.o[0m
[2.979s] [01m[K/home/steven/ros2_ws/src/first_stage/src/first_stage_endeffector/src/first_stage_endeffector.cpp:15:1:[m[K [01;31m[Kerror: [m[Kversion control conflict marker in file
[2.979s]    15 | [01;31m[K<<<<<<<[m[K HEAD
[2.979s]       | [01;31m[K^~~~~~~[m[K
[2.979s] In file included from [01m[K/opt/ros/humble/include/std_msgs/std_msgs/msg/float64_multi_array.hpp:8[m[K,
[2.979s]                  from [01m[K/home/steven/ros2_ws/src/first_stage/src/first_stage_endeffector/src/first_stage_endeffector.cpp:16[m[K:
[2.979s] [01m[K/opt/ros/humble/include/std_msgs/std_msgs/msg/detail/float64_multi_array__builder.hpp:27:74:[m[K [01;31m[Kerror: [m[Kexpected ‚Äò[01m[K)[m[K‚Äô before ‚Äò[01m[K&[m[K‚Äô token
[2.979s]    27 | std_msgs::msg::Float64MultiArray[01;31m[K [m[K[32m[K&[m[K msg)
[2.979s]       |                                 [01;31m[K^[m[K[32m[K~[m[K
[2.979s]       |                                 [32m[K)[m[K
[2.979s] [01m[K/opt/ros/humble/include/std_msgs/std_msgs/msg/detail/float64_multi_array__builder.hpp:30:20:[m[K [01;31m[Kerror: [m[K‚Äò[01m[KFloat64MultiArray[m[K‚Äô in namespace ‚Äò[01m[Kstd_msgs::msg[m[K‚Äô does not name a type; did you mean ‚Äò[01m[KInt32MultiArray[m[K‚Äô?
[2.979s]    30 |   ::std_msgs::msg::[01;31m[KFloat64MultiArray[m[K data(::std_msgs::msg::Float64MultiArray::_data_type arg)
[2.979s]       |                    [01;31m[K^~~~~~~~~~~~~~~~~[m[K
[2.979s]       |                    [32m[KInt32MultiArray[m[K
[2.979s] [01m[K/opt/ros/humble/include/std_msgs/std_msgs/msg/detail/float64_multi_array__builder.hpp:37:20:[m[K [01;31m[Kerror: [m[K‚Äò[01m[KFloat64MultiArray[m[K‚Äô in namespace ‚Äò[01m[Kstd_msgs::msg[m[K‚Äô does not name a type; did you mean ‚Äò[01m[KInt32MultiArray[m[K‚Äô?
[2.979s]    37 |   ::std_msgs::msg::[01;31m[KFloat64MultiArray[m[K msg_;
[2.979s]       |                    [01;31m[K^~~~~~~~~~~~~~~~~[m[K
[2.979s]       |                    [32m[KInt32MultiArray[m[K
[2.979s] [01m[K/opt/ros/humble/include/std_msgs/std_msgs/msg/detail/float64_multi_array__builder.hpp:46:55:[m[K [01;31m[Kerror: [m[K‚Äò[01m[Kstd_msgs::msg::Float64MultiArray[m[K‚Äô has not been declared
[2.979s]    46 | ata layout(::std_msgs::msg::[01;31m[KFloat64MultiArray[m[K::_layout_type arg)
[2.979s]       |                             [01;31m[K^~~~~~~~~~~~~~~~~[m[K
[2.979s] 
[2.979s] [01m[K/opt/ros/humble/include/std_msgs/std_msgs/msg/detail/float64_multi_array__builder.hpp:46:87:[m[K [01;31m[Kerror: [m[Kexpected ‚Äò[01m[K,[m[K‚Äô or ‚Äò[01m[K...[m[K‚Äô before ‚Äò[01m[Karg[m[K‚Äô
[2.979s]    46 | g::Float64MultiArray::_layout_type [01;31m[Karg[m[K)
[2.979s]       |                                    [01;31m[K^~~[m[K
[2.979s] 
[2.979s] [01m[K/opt/ros/humble/include/std_msgs/std_msgs/msg/detail/float64_multi_array__builder.hpp:53:20:[m[K [01;31m[Kerror: [m[K‚Äò[01m[KFloat64MultiArray[m[K‚Äô in namespace ‚Äò[01m[Kstd_msgs::msg[m[K‚Äô does not name a type; did you mean ‚Äò[01m[KInt32MultiArray[m[K‚Äô?
[2.979s]    53 |   ::std_msgs::msg::[01;31m[KFloat64MultiArray[m[K msg_;
[2.979s]       |                    [01;31m[K^~~~~~~~~~~~~~~~~[m[K
[2.979s]       |                    [32m[KInt32MultiArray[m[K
[2.979s] [01m[K/opt/ros/humble/include/std_msgs/std_msgs/msg/detail/float64_multi_array__builder.hpp:[m[K In constructor ‚Äò[01m[Kstd_msgs::msg::builder::Init_Float64MultiArray_layout::Init_Float64MultiArray_layout()[m[K‚Äô:
[2.979s] [01m[K/opt/ros/humble/include/std_msgs/std_msgs/msg/detail/float64_multi_array__builder.hpp:44:5:[m[K [01;31m[Kerror: [m[Kclass ‚Äò[01m[Kstd_msgs::msg::builder::Init_Float64MultiArray_layout[m[K‚Äô does not have any field named ‚Äò[01m[Kmsg_[m[K‚Äô
[2.979s]    44 |   : [01;31m[Kmsg_[m[K(::rosidl_runtime_cpp::MessageInitialization::SKIP)
[2.979s]       |     [01;31m[K^~~~[m[K
[2.983s] [01m[K/opt/ros/humble/include/std_msgs/std_msgs/msg/detail/float64_multi_array__builder.hpp:[m[K In member function ‚Äò[01m[Kstd_msgs::msg::builder::Init_Float64MultiArray_data std_msgs::msg::builder::Init_Float64MultiArray_layout::layout(int)[m[K‚Äô:
[2.983s] [01m[K/opt/ros/humble/include/std_msgs/std_msgs/msg/detail/float64_multi_array__builder.hpp:48:5:[m[K [01;31m[Kerror: [m[K‚Äò[01m[Kmsg_[m[K‚Äô was not declared in this scope; did you mean ‚Äò[01m[Kmsg[m[K‚Äô?
[2.983s]    48 |     [01;31m[Kmsg_[m[K.layout = std::move(arg);
[2.983s]       |     [01;31m[K^~~~[m[K
[2.983s]       |     [32m[Kmsg[m[K
[2.983s] [01m[K/opt/ros/humble/include/std_msgs/std_msgs/msg/detail/float64_multi_array__builder.hpp:48:29:[m[K [01;31m[Kerror: [m[K‚Äò[01m[Karg[m[K‚Äô was not declared in this scope
[2.983s]    48 |     msg_.layout = std::move([01;31m[Karg[m[K);
[2.983s]       |                             [01;31m[K^~~[m[K
[2.984s] [01m[K/opt/ros/humble/include/std_msgs/std_msgs/msg/detail/float64_multi_array__builder.hpp:48:29:[m[K [01;36m[Knote: [m[Ksuggested alternatives:
[2.984s] In file included from [01m[K/usr/include/eigen3/Eigen/Core:50[m[K,
[2.984s]                  from [01m[K/usr/include/eigen3/Eigen/Geometry:11[m[K,
[2.984s]                  from [01m[K/opt/ros/humble/include/moveit/robot_model/joint_model.h:46[m[K,
[2.984s]                  from [01m[K/opt/ros/humble/include/moveit/robot_model/joint_model_group.h:40[m[K,
[2.984s]                  from [01m[K/opt/ros/humble/include/moveit/robot_model/robot_model.h:45[m[K,
[2.984s]                  from [01m[K/opt/ros/humble/include/moveit/robot_state/robot_state.h:40[m[K,
[2.984s]                  from [01m[K/opt/ros/humble/include/moveit/move_group_interface/move_group_interface.h:41[m[K,
[2.984s]                  from [01m[K/home/steven/ros2_ws/src/first_stage/src/first_stage_endeffector/src/first_stage_endeffector.cpp:2[m[K:
[2.984s] [01m[K/usr/include/c++/11/complex:1852:5:[m[K [01;36m[Knote: [m[K  ‚Äò[01m[Kstd::arg[m[K‚Äô
[2.984s]  1852 |     [01;36m[Karg[m[K(_Tp __x)
[2.984s]       |     [01;36m[K^~~[m[K
[2.984s] In file included from [01m[K/usr/include/boost/bind/bind.hpp:29[m[K,
[2.984s]                  from [01m[K/usr/include/boost/signals2/slot.hpp:15[m[K,
[2.984s]                  from [01m[K/usr/include/boost/signals2/connection.hpp:24[m[K,
[2.984s]                  from [01m[K/usr/include/boost/signals2/signal.hpp:22[m[K,
[2.984s]                  from [01m[K/usr/include/boost/signals2.hpp:19[m[K,
[2.984s]                  from [01m[K/opt/ros/humble/include/moveit/planning_scene_monitor/current_state_monitor.h:45[m[K,
[2.984s]                  from [01m[K/opt/ros/humble/include/moveit/planning_scene_monitor/planning_scene_monitor.h:46[m[K,
[2.984s]                  from [01m[K/opt/ros/humble/include/moveit_visual_tools/moveit_visual_tools.h:44[m[K,
[2.984s]                  from [01m[K/home/steven/ros2_ws/src/first_stage/src/first_stage_endeffector/src/first_stage_endeffector.cpp:6[m[K:
[2.984s] [01m[K/usr/include/boost/bind/arg.hpp:37:26:[m[K [01;36m[Knote: [m[K  ‚Äò[01m[Kboost::arg[m[K‚Äô
[2.984s]    37 | template< int I > struct [01;36m[Karg[m[K
[2.984s]       |                          [01;36m[K^~~[m[K
[2.984s] In file included from [01m[K/usr/include/boost/mpl/arg.hpp:23[m[K,
[2.984s]                  from [01m[K/usr/include/boost/mpl/placeholders.hpp:24[m[K,
[2.984s]                  from [01m[K/usr/include/boost/iterator/iterator_categories.hpp:16[m[K,
[2.984s]                  from [01m[K/usr/include/boost/iterator/iterator_adaptor.hpp:14[m[K,
[2.984s]                  from [01m[K/usr/include/boost/iterator/reverse_iterator.hpp:10[m[K,
[2.984s]                  from [01m[K/usr/include/boost/signals2/detail/auto_buffer.hpp:22[m[K,
[2.984s]                  from [01m[K/usr/include/boost/signals2/connection.hpp:21[m[K,
[2.984s]                  from [01m[K/usr/include/boost/signals2/signal.hpp:22[m[K,
[2.984s]                  from [01m[K/usr/include/boost/signals2.hpp:19[m[K,
[2.984s]                  from [01m[K/opt/ros/humble/include/moveit/planning_scene_monitor/current_state_monitor.h:45[m[K,
[2.984s]                  from [01m[K/opt/ros/humble/include/moveit/planning_scene_monitor/planning_scene_monitor.h:46[m[K,
[2.984s]                  from [01m[K/opt/ros/humble/include/moveit_visual_tools/moveit_visual_tools.h:44[m[K,
[2.984s]                  from [01m[K/home/steven/ros2_ws/src/first_stage/src/first_stage_endeffector/src/first_stage_endeffector.cpp:6[m[K:
[2.984s] [01m[K/usr/include/boost/mpl/arg_fwd.hpp:23:52:[m[K [01;36m[Knote: [m[K  ‚Äò[01m[Kmpl_::arg[m[K‚Äô
[2.984s]    23 | MPL_AUX_NTTP_DECL(int, N) > struct [01;36m[Karg[m[K;
[2.984s]       |                                    [01;36m[K^~~[m[K
[2.984s] 
[2.985s] In file included from [01m[K/usr/include/eigen3/Eigen/Core:380[m[K,
[2.985s]                  from [01m[K/usr/include/eigen3/Eigen/Geometry:11[m[K,
[2.985s]                  from [01m[K/opt/ros/humble/include/moveit/robot_model/joint_model.h:46[m[K,
[2.985s]                  from [01m[K/opt/ros/humble/include/moveit/robot_model/joint_model_group.h:40[m[K,
[2.985s]                  from [01m[K/opt/ros/humble/include/moveit/robot_model/robot_model.h:45[m[K,
[2.985s]                  from [01m[K/opt/ros/humble/include/moveit/robot_state/robot_state.h:40[m[K,
[2.985s]                  from [01m[K/opt/ros/humble/include/moveit/move_group_interface/move_group_interface.h:41[m[K,
[2.985s]                  from [01m[K/home/steven/ros2_ws/src/first_stage/src/first_stage_endeffector/src/first_stage_endeffector.cpp:2[m[K:
[2.985s] [01m[K/usr/include/eigen3/Eigen/src/Core/GlobalFunctions.h:88:3:[m[K [01;36m[Knote: [m[K  ‚Äò[01m[KEigen::arg[m[K‚Äô
[2.985s]    88 |   [01;36m[KEIGEN_ARRAY_DECLARE_GLOBAL_UNARY[m[K(arg,scalar_arg_op,complex argument,\sa ArrayBase::arg DOXCOMMA MatrixBase::cwiseArg)
[2.985s]       |   [01;36m[K^~~~~~~~~~~~~~~~~~~~~~~~~~~~~~~~[m[K
[2.985s] In file included from [01m[K/usr/include/boost/mpl/arg.hpp:23[m[K,
[2.985s]                  from [01m[K/usr/include/boost/mpl/placeholders.hpp:24[m[K,
[2.985s]                  from [01m[K/usr/include/boost/iterator/iterator_categories.hpp:16[m[K,
[2.985s]                  from [01m[K/usr/include/boost/iterator/iterator_adaptor.hpp:14[m[K,
[2.985s]                  from [01m[K/usr/include/boost/iterator/reverse_iterator.hpp:10[m[K,
[2.985s]                  from [01m[K/usr/include/boost/signals2/detail/auto_buffer.hpp:22[m[K,
[2.985s]                  from [01m[K/usr/include/boost/signals2/connection.hpp:21[m[K,
[2.985s]                  from [01m[K/usr/include/boost/signals2/signal.hpp:22[m[K,
[2.985s]                  from [01m[K/usr/include/boost/signals2.hpp:19[m[K,
[2.985s]                  from [01m[K/opt/ros/humble/include/moveit/planning_scene_monitor/current_state_monitor.h:45[m[K,
[2.985s]                  from [01m[K/opt/ros/humble/include/moveit/planning_scene_monitor/planning_scene_monitor.h:46[m[K,
[2.985s]                  from [01m[K/opt/ros/humble/include/moveit_visual_tools/moveit_visual_tools.h:44[m[K,
[2.985s]                  from [01m[K/home/steven/ros2_ws/src/first_stage/src/first_stage_endeffector/src/first_stage_endeffector.cpp:6[m[K:
[2.985s] [01m[K/usr/include/boost/mpl/arg_fwd.hpp:23:52:[m[K [01;36m[Knote: [m[K  ‚Äò[01m[Kmpl_::arg[m[K‚Äô
[2.985s]    23 | MPL_AUX_NTTP_DECL(int, N) > struct [01;36m[Karg[m[K;
[2.985s]       |                                    [01;36m[K^~~[m[K
[2.985s] 
[2.985s] In file included from [01m[K/usr/include/eigen3/Eigen/Core:171[m[K,
[2.985s]                  from [01m[K/usr/include/eigen3/Eigen/Geometry:11[m[K,
[2.985s]                  from [01m[K/opt/ros/humble/include/moveit/robot_model/joint_model.h:46[m[K,
[2.985s]                  from [01m[K/opt/ros/humble/include/moveit/robot_model/joint_model_group.h:40[m[K,
[2.985s]                  from [01m[K/opt/ros/humble/include/moveit/robot_model/robot_model.h:45[m[K,
[2.985s]                  from [01m[K/opt/ros/humble/include/moveit/robot_state/robot_state.h:40[m[K,
[2.985s]                  from [01m[K/opt/ros/humble/include/moveit/move_group_interface/move_group_interface.h:41[m[K,
[2.985s]                  from [01m[K/home/steven/ros2_ws/src/first_stage/src/first_stage_endeffector/src/first_stage_endeffector.cpp:2[m[K:
[2.985s] [01m[K/usr/include/eigen3/Eigen/src/Core/MathFunctions.h:1258:43:[m[K [01;36m[Knote: [m[K  ‚Äò[01m[KEigen::numext::arg[m[K‚Äô
[2.985s]  1258 | ATHFUNC_RETVAL(arg, Scalar) [01;36m[Karg[m[K(const Scalar& x)
[2.985s]       |                             [01;36m[K^~~[m[K
[2.985s] 
[2.985s] In file included from [01m[K/opt/ros/humble/include/std_msgs/std_msgs/msg/float64_multi_array.hpp:8[m[K,
[2.985s]                  from [01m[K/home/steven/ros2_ws/src/first_stage/src/first_stage_endeffector/src/first_stage_endeffector.cpp:16[m[K:
[2.985s] [01m[K/opt/ros/humble/include/std_msgs/std_msgs/msg/detail/float64_multi_array__builder.hpp:[m[K At global scope:
[2.985s] [01m[K/opt/ros/humble/include/std_msgs/std_msgs/msg/detail/float64_multi_array__builder.hpp:65:29:[m[K [01;31m[Kerror: [m[K‚Äò[01m[KFloat64MultiArray[m[K‚Äô is not a member of ‚Äò[01m[Kstd_msgs::msg[m[K‚Äô; did you mean ‚Äò[01m[KInt32MultiArray[m[K‚Äô?
[2.985s]    65 | auto build<::std_msgs::msg::[01;31m[KFloat64MultiArray[m[K>()
[2.985s]       |                             [01;31m[K^~~~~~~~~~~~~~~~~[m[K
[2.985s]       |                             [32m[KInt32MultiArray[m[K
[2.985s] [01m[K/opt/ros/humble/include/std_msgs/std_msgs/msg/detail/float64_multi_array__builder.hpp:65:6:[m[K [01;31m[Kerror: [m[Ktemplate-id ‚Äò[01m[Kbuild<<expression error> >[m[K‚Äô for ‚Äò[01m[Kauto std_msgs::build()[m[K‚Äô does not match any template declaration
[2.985s]    65 | auto [01;31m[Kbuild<::std_msgs::msg::Float64MultiArray>[m[K()
[2.985s]       |      [01;31m[K^~~~~~~~~~~~~~~~~~~~~~~~~~~~~~~~~~~~~~~~~[m[K
[2.985s] In file included from [01m[K/opt/ros/humble/include/std_msgs/std_msgs/msg/color_rgba.hpp:8[m[K,
[2.985s]                  from [01m[K/opt/ros/humble/include/moveit/robot_state/robot_state.h:45[m[K,
[2.985s]                  from [01m[K/opt/ros/humble/include/moveit/move_group_interface/move_group_interface.h:41[m[K,
[2.985s]                  from [01m[K/home/steven/ros2_ws/src/first_stage/src/first_stage_endeffector/src/first_stage_endeffector.cpp:2[m[K:
[2.985s] [01m[K/opt/ros/humble/include/std_msgs/std_msgs/msg/detail/color_rgba__builder.hpp:93:6:[m[K [01;36m[Knote: [m[Kcandidate is: ‚Äò[01m[Ktemplate<class MessageType> auto std_msgs::build()[m[K‚Äô
[2.985s]    93 | auto [01;36m[Kbuild[m[K();
[2.985s]       |      [01;36m[K^~~~~[m[K
[2.987s] In file included from [01m[K/opt/ros/humble/include/std_msgs/std_msgs/msg/float64_multi_array.hpp:9[m[K,
[2.987s]                  from [01m[K/home/steven/ros2_ws/src/first_stage/src/first_stage_endeffector/src/first_stage_endeffector.cpp:16[m[K:
[2.987s] [01m[K/opt/ros/humble/include/std_msgs/std_msgs/msg/detail/float64_multi_array__traits.hpp:28:9:[m[K [01;31m[Kerror: [m[K‚Äò[01m[KFloat64MultiArray[m[K‚Äô does not name a type; did you mean ‚Äò[01m[KInt32MultiArray[m[K‚Äô?
[2.987s]    28 |   const [01;31m[KFloat64MultiArray[m[K & msg,
[2.987s]       |         [01;31m[K^~~~~~~~~~~~~~~~~[m[K
[2.987s]       |         [32m[KInt32MultiArray[m[K
[2.987s] [01m[K/opt/ros/humble/include/std_msgs/std_msgs/msg/detail/float64_multi_array__traits.hpp:[m[K In function ‚Äò[01m[Kvoid std_msgs::msg::to_flow_style_yaml(const int&, std::ostream&)[m[K‚Äô:
[2.987s] [01m[K/opt/ros/humble/include/std_msgs/std_msgs/msg/detail/float64_multi_array__traits.hpp:35:28:[m[K [01;31m[Kerror: [m[Krequest for member ‚Äò[01m[Klayout[m[K‚Äô in ‚Äò[01m[Kmsg[m[K‚Äô, which is of non-class type ‚Äò[01m[Kconst int[m[K‚Äô
[2.987s]    35 |     to_flow_style_yaml(msg.[01;31m[Klayout[m[K, out);
[2.987s]       |                            [01;31m[K^~~~~~[m[K
[2.987s] [01m[K/opt/ros/humble/include/std_msgs/std_msgs/msg/detail/float64_multi_array__traits.hpp:41:13:[m[K [01;31m[Kerror: [m[Krequest for member ‚Äò[01m[Kdata[m[K‚Äô in ‚Äò[01m[Kmsg[m[K‚Äô, which is of non-class type ‚Äò[01m[Kconst int[m[K‚Äô
[2.987s]    41 |     if (msg.[01;31m[Kdata[m[K.size() == 0) {
[2.987s]       |             [01;31m[K^~~~[m[K
[2.987s] [01m[K/opt/ros/humble/include/std_msgs/std_msgs/msg/detail/float64_multi_array__traits.hpp:45:34:[m[K [01;31m[Kerror: [m[Krequest for member ‚Äò[01m[Kdata[m[K‚Äô in ‚Äò[01m[Kmsg[m[K‚Äô, which is of non-class type ‚Äò[01m[Kconst int[m[K‚Äô
[2.987s]    45 |  size_t pending_items = msg.[01;31m[Kdata[m[K.size();
[2.987s]       |                             [01;31m[K^~~~[m[K
[2.987s] 
[2.987s] [01m[K/opt/ros/humble/include/std_msgs/std_msgs/msg/detail/float64_multi_array__traits.hpp:46:28:[m[K [01;31m[Kerror: [m[Krequest for member ‚Äò[01m[Kdata[m[K‚Äô in ‚Äò[01m[Kmsg[m[K‚Äô, which is of non-class type ‚Äò[01m[Kconst int[m[K‚Äô
[2.987s]    46 |       for (auto item : msg.[01;31m[Kdata[m[K) {
[2.987s]       |                            [01;31m[K^~~~[m[K
[2.991s] [01m[K/opt/ros/humble/include/std_msgs/std_msgs/msg/detail/float64_multi_array__traits.hpp:[m[K At global scope:
[2.991s] [01m[K/opt/ros/humble/include/std_msgs/std_msgs/msg/detail/float64_multi_array__traits.hpp:59:9:[m[K [01;31m[Kerror: [m[K‚Äò[01m[KFloat64MultiArray[m[K‚Äô does not name a type; did you mean ‚Äò[01m[KInt32MultiArray[m[K‚Äô?
[2.991s]    59 |   const [01;31m[KFloat64MultiArray[m[K & msg,
[2.991s]       |         [01;31m[K^~~~~~~~~~~~~~~~~[m[K
[2.991s]       |         [32m[KInt32MultiArray[m[K
[2.991s] [01m[K/opt/ros/humble/include/std_msgs/std_msgs/msg/detail/float64_multi_array__traits.hpp:[m[K In function ‚Äò[01m[Kvoid std_msgs::msg::to_block_style_yaml(const int&, std::ostream&, size_t)[m[K‚Äô:
[2.991s] [01m[K/opt/ros/humble/include/std_msgs/std_msgs/msg/detail/float64_multi_array__traits.hpp:68:29:[m[K [01;31m[Kerror: [m[Krequest for member ‚Äò[01m[Klayout[m[K‚Äô in ‚Äò[01m[Kmsg[m[K‚Äô, which is of non-class type ‚Äò[01m[Kconst int[m[K‚Äô
[2.991s]    68 |     to_block_style_yaml(msg.[01;31m[Klayout[m[K, out, indentation + 2);
[2.991s]       |                             [01;31m[K^~~~~~[m[K
[2.991s] [01m[K/opt/ros/humble/include/std_msgs/std_msgs/msg/detail/float64_multi_array__traits.hpp:76:13:[m[K [01;31m[Kerror: [m[Krequest for member ‚Äò[01m[Kdata[m[K‚Äô in ‚Äò[01m[Kmsg[m[K‚Äô, which is of non-class type ‚Äò[01m[Kconst int[m[K‚Äô
[2.991s]    76 |     if (msg.[01;31m[Kdata[m[K.size() == 0) {
[2.991s]       |             [01;31m[K^~~~[m[K
[2.991s] [01m[K/opt/ros/humble/include/std_msgs/std_msgs/msg/detail/float64_multi_array__traits.hpp:80:28:[m[K [01;31m[Kerror: [m[Krequest for member ‚Äò[01m[Kdata[m[K‚Äô in ‚Äò[01m[Kmsg[m[K‚Äô, which is of non-class type ‚Äò[01m[Kconst int[m[K‚Äô
[2.991s]    80 |       for (auto item : msg.[01;31m[Kdata[m[K) {
[2.991s]       |                            [01;31m[K^~~~[m[K
[2.995s] [01m[K/opt/ros/humble/include/std_msgs/std_msgs/msg/detail/float64_multi_array__traits.hpp:[m[K At global scope:
[2.995s] [01m[K/opt/ros/humble/include/std_msgs/std_msgs/msg/detail/float64_multi_array__traits.hpp:92:34:[m[K [01;31m[Kerror: [m[K‚Äò[01m[KFloat64MultiArray[m[K‚Äô does not name a type; did you mean ‚Äò[01m[KInt32MultiArray[m[K‚Äô?
[2.995s]    92 | e std::string to_yaml(const [01;31m[KFloat64MultiArray[m[K & msg, bool use_flow_style = false)
[2.995s]       |                             [01;31m[K^~~~~~~~~~~~~~~~~[m[K
[2.995s]       |                             [32m[KInt32MultiArray[m[K
[2.995s] [01m[K/opt/ros/humble/include/std_msgs/std_msgs/msg/detail/float64_multi_array__traits.hpp:112:24:[m[K [01;31m[Kerror: [m[K‚Äò[01m[KFloat64MultiArray[m[K‚Äô in namespace ‚Äò[01m[Kstd_msgs::msg[m[K‚Äô does not name a type; did you mean ‚Äò[01m[KInt32MultiArray[m[K‚Äô?
[2.995s]   112 |   const std_msgs::msg::[01;31m[KFloat64MultiArray[m[K & msg,
[2.995s]       |                        [01;31m[K^~~~~~~~~~~~~~~~~[m[K
[2.995s]       |                        [32m[KInt32MultiArray[m[K
[2.996s] [01m[K/opt/ros/humble/include/std_msgs/std_msgs/msg/detail/float64_multi_array__traits.hpp:119:49:[m[K [01;31m[Kerror: [m[K‚Äò[01m[KFloat64MultiArray[m[K‚Äô in namespace ‚Äò[01m[Kstd_msgs::msg[m[K‚Äô does not name a type; did you mean ‚Äò[01m[KInt32MultiArray[m[K‚Äô?
[2.996s]   119 | o_yaml(const std_msgs::msg::[01;31m[KFloat64MultiArray[m[K & msg)
[2.996s]       |                             [01;31m[K^~~~~~~~~~~~~~~~~[m[K
[2.996s]       |                             [32m[KInt32MultiArray[m[K
[2.996s] [01m[K/opt/ros/humble/include/std_msgs/std_msgs/msg/detail/float64_multi_array__traits.hpp:125:46:[m[K [01;31m[Kerror: [m[K‚Äò[01m[KFloat64MultiArray[m[K‚Äô is not a member of ‚Äò[01m[Kstd_msgs::msg[m[K‚Äô; did you mean ‚Äò[01m[KInt32MultiArray[m[K‚Äô?
[2.996s]   125 |  * data_type<std_msgs::msg::[01;31m[KFloat64MultiArray[m[K>()
[2.996s]       |                             [01;31m[K^~~~~~~~~~~~~~~~~[m[K
[2.996s]       |                             [32m[KInt32MultiArray[m[K
[2.996s] [01m[K/opt/ros/humble/include/std_msgs/std_msgs/msg/detail/float64_multi_array__traits.hpp:125:21:[m[K [01;31m[Kerror: [m[Ktemplate-id ‚Äò[01m[Kdata_type<<expression error> >[m[K‚Äô for ‚Äò[01m[Kconst char* rosidl_generator_traits::data_type()[m[K‚Äô does not match any template declaration
[2.996s]   125 | inline const char * [01;31m[Kdata_type<std_msgs::msg::Float64MultiArray>[m[K()
[2.996s]       |                     [01;31m[K^~~~~~~~~~~~~~~~~~~~~~~~~~~~~~~~~~~~~~~~~~~[m[K
[2.996s] In file included from [01m[K/opt/ros/humble/include/builtin_interfaces/builtin_interfaces/msg/detail/duration__traits.hpp:15[m[K,
[2.996s]                  from [01m[K/opt/ros/humble/include/builtin_interfaces/builtin_interfaces/msg/duration.hpp:9[m[K,
[2.996s]                  from [01m[K/opt/ros/humble/include/rclcpp/rclcpp/duration.hpp:20[m[K,
[2.996s]                  from [01m[K/opt/ros/humble/include/rclcpp/rclcpp/qos.hpp:20[m[K,
[2.996s]                  from [01m[K/opt/ros/humble/include/rclcpp/rclcpp/node_interfaces/node_graph_interface.hpp:32[m[K,
[2.996s]                  from [01m[K/opt/ros/humble/include/rclcpp/rclcpp/client.hpp:42[m[K,
[2.996s]                  from [01m[K/opt/ros/humble/include/rclcpp/rclcpp/callback_group.hpp:24[m[K,
[2.996s]                  from [01m[K/opt/ros/humble/include/rclcpp/rclcpp/any_executable.hpp:20[m[K,
[2.996s]                  from [01m[K/opt/ros/humble/include/rclcpp/rclcpp/memory_strategy.hpp:25[m[K,
[2.996s]                  from [01m[K/opt/ros/humble/include/rclcpp/rclcpp/memory_strategies.hpp:18[m[K,
[2.996s]                  from [01m[K/opt/ros/humble/include/rclcpp/rclcpp/executor_options.hpp:20[m[K,
[2.996s]                  from [01m[K/opt/ros/humble/include/rclcpp/rclcpp/executor.hpp:37[m[K,
[2.996s]                  from [01m[K/opt/ros/humble/include/rclcpp/rclcpp/executors/multi_threaded_executor.hpp:25[m[K,
[2.996s]                  from [01m[K/opt/ros/humble/include/rclcpp/rclcpp/executors.hpp:21[m[K,
[2.996s]                  from [01m[K/opt/ros/humble/include/rclcpp/rclcpp/rclcpp.hpp:155[m[K,
[2.996s]                  from [01m[K/home/steven/ros2_ws/src/first_stage/src/first_stage_endeffector/src/first_stage_endeffector.cpp:1[m[K:
[2.996s] [01m[K/opt/ros/humble/include/rosidl_runtime_cpp/rosidl_runtime_cpp/traits.hpp:152:21:[m[K [01;36m[Knote: [m[Kcandidate is: ‚Äò[01m[Ktemplate<class T> const char* rosidl_generator_traits::data_type()[m[K‚Äô
[2.996s]   152 | inline const char * [01;36m[Kdata_type[m[K();
[2.996s]       |                     [01;36m[K^~~~~~~~~[m[K
[2.996s] In file included from [01m[K/opt/ros/humble/include/std_msgs/std_msgs/msg/float64_multi_array.hpp:9[m[K,
[2.996s]                  from [01m[K/home/steven/ros2_ws/src/first_stage/src/first_stage_endeffector/src/first_stage_endeffector.cpp:16[m[K:
[2.996s] [01m[K/opt/ros/humble/include/std_msgs/std_msgs/msg/detail/float64_multi_array__traits.hpp:131:41:[m[K [01;31m[Kerror: [m[K‚Äò[01m[KFloat64MultiArray[m[K‚Äô is not a member of ‚Äò[01m[Kstd_msgs::msg[m[K‚Äô; did you mean ‚Äò[01m[KInt32MultiArray[m[K‚Äô?
[2.996s]   131 |  char * name<std_msgs::msg::[01;31m[KFloat64MultiArray[m[K>()
[2.996s]       |                             [01;31m[K^~~~~~~~~~~~~~~~~[m[K
[2.996s]       |                             [32m[KInt32MultiArray[m[K
[2.996s] [01m[K/opt/ros/humble/include/std_msgs/std_msgs/msg/detail/float64_multi_array__traits.hpp:131:21:[m[K [01;31m[Kerror: [m[Ktemplate-id ‚Äò[01m[Kname<<expression error> >[m[K‚Äô for ‚Äò[01m[Kconst char* rosidl_generator_traits::name()[m[K‚Äô does not match any template declaration
[2.996s]   131 | inline const char * [01;31m[Kname<std_msgs::msg::Float64MultiArray>[m[K()
[2.996s]       |                     [01;31m[K^~~~~~~~~~~~~~~~~~~~~~~~~~~~~~~~~~~~~~[m[K
[2.996s] In file included from [01m[K/opt/ros/humble/include/builtin_interfaces/builtin_interfaces/msg/detail/duration__traits.hpp:15[m[K,
[2.996s]                  from [01m[K/opt/ros/humble/include/builtin_interfaces/builtin_interfaces/msg/duration.hpp:9[m[K,
[2.996s]                  from [01m[K/opt/ros/humble/include/rclcpp/rclcpp/duration.hpp:20[m[K,
[2.996s]                  from [01m[K/opt/ros/humble/include/rclcpp/rclcpp/qos.hpp:20[m[K,
[2.996s]                  from [01m[K/opt/ros/humble/include/rclcpp/rclcpp/node_interfaces/node_graph_interface.hpp:32[m[K,
[2.996s]                  from [01m[K/opt/ros/humble/include/rclcpp/rclcpp/client.hpp:42[m[K,
[2.996s]                  from [01m[K/opt/ros/humble/include/rclcpp/rclcpp/callback_group.hpp:24[m[K,
[2.996s]                  from [01m[K/opt/ros/humble/include/rclcpp/rclcpp/any_executable.hpp:20[m[K,
[2.996s]                  from [01m[K/opt/ros/humble/include/rclcpp/rclcpp/memory_strategy.hpp:25[m[K,
[2.997s]                  from [01m[K/opt/ros/humble/include/rclcpp/rclcpp/memory_strategies.hpp:18[m[K,
[2.997s]                  from [01m[K/opt/ros/humble/include/rclcpp/rclcpp/executor_options.hpp:20[m[K,
[2.997s]                  from [01m[K/opt/ros/humble/include/rclcpp/rclcpp/executor.hpp:37[m[K,
[2.997s]                  from [01m[K/opt/ros/humble/include/rclcpp/rclcpp/executors/multi_threaded_executor.hpp:25[m[K,
[2.997s]                  from [01m[K/opt/ros/humble/include/rclcpp/rclcpp/executors.hpp:21[m[K,
[2.997s]                  from [01m[K/opt/ros/humble/include/rclcpp/rclcpp/rclcpp.hpp:155[m[K,
[2.997s]                  from [01m[K/home/steven/ros2_ws/src/first_stage/src/first_stage_endeffector/src/first_stage_endeffector.cpp:1[m[K:
[2.997s] [01m[K/opt/ros/humble/include/rosidl_runtime_cpp/rosidl_runtime_cpp/traits.hpp:155:21:[m[K [01;36m[Knote: [m[Kcandidate is: ‚Äò[01m[Ktemplate<class T> const char* rosidl_generator_traits::name()[m[K‚Äô
[2.997s]   155 | inline const char * [01;36m[Kname[m[K();
[2.997s]       |                     [01;36m[K^~~~[m[K
[2.997s] In file included from [01m[K/opt/ros/humble/include/std_msgs/std_msgs/msg/float64_multi_array.hpp:9[m[K,
[2.997s]                  from [01m[K/home/steven/ros2_ws/src/first_stage/src/first_stage_endeffector/src/first_stage_endeffector.cpp:16[m[K:
[2.997s] [01m[K/opt/ros/humble/include/std_msgs/std_msgs/msg/detail/float64_multi_array__traits.hpp:137:38:[m[K [01;31m[Kerror: [m[K‚Äò[01m[KFloat64MultiArray[m[K‚Äô is not a member of ‚Äò[01m[Kstd_msgs::msg[m[K‚Äô; did you mean ‚Äò[01m[KInt32MultiArray[m[K‚Äô?
[2.997s]   137 | s_fixed_size<std_msgs::msg::[01;31m[KFloat64MultiArray[m[K>
[2.997s]       |                             [01;31m[K^~~~~~~~~~~~~~~~~[m[K
[2.997s]       |                             [32m[KInt32MultiArray[m[K
[2.997s] [01m[K/opt/ros/humble/include/std_msgs/std_msgs/msg/detail/float64_multi_array__traits.hpp:137:55:[m[K [01;31m[Kerror: [m[Ktemplate argument 1 is invalid
[2.997s]   137 | _size<std_msgs::msg::Float64MultiArray[01;31m[K>[m[K
[2.997s]       |                                       [01;31m[K^[m[K
[2.997s] 
[2.997s] [01m[K/opt/ros/humble/include/std_msgs/std_msgs/msg/detail/float64_multi_array__traits.hpp:141:40:[m[K [01;31m[Kerror: [m[K‚Äò[01m[KFloat64MultiArray[m[K‚Äô is not a member of ‚Äò[01m[Kstd_msgs::msg[m[K‚Äô; did you mean ‚Äò[01m[KInt32MultiArray[m[K‚Äô?
[2.997s]   141 | bounded_size<std_msgs::msg::[01;31m[KFloat64MultiArray[m[K>
[2.997s]       |                             [01;31m[K^~~~~~~~~~~~~~~~~[m[K
[2.997s]       |                             [32m[KInt32MultiArray[m[K
[2.997s] [01m[K/opt/ros/humble/include/std_msgs/std_msgs/msg/detail/float64_multi_array__traits.hpp:141:57:[m[K [01;31m[Kerror: [m[Ktemplate argument 1 is invalid
[2.997s]   141 | _size<std_msgs::msg::Float64MultiArray[01;31m[K>[m[K
[2.997s]       |                                       [01;31m[K^[m[K
[2.997s] 
[2.997s] [01m[K/opt/ros/humble/include/std_msgs/std_msgs/msg/detail/float64_multi_array__traits.hpp:145:34:[m[K [01;31m[Kerror: [m[K‚Äò[01m[KFloat64MultiArray[m[K‚Äô is not a member of ‚Äò[01m[Kstd_msgs::msg[m[K‚Äô; did you mean ‚Äò[01m[KInt32MultiArray[m[K‚Äô?
[2.997s]   145 | t is_message<std_msgs::msg::[01;31m[KFloat64MultiArray[m[K>
[2.997s]       |                             [01;31m[K^~~~~~~~~~~~~~~~~[m[K
[2.997s]       |                             [32m[KInt32MultiArray[m[K
[2.997s] [01m[K/opt/ros/humble/include/std_msgs/std_msgs/msg/detail/float64_multi_array__traits.hpp:145:51:[m[K [01;31m[Kerror: [m[Ktemplate argument 1 is invalid
[2.997s]   145 | ssage<std_msgs::msg::Float64MultiArray[01;31m[K>[m[K
[2.997s]       |                                       [01;31m[K^[m[K
[2.997s] 
[3.056s] [01m[K/home/steven/ros2_ws/src/first_stage/src/first_stage_endeffector/src/first_stage_endeffector.cpp:97:39:[m[K [01;31m[Kerror: [m[K‚Äò[01m[KFloat64MultiArray[m[K‚Äô is not a member of ‚Äò[01m[Kstd_msgs::msg[m[K‚Äô; did you mean ‚Äò[01m[KInt32MultiArray[m[K‚Äô?
[3.056s]    97 | Subscription<std_msgs::msg::[01;31m[KFloat64MultiArray[m[K>::SharedPtr force_subscription_;
[3.056s]       |                             [01;31m[K^~~~~~~~~~~~~~~~~[m[K
[3.056s]       |                             [32m[KInt32MultiArray[m[K
[3.056s] [01m[K/home/steven/ros2_ws/src/first_stage/src/first_stage_endeffector/src/first_stage_endeffector.cpp:97:56:[m[K [01;31m[Kerror: [m[Ktemplate argument 1 is invalid
[3.056s]    97 | msgs::msg::Float64MultiArray[01;31m[K>[m[K::SharedPtr force_subscription_;
[3.056s]       |                             [01;31m[K^[m[K
[3.056s] 
[3.056s] [01m[K/home/steven/ros2_ws/src/first_stage/src/first_stage_endeffector/src/first_stage_endeffector.cpp:97:56:[m[K [01;31m[Kerror: [m[Ktemplate argument 3 is invalid
[3.056s] [01m[K/home/steven/ros2_ws/src/first_stage/src/first_stage_endeffector/src/first_stage_endeffector.cpp:97:56:[m[K [01;31m[Kerror: [m[Ktemplate argument 4 is invalid
[3.056s] [01m[K/home/steven/ros2_ws/src/first_stage/src/first_stage_endeffector/src/first_stage_endeffector.cpp:97:56:[m[K [01;31m[Kerror: [m[Ktemplate argument 5 is invalid
[3.056s] [01m[K/home/steven/ros2_ws/src/first_stage/src/first_stage_endeffector/src/first_stage_endeffector.cpp:97:59:[m[K [01;31m[Kerror: [m[Kexpected ‚Äò[01m[K;[m[K‚Äô at end of member declaration
[3.056s]    97 | s::msg::Float64MultiArray>::[01;31m[KSharedPtr[m[K force_subscription_;
[3.056s]       |                             [01;31m[K^~~~~~~~~[m[K
[3.056s]       |                                      [32m[K;[m[K
[3.060s] [01m[K/home/steven/ros2_ws/src/first_stage/src/first_stage_endeffector/src/first_stage_endeffector.cpp:97:69:[m[K [01;31m[Kerror: [m[K‚Äò[01m[Kforce_subscription_[m[K‚Äô does not name a type; did you mean ‚Äò[01m[Krcl_subscription_t[m[K‚Äô?
[3.060s]    97 | oat64MultiArray>::SharedPtr [01;31m[Kforce_subscription_[m[K;
[3.060s]       |                             [01;31m[K^~~~~~~~~~~~~~~~~~~[m[K
[3.060s]       |                             [32m[Krcl_subscription_t[m[K
[3.063s] [01m[K/home/steven/ros2_ws/src/first_stage/src/first_stage_endeffector/src/first_stage_endeffector.cpp:340:43:[m[K [01;31m[Kerror: [m[K‚Äò[01m[KFloat64MultiArray[m[K‚Äô in namespace ‚Äò[01m[Kstd_msgs::msg[m[K‚Äô does not name a type; did you mean ‚Äò[01m[KInt32MultiArray[m[K‚Äô?
[3.063s]   340 | llback(const std_msgs::msg::[01;31m[KFloat64MultiArray[m[K::SharedPtr msg) {
[3.063s]       |                             [01;31m[K^~~~~~~~~~~~~~~~~[m[K
[3.063s]       |                             [32m[KInt32MultiArray[m[K
[3.063s] [01m[K/home/steven/ros2_ws/src/first_stage/src/first_stage_endeffector/src/first_stage_endeffector.cpp:340:72:[m[K [01;31m[Kerror: [m[Kexpected unqualified-id before ‚Äò[01m[Kmsg[m[K‚Äô
[3.064s]   340 | sg::Float64MultiArray::SharedPtr [01;31m[Kmsg[m[K) {
[3.064s]       |                                  [01;31m[K^~~[m[K
[3.064s] 
[3.064s] [01m[K/home/steven/ros2_ws/src/first_stage/src/first_stage_endeffector/src/first_stage_endeffector.cpp:340:71:[m[K [01;31m[Kerror: [m[Kexpected ‚Äò[01m[K)[m[K‚Äô before ‚Äò[01m[Kmsg[m[K‚Äô
[3.064s]   340 | sg::Float64MultiArray::SharedPtr[01;31m[K [m[K[32m[Kmsg[m[K) {
[3.064s]       |                                 [01;31m[K^[m[K[32m[K~~~[m[K
[3.064s]       |                                 [32m[K)[m[K
[3.064s] [01m[K/home/steven/ros2_ws/src/first_stage/src/first_stage_endeffector/src/first_stage_endeffector.cpp:340:62:[m[K [01;31m[Kerror: [m[Kexpected ‚Äò[01m[K;[m[K‚Äô at end of member declaration
[3.064s]   340 | gs::msg::Float64MultiArray::[01;31m[KSharedPtr[m[K msg) {
[3.064s]       |                             [01;31m[K^~~~~~~~~[m[K
[3.064s]       |                                      [32m[K;[m[K
[3.064s] [01m[K/home/steven/ros2_ws/src/first_stage/src/first_stage_endeffector/src/first_stage_endeffector.cpp:340:72:[m[K [01;31m[Kerror: [m[K‚Äò[01m[Kmsg[m[K‚Äô does not name a type
[3.064s]   340 | sg::Float64MultiArray::SharedPtr [01;31m[Kmsg[m[K) {
[3.065s]       |                                  [01;31m[K^~~[m[K
[3.065s] 
[3.082s] [01m[K/home/steven/ros2_ws/src/first_stage/src/first_stage_endeffector/src/first_stage_endeffector.cpp:[m[K In constructor ‚Äò[01m[KRobotController::RobotController()[m[K‚Äô:
[3.082s] [01m[K/home/steven/ros2_ws/src/first_stage/src/first_stage_endeffector/src/first_stage_endeffector.cpp:37:5:[m[K [01;31m[Kerror: [m[K‚Äò[01m[Kforce_subscription_[m[K‚Äô was not declared in this scope; did you mean ‚Äò[01m[Krcl_subscription_t[m[K‚Äô?
[3.082s]    37 |     [01;31m[Kforce_subscription_[m[K = this->create_subscription<std_msgs::msg::Float64MultiArray>(
[3.082s]       |     [01;31m[K^~~~~~~~~~~~~~~~~~~[m[K
[3.082s]       |     [32m[Krcl_subscription_t[m[K
[3.082s] [01m[K/home/steven/ros2_ws/src/first_stage/src/first_stage_endeffector/src/first_stage_endeffector.cpp:37:68:[m[K [01;31m[Kerror: [m[K‚Äò[01m[KFloat64MultiArray[m[K‚Äô is not a member of ‚Äò[01m[Kstd_msgs::msg[m[K‚Äô; did you mean ‚Äò[01m[KInt32MultiArray[m[K‚Äô?
[3.082s]    37 | subscription<std_msgs::msg::[01;31m[KFloat64MultiArray[m[K>(
[3.082s]       |                             [01;31m[K^~~~~~~~~~~~~~~~~[m[K
[3.082s]       |                             [32m[KInt32MultiArray[m[K
[3.082s] [01m[K/home/steven/ros2_ws/src/first_stage/src/first_stage_endeffector/src/first_stage_endeffector.cpp:37:86:[m[K [01;31m[Kerror: [m[Kno matching function for call to ‚Äò[01m[KRobotController::create_subscription<<expression error> >(const char [13], int, std::_Bind_helper<false, void (RobotController::*)(...), RobotController*, const std::_Placeholder<1>&>::type)[m[K‚Äô
[3.082s]    37 | [01;31m[Ktion<std_msgs::msg::Float64MultiArray>([m[K
[3.082s]       | [01;31m[K~~~~~~~~~~~~~~~~~~~~~~~~~~~~~~~~~~~~~~^[m[K
[3.082s] 
[3.083s]    38 | 
[3.083s]       |                                        
[3.083s] 
[3.083s]    39 | [01;31m[Kck, this, std::placeholders::_1))[m[K;
[3.083s]       | [01;31m[K~~~~~~~~~~~~~~~~~~~~~~~~~~~~~~~~~[m[K      
[3.083s] 
[3.083s] In file included from [01m[K/opt/ros/humble/include/rclcpp/rclcpp/node.hpp:1321[m[K,
[3.083s]                  from [01m[K/opt/ros/humble/include/rclcpp/rclcpp/executors/single_threaded_executor.hpp:28[m[K,
[3.083s]                  from [01m[K/opt/ros/humble/include/rclcpp/rclcpp/executors.hpp:22[m[K,
[3.083s]                  from [01m[K/opt/ros/humble/include/rclcpp/rclcpp/rclcpp.hpp:155[m[K,
[3.083s]                  from [01m[K/home/steven/ros2_ws/src/first_stage/src/first_stage_endeffector/src/first_stage_endeffector.cpp:1[m[K:
[3.083s] [01m[K/opt/ros/humble/include/rclcpp/rclcpp/node_impl.hpp:92:1:[m[K [01;36m[Knote: [m[Kcandidate: ‚Äò[01m[Ktemplate<class MessageT, class CallbackT, class AllocatorT, class SubscriptionT, class MessageMemoryStrategyT> std::shared_ptr<ROSMessageT> rclcpp::Node::create_subscription(const string&, const rclcpp::QoS&, CallbackT&&, const rclcpp::SubscriptionOptionsWithAllocator<AllocatorT>&, typename MessageMemoryStrategyT::SharedPtr)[m[K‚Äô
[3.083s]    92 | [01;36m[KNode[m[K::create_subscription(
[3.083s]       | [01;36m[K^~~~[m[K
[3.083s] [01m[K/opt/ros/humble/include/rclcpp/rclcpp/node_impl.hpp:92:1:[m[K [01;36m[Knote: [m[K  template argument deduction/substitution failed:
[3.083s] [01m[K/home/steven/ros2_ws/src/first_stage/src/first_stage_endeffector/src/first_stage_endeffector.cpp:37:86:[m[K [01;31m[Kerror: [m[Ktemplate argument 1 is invalid
[3.083s]    37 | [01;31m[Ktion<std_msgs::msg::Float64MultiArray>([m[K
[3.083s]       | [01;31m[K~~~~~~~~~~~~~~~~~~~~~~~~~~~~~~~~~~~~~~^[m[K
[3.083s] 
[3.083s]    38 | 
[3.083s]       |                                        
[3.083s] 
[3.083s]    39 | [01;31m[Kck, this, std::placeholders::_1))[m[K;
[3.083s]       | [01;31m[K~~~~~~~~~~~~~~~~~~~~~~~~~~~~~~~~~[m[K      
[3.083s] 
[3.109s] [01m[K/home/steven/ros2_ws/src/first_stage/src/first_stage_endeffector/src/first_stage_endeffector.cpp:[m[K At global scope:
[3.109s] [01m[K/home/steven/ros2_ws/src/first_stage/src/first_stage_endeffector/src/first_stage_endeffector.cpp:2400:1:[m[K [01;31m[Kerror: [m[Kversion control conflict marker in file
[3.109s]  2400 | [01;31m[K=======[m[K
[3.109s]       | [01;31m[K^~~~~~~[m[K
[3.109s] [01m[K/home/steven/ros2_ws/src/first_stage/src/first_stage_endeffector/src/first_stage_endeffector.cpp:2401:1:[m[K [01;31m[Kerror: [m[Kexpected declaration before ‚Äò[01m[K}[m[K‚Äô token
[3.109s]  2401 | [01;31m[K}[m[K
[3.109s]       | [01;31m[K^[m[K
[3.109s] [01m[K/home/steven/ros2_ws/src/first_stage/src/first_stage_endeffector/src/first_stage_endeffector.cpp:2402:1:[m[K [01;31m[Kerror: [m[Kversion control conflict marker in file
[3.109s]  2402 | [01;31m[K>>>>>>>[m[K 486f333f442fd9f602a52c008d070af087fb37bf
[3.109s]       | [01;31m[K^~~~~~~[m[K
[6.549s] gmake[2]: *** [CMakeFiles/first_stage_endeffector.dir/build.make:76ÔºöCMakeFiles/first_stage_endeffector.dir/src/first_stage_endeffector.cpp.o] ÈåØË™§ 1
[6.549s] gmake[1]: *** [CMakeFiles/Makefile2:137ÔºöCMakeFiles/first_stage_endeffector.dir/all] ÈåØË™§ 2
[6.549s] gmake: *** [Makefile:146Ôºöall] ÈåØË™§ 2
[6.550s] Invoked command in '/home/steven/ros2_ws/src/first_stage/build/first_stage_endeffector' returned '2': /usr/bin/cmake --build /home/steven/ros2_ws/src/first_stage/build/first_stage_endeffector -- -j32 -l32
