[0.000000] (-) TimerEvent: {}
[0.000231] (robot_interface) JobQueued: {'identifier': 'robot_interface', 'dependencies': OrderedDict()}
[0.000259] (robot_interface) JobStarted: {'identifier': 'robot_interface'}
[0.099845] (-) TimerEvent: {}
[0.200126] (-) TimerEvent: {}
[0.300415] (-) TimerEvent: {}
[0.400683] (-) TimerEvent: {}
[0.427853] (robot_interface) Command: {'cmd': ['/usr/bin/python3', '-W', 'ignore:setup.py install is deprecated', '-W', 'ignore:easy_install command is deprecated', 'setup.py', 'egg_info', '--egg-base', 'build/robot_interface', 'build', '--build-base', '/home/steven/ros2_ws/src/robot_interface/build/robot_interface/build', 'install', '--record', '/home/steven/ros2_ws/src/robot_interface/build/robot_interface/install.log', '--single-version-externally-managed', 'install_data'], 'cwd': '/home/steven/ros2_ws/src/robot_interface', 'env': {'GJS_DEBUG_TOPICS': 'JS ERROR;JS LOG', 'LESSOPEN': '| /usr/bin/lesspipe %s', 'LANGUAGE': 'zh_TW:en', 'USER': 'steven', 'LC_TIME': 'lzh_TW', 'XDG_SESSION_TYPE': 'x11', 'SHLVL': '1', 'LD_LIBRARY_PATH': '/opt/ros/humble/opt/rviz_ogre_vendor/lib:/opt/ros/humble/lib/x86_64-linux-gnu:/opt/ros/humble/lib:/usr/local/cuda/lib64:', 'HOME': '/home/steven', 'OLDPWD': '/home/steven', 'DESKTOP_SESSION': 'ubuntu', 'GIO_LAUNCHED_DESKTOP_FILE': '/usr/share/applications/terminator.desktop', 'ROS_PYTHON_VERSION': '3', 'GNOME_SHELL_SESSION_MODE': 'ubuntu', 'GTK_MODULES': 'gail:atk-bridge', 'LC_MONETARY': 'lzh_TW', 'MANAGERPID': '2228', 'SYSTEMD_EXEC_PID': '2439', 'DBUS_SESSION_BUS_ADDRESS': 'unix:path=/run/user/1000/bus', 'COLORTERM': 'truecolor', 'TERMINATOR_DBUS_NAME': 'net.tenshu.Terminator23558193cd9818af7fe4d2c2f5bd9d00f', 'GIO_LAUNCHED_DESKTOP_FILE_PID': '14942', 'COLCON_PREFIX_PATH': '/home/steven/ros2_ws/src/robot_interface/install', 'ROS_DISTRO': 'humble', 'GTK_IM_MODULE': 'ibus', 'LOGNAME': 'steven', 'JOURNAL_STREAM': '8:4404', '_': '/usr/bin/colcon', 'ROS_VERSION': '2', 'XDG_SESSION_CLASS': 'user', 'USERNAME': 'steven', 'TERM': 'xterm-256color', 'GNOME_DESKTOP_SESSION_ID': 'this-is-deprecated', 'ROS_LOCALHOST_ONLY': '0', 'WINDOWPATH': '2', 'PATH': '/opt/ros/humble/bin:/usr/local/cuda/bin:/home/steven/.local/bin:/usr/local/sbin:/usr/local/bin:/usr/sbin:/usr/bin:/sbin:/bin:/usr/games:/usr/local/games:/snap/bin:/snap/bin', 'SESSION_MANAGER': 'local/steven-MS-7D86:@/tmp/.ICE-unix/2414,unix/steven-MS-7D86:/tmp/.ICE-unix/2414', 'INVOCATION_ID': 'ebd6cc3839434567aab951ea0d257be5', 'PAPERSIZE': 'a4', 'XDG_MENU_PREFIX': 'gnome-', 'LC_ADDRESS': 'lzh_TW', 'XDG_RUNTIME_DIR': '/run/user/1000', 'DISPLAY': ':1', 'TERMINATOR_DBUS_PATH': '/net/tenshu/Terminator2', 'LANG': 'zh_TW.UTF-8', 'XDG_CURRENT_DESKTOP': 'ubuntu:GNOME', 'IBUS_DISABLE_SNOOPER': '1', 'LC_TELEPHONE': 'lzh_TW', 'XMODIFIERS': '@im=ibus', 'XDG_SESSION_DESKTOP': 'ubuntu', 'XAUTHORITY': '/run/user/1000/gdm/Xauthority', 'LS_COLORS': 'rs=0:di=01;34:ln=01;36:mh=00:pi=40;33:so=01;35:do=01;35:bd=40;33;01:cd=40;33;01:or=40;31;01:mi=00:su=37;41:sg=30;43:ca=30;41:tw=30;42:ow=34;42:st=37;44:ex=01;32:*.tar=01;31:*.tgz=01;31:*.arc=01;31:*.arj=01;31:*.taz=01;31:*.lha=01;31:*.lz4=01;31:*.lzh=01;31:*.lzma=01;31:*.tlz=01;31:*.txz=01;31:*.tzo=01;31:*.t7z=01;31:*.zip=01;31:*.z=01;31:*.dz=01;31:*.gz=01;31:*.lrz=01;31:*.lz=01;31:*.lzo=01;31:*.xz=01;31:*.zst=01;31:*.tzst=01;31:*.bz2=01;31:*.bz=01;31:*.tbz=01;31:*.tbz2=01;31:*.tz=01;31:*.deb=01;31:*.rpm=01;31:*.jar=01;31:*.war=01;31:*.ear=01;31:*.sar=01;31:*.rar=01;31:*.alz=01;31:*.ace=01;31:*.zoo=01;31:*.cpio=01;31:*.7z=01;31:*.rz=01;31:*.cab=01;31:*.wim=01;31:*.swm=01;31:*.dwm=01;31:*.esd=01;31:*.jpg=01;35:*.jpeg=01;35:*.mjpg=01;35:*.mjpeg=01;35:*.gif=01;35:*.bmp=01;35:*.pbm=01;35:*.pgm=01;35:*.ppm=01;35:*.tga=01;35:*.xbm=01;35:*.xpm=01;35:*.tif=01;35:*.tiff=01;35:*.png=01;35:*.svg=01;35:*.svgz=01;35:*.mng=01;35:*.pcx=01;35:*.mov=01;35:*.mpg=01;35:*.mpeg=01;35:*.m2v=01;35:*.mkv=01;35:*.webm=01;35:*.webp=01;35:*.ogm=01;35:*.mp4=01;35:*.m4v=01;35:*.mp4v=01;35:*.vob=01;35:*.qt=01;35:*.nuv=01;35:*.wmv=01;35:*.asf=01;35:*.rm=01;35:*.rmvb=01;35:*.flc=01;35:*.avi=01;35:*.fli=01;35:*.flv=01;35:*.gl=01;35:*.dl=01;35:*.xcf=01;35:*.xwd=01;35:*.yuv=01;35:*.cgm=01;35:*.emf=01;35:*.ogv=01;35:*.ogx=01;35:*.aac=00;36:*.au=00;36:*.flac=00;36:*.m4a=00;36:*.mid=00;36:*.midi=00;36:*.mka=00;36:*.mp3=00;36:*.mpc=00;36:*.ogg=00;36:*.ra=00;36:*.wav=00;36:*.oga=00;36:*.opus=00;36:*.spx=00;36:*.xspf=00;36:', 'SSH_AGENT_LAUNCHER': 'gnome-keyring', 'SSH_AUTH_SOCK': '/run/user/1000/keyring/ssh', 'AMENT_PREFIX_PATH': '/home/steven/ros2_ws/src/robot_interface/install/robot_interface:/opt/ros/humble', 'SHELL': '/bin/bash', 'LC_NAME': 'lzh_TW', 'TERMINATOR_UUID': 'urn:uuid:7cf2cbd8-6195-4feb-8d18-c48aa2128de6', 'QT_ACCESSIBILITY': '1', 'COLCON_WS': '/home/steven/workspace', 'GDMSESSION': 'ubuntu', 'LESSCLOSE': '/usr/bin/lesspipe %s %s', 'LC_MEASUREMENT': 'lzh_TW', 'GPG_AGENT_INFO': '/run/user/1000/gnupg/S.gpg-agent:0:1', 'GJS_DEBUG_OUTPUT': 'stderr', 'LC_IDENTIFICATION': 'lzh_TW', 'QT_IM_MODULE': 'ibus', 'PWD': '/home/steven/ros2_ws/src/robot_interface/build/robot_interface', 'XDG_CONFIG_DIRS': '/etc/xdg/xdg-ubuntu:/etc/xdg', 'XDG_DATA_DIRS': '/usr/share/ubuntu:/usr/share/gnome:/usr/local/share/:/usr/share/:/var/lib/snapd/desktop', 'PYTHONPATH': '/home/steven/ros2_ws/src/robot_interface/build/robot_interface/prefix_override:/usr/lib/python3/dist-packages/colcon_core/task/python/colcon_distutils_commands:/home/steven/ros2_ws/src/robot_interface/install/robot_interface/lib/python3.10/site-packages:/home/steven/ros2_ws/src/robot_interface/install/robot_interface/lib/python3.10/site-packages:/opt/ros/humble/lib/python3.10/site-packages:/opt/ros/humble/local/lib/python3.10/dist-packages:/home/steven/Desktop/robotiq3f_py', 'LC_NUMERIC': 'lzh_TW', 'LC_PAPER': 'lzh_TW', 'COLCON': '1', 'VTE_VERSION': '6800', 'CMAKE_PREFIX_PATH': '/home/steven/Documents/IIIIIIIII_TEST/handeye_calibration/install/ur5_apriltag_move:/opt/ros/humble:/opt/ros/humble'}, 'shell': False}
[0.500831] (-) TimerEvent: {}
[0.502194] (robot_interface) StderrLine: {'line': b'Traceback (most recent call last):\n'}
[0.502273] (robot_interface) StderrLine: {'line': b'  File "/home/steven/.local/lib/python3.10/site-packages/pkg_resources/__init__.py", line 2050, in try_parse\n'}
[0.502666] (robot_interface) StderrLine: {'line': b'    return packaging.version.Version(name)\n'}
[0.502715] (robot_interface) StderrLine: {'line': b'  File "/home/steven/.local/lib/python3.10/site-packages/pkg_resources/_vendor/packaging/version.py", line 266, in __init__\n'}
[0.502961] (robot_interface) StderrLine: {'line': b'    raise InvalidVersion(f"Invalid version: \'{version}\'")\n'}
[0.502993] (robot_interface) StderrLine: {'line': b"pkg_resources.extern.packaging.version.InvalidVersion: Invalid version: '.egg-info'\n"}
[0.503014] (robot_interface) StderrLine: {'line': b'\n'}
[0.503032] (robot_interface) StderrLine: {'line': b'During handling of the above exception, another exception occurred:\n'}
[0.503051] (robot_interface) StderrLine: {'line': b'\n'}
[0.503069] (robot_interface) StderrLine: {'line': b'Traceback (most recent call last):\n'}
[0.503251] (robot_interface) StderrLine: {'line': b'  File "/home/steven/ros2_ws/src/robot_interface/setup.py", line 1, in <module>\n'}
[0.503295] (robot_interface) StderrLine: {'line': b'    from setuptools import setup\n'}
[0.503318] (robot_interface) StderrLine: {'line': b'  File "/home/steven/.local/lib/python3.10/site-packages/setuptools/__init__.py", line 16, in <module>\n'}
[0.503338] (robot_interface) StderrLine: {'line': b'    import setuptools.version\n'}
[0.503356] (robot_interface) StderrLine: {'line': b'  File "/home/steven/.local/lib/python3.10/site-packages/setuptools/version.py", line 1, in <module>\n'}
[0.503375] (robot_interface) StderrLine: {'line': b'    import pkg_resources\n'}
[0.503392] (robot_interface) StderrLine: {'line': b'  File "/home/steven/.local/lib/python3.10/site-packages/pkg_resources/__init__.py", line 3260, in <module>\n'}
[0.503410] (robot_interface) StderrLine: {'line': b'    def _initialize_master_working_set():\n'}
[0.503428] (robot_interface) StderrLine: {'line': b'  File "/home/steven/.local/lib/python3.10/site-packages/pkg_resources/__init__.py", line 3234, in _call_aside\n'}
[0.503476] (robot_interface) StderrLine: {'line': b'    f(*args, **kwargs)\n'}
[0.503494] (robot_interface) StderrLine: {'line': b'  File "/home/steven/.local/lib/python3.10/site-packages/pkg_resources/__init__.py", line 3295, in _initialize_master_working_set\n'}
[0.503511] (robot_interface) StderrLine: {'line': b'    list(map(working_set.add_entry, sys.path))\n'}
[0.503528] (robot_interface) StderrLine: {'line': b'  File "/home/steven/.local/lib/python3.10/site-packages/pkg_resources/__init__.py", line 621, in add_entry\n'}
[0.503544] (robot_interface) StderrLine: {'line': b'    for dist in find_distributions(entry, True):\n'}
[0.503560] (robot_interface) StderrLine: {'line': b'  File "/home/steven/.local/lib/python3.10/site-packages/pkg_resources/__init__.py", line 2092, in find_on_path\n'}
[0.503575] (robot_interface) StderrLine: {'line': b'    path_item_entries = _by_version_descending(filtered)\n'}
[0.503592] (robot_interface) StderrLine: {'line': b'  File "/home/steven/.local/lib/python3.10/site-packages/pkg_resources/__init__.py", line 2062, in _by_version_descending\n'}
[0.503609] (robot_interface) StderrLine: {'line': b'    return sorted(names, key=_by_version, reverse=True)\n'}
[0.503628] (robot_interface) StderrLine: {'line': b'  File "/home/steven/.local/lib/python3.10/site-packages/pkg_resources/__init__.py", line 2060, in _by_version\n'}
[0.503645] (robot_interface) StderrLine: {'line': b'    return [try_parse(part) for part in parts]\n'}
[0.503660] (robot_interface) StderrLine: {'line': b'  File "/home/steven/.local/lib/python3.10/site-packages/pkg_resources/__init__.py", line 2060, in <listcomp>\n'}
[0.503675] (robot_interface) StderrLine: {'line': b'    return [try_parse(part) for part in parts]\n'}
[0.503690] (robot_interface) StderrLine: {'line': b'  File "/home/steven/.local/lib/python3.10/site-packages/pkg_resources/__init__.py", line 2052, in try_parse\n'}
[0.503706] (robot_interface) StderrLine: {'line': b"    return packaging.version.Version('0')\n"}
[0.503724] (robot_interface) StderrLine: {'line': b'  File "/home/steven/.local/lib/python3.10/site-packages/pkg_resources/_vendor/packaging/version.py", line 281, in __init__\n'}
[0.503741] (robot_interface) StderrLine: {'line': b'    self._key = _cmpkey(\n'}
[0.503757] (robot_interface) StderrLine: {'line': b"TypeError: 're.Match' object is not callable\n"}
[0.511156] (robot_interface) CommandEnded: {'returncode': 1}
[0.511316] (robot_interface) JobEnded: {'identifier': 'robot_interface', 'rc': 1}
[0.521427] (-) EventReactorShutdown: {}
