[0.000000] (-) TimerEvent: {}
[0.000524] (first_stage_rg2) JobQueued: {'identifier': 'first_stage_rg2', 'dependencies': OrderedDict()}
[0.000552] (first_stage_rg2) JobStarted: {'identifier': 'first_stage_rg2'}
[0.100050] (-) TimerEvent: {}
[0.200418] (-) TimerEvent: {}
[0.300749] (-) TimerEvent: {}
[0.400951] (-) TimerEvent: {}
[0.501223] (-) TimerEvent: {}
[0.601490] (-) TimerEvent: {}
[0.701602] (-) TimerEvent: {}
[0.801785] (-) TimerEvent: {}
[0.901993] (-) TimerEvent: {}
[1.002209] (-) TimerEvent: {}
[1.102405] (-) TimerEvent: {}
[1.202581] (-) TimerEvent: {}
[1.273371] (first_stage_rg2) StderrLine: {'line': b'Traceback (most recent call last):\n  File "/usr/lib/python3/dist-packages/colcon_core/executor/__init__.py", line 91, in __call__\n    rc = await self.task(*args, **kwargs)\n  File "/usr/lib/python3/dist-packages/colcon_core/task/__init__.py", line 93, in __call__\n    return await task_method(*args, **kwargs)\n  File "/usr/lib/python3/dist-packages/colcon_ros/task/ament_python/build.py", line 102, in build\n    return await extension.build(additional_hooks=additional_hooks)\n  File "/usr/lib/python3/dist-packages/colcon_core/task/python/build.py", line 96, in build\n    available_commands = await self._get_available_commands(\n  File "/usr/lib/python3/dist-packages/colcon_core/task/python/build.py", line 194, in _get_available_commands\n    output = await check_output(\n  File "/usr/lib/python3/dist-packages/colcon_core/subprocess.py", line 129, in check_output\n    assert not rc, f\'Expected {args} to pass: {stderr_data}\'\nAssertionError: Expected [\'/usr/bin/python3\', \'-W\', \'ignore:setup.py install is deprecated\', \'-W\', \'ignore:easy_install command is deprecated\', \'setup.py\', \'--help-commands\'] to pass: \n'}
[1.273559] (first_stage_rg2) JobEnded: {'identifier': 'first_stage_rg2', 'rc': 1}
[1.283542] (-) EventReactorShutdown: {}
