[0.005s] Invoking command in '/home/steven/ros2_ws/src/first_stage/src/first_stage_endeffector/build/first_stage_endeffector': /usr/bin/cmake --build /home/steven/ros2_ws/src/first_stage/src/first_stage_endeffector/build/first_stage_endeffector -- -j32 -l32
[0.036s] [35m[1mConsolidate compiler generated dependencies of target first_stage_endeffector[0m
[0.047s] gmake[2]: *** 沒有規則可製作目標「/usr/lib/x86_64-linux-gnu/libfreeimage.so」，由「first_stage_endeffector」 需求。 停止。
[0.047s] gmake[2]: *** 正在等待未完成的作業....
[0.051s] [ 50%] [32mBuilding CXX object CMakeFiles/first_stage_endeffector.dir/src/first_stage_endeffector.cpp.o[0m
[4.927s] gmake[1]: *** [CMakeFiles/Makefile2:137：CMakeFiles/first_stage_endeffector.dir/all] 錯誤 2
[4.927s] gmake: *** [Makefile:146：all] 錯誤 2
[4.929s] Invoked command in '/home/steven/ros2_ws/src/first_stage/src/first_stage_endeffector/build/first_stage_endeffector' returned '2': /usr/bin/cmake --build /home/steven/ros2_ws/src/first_stage/src/first_stage_endeffector/build/first_stage_endeffector -- -j32 -l32
