[0.007s] Invoking command in '/home/steven/ros2_ws/src/first_stage/build/first_stage_endeffector': CMAKE_PREFIX_PATH=${CMAKE_PREFIX_PATH}:/home/steven/ros2_ws/src/first_stage/install/first_stage_rg2 /usr/bin/cmake --build /home/steven/ros2_ws/src/first_stage/build/first_stage_endeffector -- -j32 -l32
[0.040s] [35m[1mConsolidate compiler generated dependencies of target first_stage_endeffector[0m
[0.050s] gmake[2]: *** Ê≤íÊúâË¶èÂâáÂèØË£Ω‰ΩúÁõÆÊ®ô„Äå/usr/lib/x86_64-linux-gnu/libfreeimage.so„ÄçÔºåÁî±„Äåfirst_stage_endeffector„Äç ÈúÄÊ±Ç„ÄÇ ÂÅúÊ≠¢„ÄÇ
[0.050s] gmake[2]: *** Ê≠£Âú®Á≠âÂæÖÊú™ÂÆåÊàêÁöÑ‰ΩúÊ•≠....
[0.054s] [ 50%] [32mBuilding CXX object CMakeFiles/first_stage_endeffector.dir/src/first_stage_endeffector.cpp.o[0m
[3.631s] [01m[K/home/steven/ros2_ws/src/first_stage/src/first_stage_endeffector/src/first_stage_endeffector.cpp:15:1:[m[K [01;31m[Kerror: [m[Kversion control conflict marker in file
[3.631s]    15 | [01;31m[K<<<<<<<[m[K HEAD
[3.631s]       | [01;31m[K^~~~~~~[m[K
[3.631s] In file included from [01m[K/opt/ros/humble/include/std_msgs/std_msgs/msg/float64_multi_array.hpp:8[m[K,
[3.631s]                  from [01m[K/home/steven/ros2_ws/src/first_stage/src/first_stage_endeffector/src/first_stage_endeffector.cpp:16[m[K:
[3.631s] [01m[K/opt/ros/humble/include/std_msgs/std_msgs/msg/detail/float64_multi_array__builder.hpp:27:74:[m[K [01;31m[Kerror: [m[Kexpected ‚Äò[01m[K)[m[K‚Äô before ‚Äò[01m[K&[m[K‚Äô token
[3.631s]    27 | :std_msgs::msg::Float64MultiArray[01;31m[K [m[K[32m[K&[m[K msg)
[3.632s]       |                                  [01;31m[K^[m[K[32m[K~[m[K
[3.632s]       |                                  [32m[K)[m[K
[3.632s] [01m[K/opt/ros/humble/include/std_msgs/std_msgs/msg/detail/float64_multi_array__builder.hpp:30:20:[m[K [01;31m[Kerror: [m[K‚Äò[01m[KFloat64MultiArray[m[K‚Äô in namespace ‚Äò[01m[Kstd_msgs::msg[m[K‚Äô does not name a type; did you mean ‚Äò[01m[KInt32MultiArray[m[K‚Äô?
[3.632s]    30 |   ::std_msgs::msg::[01;31m[KFloat64MultiArray[m[K data(::std_msgs::msg::Float64MultiArray::_data_type arg)
[3.632s]       |                    [01;31m[K^~~~~~~~~~~~~~~~~[m[K
[3.632s]       |                    [32m[KInt32MultiArray[m[K
[3.632s] [01m[K/opt/ros/humble/include/std_msgs/std_msgs/msg/detail/float64_multi_array__builder.hpp:37:20:[m[K [01;31m[Kerror: [m[K‚Äò[01m[KFloat64MultiArray[m[K‚Äô in namespace ‚Äò[01m[Kstd_msgs::msg[m[K‚Äô does not name a type; did you mean ‚Äò[01m[KInt32MultiArray[m[K‚Äô?
[3.632s]    37 |   ::std_msgs::msg::[01;31m[KFloat64MultiArray[m[K msg_;
[3.632s]       |                    [01;31m[K^~~~~~~~~~~~~~~~~[m[K
[3.632s]       |                    [32m[KInt32MultiArray[m[K
[3.632s] [01m[K/opt/ros/humble/include/std_msgs/std_msgs/msg/detail/float64_multi_array__builder.hpp:46:55:[m[K [01;31m[Kerror: [m[K‚Äò[01m[Kstd_msgs::msg::Float64MultiArray[m[K‚Äô has not been declared
[3.632s]    46 | data layout(::std_msgs::msg::[01;31m[KFloat64MultiArray[m[K::_layout_type arg)
[3.632s]       |                              [01;31m[K^~~~~~~~~~~~~~~~~[m[K
[3.632s] 
[3.632s] [01m[K/opt/ros/humble/include/std_msgs/std_msgs/msg/detail/float64_multi_array__builder.hpp:46:87:[m[K [01;31m[Kerror: [m[Kexpected ‚Äò[01m[K,[m[K‚Äô or ‚Äò[01m[K...[m[K‚Äô before ‚Äò[01m[Karg[m[K‚Äô
[3.632s]    46 | sg::Float64MultiArray::_layout_type [01;31m[Karg[m[K)
[3.632s]       |                                     [01;31m[K^~~[m[K
[3.632s] 
[3.632s] [01m[K/opt/ros/humble/include/std_msgs/std_msgs/msg/detail/float64_multi_array__builder.hpp:53:20:[m[K [01;31m[Kerror: [m[K‚Äò[01m[KFloat64MultiArray[m[K‚Äô in namespace ‚Äò[01m[Kstd_msgs::msg[m[K‚Äô does not name a type; did you mean ‚Äò[01m[KInt32MultiArray[m[K‚Äô?
[3.632s]    53 |   ::std_msgs::msg::[01;31m[KFloat64MultiArray[m[K msg_;
[3.632s]       |                    [01;31m[K^~~~~~~~~~~~~~~~~[m[K
[3.632s]       |                    [32m[KInt32MultiArray[m[K
[3.632s] [01m[K/opt/ros/humble/include/std_msgs/std_msgs/msg/detail/float64_multi_array__builder.hpp:[m[K In constructor ‚Äò[01m[Kstd_msgs::msg::builder::Init_Float64MultiArray_layout::Init_Float64MultiArray_layout()[m[K‚Äô:
[3.632s] [01m[K/opt/ros/humble/include/std_msgs/std_msgs/msg/detail/float64_multi_array__builder.hpp:44:5:[m[K [01;31m[Kerror: [m[Kclass ‚Äò[01m[Kstd_msgs::msg::builder::Init_Float64MultiArray_layout[m[K‚Äô does not have any field named ‚Äò[01m[Kmsg_[m[K‚Äô
[3.632s]    44 |   : [01;31m[Kmsg_[m[K(::rosidl_runtime_cpp::MessageInitialization::SKIP)
[3.632s]       |     [01;31m[K^~~~[m[K
[3.636s] [01m[K/opt/ros/humble/include/std_msgs/std_msgs/msg/detail/float64_multi_array__builder.hpp:[m[K In member function ‚Äò[01m[Kstd_msgs::msg::builder::Init_Float64MultiArray_data std_msgs::msg::builder::Init_Float64MultiArray_layout::layout(int)[m[K‚Äô:
[3.636s] [01m[K/opt/ros/humble/include/std_msgs/std_msgs/msg/detail/float64_multi_array__builder.hpp:48:5:[m[K [01;31m[Kerror: [m[K‚Äò[01m[Kmsg_[m[K‚Äô was not declared in this scope; did you mean ‚Äò[01m[Kmsg[m[K‚Äô?
[3.636s]    48 |     [01;31m[Kmsg_[m[K.layout = std::move(arg);
[3.636s]       |     [01;31m[K^~~~[m[K
[3.636s]       |     [32m[Kmsg[m[K
[3.637s] [01m[K/opt/ros/humble/include/std_msgs/std_msgs/msg/detail/float64_multi_array__builder.hpp:48:29:[m[K [01;31m[Kerror: [m[K‚Äò[01m[Karg[m[K‚Äô was not declared in this scope
[3.637s]    48 |     msg_.layout = std::move([01;31m[Karg[m[K);
[3.637s]       |                             [01;31m[K^~~[m[K
[3.637s] [01m[K/opt/ros/humble/include/std_msgs/std_msgs/msg/detail/float64_multi_array__builder.hpp:48:29:[m[K [01;36m[Knote: [m[Ksuggested alternatives:
[3.637s] In file included from [01m[K/usr/include/eigen3/Eigen/Core:50[m[K,
[3.637s]                  from [01m[K/usr/include/eigen3/Eigen/Geometry:11[m[K,
[3.637s]                  from [01m[K/opt/ros/humble/include/moveit/robot_model/joint_model.h:46[m[K,
[3.637s]                  from [01m[K/opt/ros/humble/include/moveit/robot_model/joint_model_group.h:40[m[K,
[3.637s]                  from [01m[K/opt/ros/humble/include/moveit/robot_model/robot_model.h:45[m[K,
[3.637s]                  from [01m[K/opt/ros/humble/include/moveit/robot_state/robot_state.h:40[m[K,
[3.637s]                  from [01m[K/opt/ros/humble/include/moveit/move_group_interface/move_group_interface.h:41[m[K,
[3.637s]                  from [01m[K/home/steven/ros2_ws/src/first_stage/src/first_stage_endeffector/src/first_stage_endeffector.cpp:2[m[K:
[3.637s] [01m[K/usr/include/c++/11/complex:1852:5:[m[K [01;36m[Knote: [m[K  ‚Äò[01m[Kstd::arg[m[K‚Äô
[3.637s]  1852 |     [01;36m[Karg[m[K(_Tp __x)
[3.637s]       |     [01;36m[K^~~[m[K
[3.637s] In file included from [01m[K/usr/include/boost/bind/bind.hpp:29[m[K,
[3.638s]                  from [01m[K/usr/include/boost/signals2/slot.hpp:15[m[K,
[3.638s]                  from [01m[K/usr/include/boost/signals2/connection.hpp:24[m[K,
[3.638s]                  from [01m[K/usr/include/boost/signals2/signal.hpp:22[m[K,
[3.638s]                  from [01m[K/usr/include/boost/signals2.hpp:19[m[K,
[3.638s]                  from [01m[K/opt/ros/humble/include/moveit/planning_scene_monitor/current_state_monitor.h:45[m[K,
[3.638s]                  from [01m[K/opt/ros/humble/include/moveit/planning_scene_monitor/planning_scene_monitor.h:46[m[K,
[3.638s]                  from [01m[K/opt/ros/humble/include/moveit_visual_tools/moveit_visual_tools.h:44[m[K,
[3.638s]                  from [01m[K/home/steven/ros2_ws/src/first_stage/src/first_stage_endeffector/src/first_stage_endeffector.cpp:6[m[K:
[3.638s] [01m[K/usr/include/boost/bind/arg.hpp:37:26:[m[K [01;36m[Knote: [m[K  ‚Äò[01m[Kboost::arg[m[K‚Äô
[3.638s]    37 | template< int I > struct [01;36m[Karg[m[K
[3.638s]       |                          [01;36m[K^~~[m[K
[3.638s] In file included from [01m[K/usr/include/boost/mpl/arg.hpp:23[m[K,
[3.638s]                  from [01m[K/usr/include/boost/mpl/placeholders.hpp:24[m[K,
[3.638s]                  from [01m[K/usr/include/boost/iterator/iterator_categories.hpp:16[m[K,
[3.638s]                  from [01m[K/usr/include/boost/iterator/iterator_adaptor.hpp:14[m[K,
[3.638s]                  from [01m[K/usr/include/boost/iterator/reverse_iterator.hpp:10[m[K,
[3.638s]                  from [01m[K/usr/include/boost/signals2/detail/auto_buffer.hpp:22[m[K,
[3.638s]                  from [01m[K/usr/include/boost/signals2/connection.hpp:21[m[K,
[3.638s]                  from [01m[K/usr/include/boost/signals2/signal.hpp:22[m[K,
[3.638s]                  from [01m[K/usr/include/boost/signals2.hpp:19[m[K,
[3.638s]                  from [01m[K/opt/ros/humble/include/moveit/planning_scene_monitor/current_state_monitor.h:45[m[K,
[3.638s]                  from [01m[K/opt/ros/humble/include/moveit/planning_scene_monitor/planning_scene_monitor.h:46[m[K,
[3.638s]                  from [01m[K/opt/ros/humble/include/moveit_visual_tools/moveit_visual_tools.h:44[m[K,
[3.638s]                  from [01m[K/home/steven/ros2_ws/src/first_stage/src/first_stage_endeffector/src/first_stage_endeffector.cpp:6[m[K:
[3.638s] [01m[K/usr/include/boost/mpl/arg_fwd.hpp:23:52:[m[K [01;36m[Knote: [m[K  ‚Äò[01m[Kmpl_::arg[m[K‚Äô
[3.638s]    23 | _MPL_AUX_NTTP_DECL(int, N) > struct [01;36m[Karg[m[K;
[3.638s]       |                                     [01;36m[K^~~[m[K
[3.638s] 
[3.639s] In file included from [01m[K/usr/include/eigen3/Eigen/Core:380[m[K,
[3.639s]                  from [01m[K/usr/include/eigen3/Eigen/Geometry:11[m[K,
[3.639s]                  from [01m[K/opt/ros/humble/include/moveit/robot_model/joint_model.h:46[m[K,
[3.639s]                  from [01m[K/opt/ros/humble/include/moveit/robot_model/joint_model_group.h:40[m[K,
[3.639s]                  from [01m[K/opt/ros/humble/include/moveit/robot_model/robot_model.h:45[m[K,
[3.639s]                  from [01m[K/opt/ros/humble/include/moveit/robot_state/robot_state.h:40[m[K,
[3.639s]                  from [01m[K/opt/ros/humble/include/moveit/move_group_interface/move_group_interface.h:41[m[K,
[3.639s]                  from [01m[K/home/steven/ros2_ws/src/first_stage/src/first_stage_endeffector/src/first_stage_endeffector.cpp:2[m[K:
[3.639s] [01m[K/usr/include/eigen3/Eigen/src/Core/GlobalFunctions.h:88:3:[m[K [01;36m[Knote: [m[K  ‚Äò[01m[KEigen::arg[m[K‚Äô
[3.639s]    88 |   [01;36m[KEIGEN_ARRAY_DECLARE_GLOBAL_UNARY[m[K(arg,scalar_arg_op,complex argument,\sa ArrayBase::arg DOXCOMMA MatrixBase::cwiseArg)
[3.639s]       |   [01;36m[K^~~~~~~~~~~~~~~~~~~~~~~~~~~~~~~~[m[K
[3.639s] In file included from [01m[K/usr/include/boost/mpl/arg.hpp:23[m[K,
[3.639s]                  from [01m[K/usr/include/boost/mpl/placeholders.hpp:24[m[K,
[3.639s]                  from [01m[K/usr/include/boost/iterator/iterator_categories.hpp:16[m[K,
[3.639s]                  from [01m[K/usr/include/boost/iterator/iterator_adaptor.hpp:14[m[K,
[3.639s]                  from [01m[K/usr/include/boost/iterator/reverse_iterator.hpp:10[m[K,
[3.639s]                  from [01m[K/usr/include/boost/signals2/detail/auto_buffer.hpp:22[m[K,
[3.639s]                  from [01m[K/usr/include/boost/signals2/connection.hpp:21[m[K,
[3.639s]                  from [01m[K/usr/include/boost/signals2/signal.hpp:22[m[K,
[3.639s]                  from [01m[K/usr/include/boost/signals2.hpp:19[m[K,
[3.639s]                  from [01m[K/opt/ros/humble/include/moveit/planning_scene_monitor/current_state_monitor.h:45[m[K,
[3.639s]                  from [01m[K/opt/ros/humble/include/moveit/planning_scene_monitor/planning_scene_monitor.h:46[m[K,
[3.639s]                  from [01m[K/opt/ros/humble/include/moveit_visual_tools/moveit_visual_tools.h:44[m[K,
[3.639s]                  from [01m[K/home/steven/ros2_ws/src/first_stage/src/first_stage_endeffector/src/first_stage_endeffector.cpp:6[m[K:
[3.639s] [01m[K/usr/include/boost/mpl/arg_fwd.hpp:23:52:[m[K [01;36m[Knote: [m[K  ‚Äò[01m[Kmpl_::arg[m[K‚Äô
[3.639s]    23 | _MPL_AUX_NTTP_DECL(int, N) > struct [01;36m[Karg[m[K;
[3.639s]       |                                     [01;36m[K^~~[m[K
[3.639s] 
[3.639s] In file included from [01m[K/usr/include/eigen3/Eigen/Core:171[m[K,
[3.639s]                  from [01m[K/usr/include/eigen3/Eigen/Geometry:11[m[K,
[3.639s]                  from [01m[K/opt/ros/humble/include/moveit/robot_model/joint_model.h:46[m[K,
[3.639s]                  from [01m[K/opt/ros/humble/include/moveit/robot_model/joint_model_group.h:40[m[K,
[3.639s]                  from [01m[K/opt/ros/humble/include/moveit/robot_model/robot_model.h:45[m[K,
[3.639s]                  from [01m[K/opt/ros/humble/include/moveit/robot_state/robot_state.h:40[m[K,
[3.639s]                  from [01m[K/opt/ros/humble/include/moveit/move_group_interface/move_group_interface.h:41[m[K,
[3.639s]                  from [01m[K/home/steven/ros2_ws/src/first_stage/src/first_stage_endeffector/src/first_stage_endeffector.cpp:2[m[K:
[3.639s] [01m[K/usr/include/eigen3/Eigen/src/Core/MathFunctions.h:1258:43:[m[K [01;36m[Knote: [m[K  ‚Äò[01m[KEigen::numext::arg[m[K‚Äô
[3.639s]  1258 | MATHFUNC_RETVAL(arg, Scalar) [01;36m[Karg[m[K(const Scalar& x)
[3.639s]       |                              [01;36m[K^~~[m[K
[3.639s] 
[3.639s] In file included from [01m[K/opt/ros/humble/include/std_msgs/std_msgs/msg/float64_multi_array.hpp:8[m[K,
[3.639s]                  from [01m[K/home/steven/ros2_ws/src/first_stage/src/first_stage_endeffector/src/first_stage_endeffector.cpp:16[m[K:
[3.639s] [01m[K/opt/ros/humble/include/std_msgs/std_msgs/msg/detail/float64_multi_array__builder.hpp:[m[K At global scope:
[3.640s] [01m[K/opt/ros/humble/include/std_msgs/std_msgs/msg/detail/float64_multi_array__builder.hpp:65:29:[m[K [01;31m[Kerror: [m[K‚Äò[01m[KFloat64MultiArray[m[K‚Äô is not a member of ‚Äò[01m[Kstd_msgs::msg[m[K‚Äô; did you mean ‚Äò[01m[KInt32MultiArray[m[K‚Äô?
[3.640s]    65 | auto build<::std_msgs::msg::[01;31m[KFloat64MultiArray[m[K>()
[3.640s]       |                             [01;31m[K^~~~~~~~~~~~~~~~~[m[K
[3.640s]       |                             [32m[KInt32MultiArray[m[K
[3.640s] [01m[K/opt/ros/humble/include/std_msgs/std_msgs/msg/detail/float64_multi_array__builder.hpp:65:6:[m[K [01;31m[Kerror: [m[Ktemplate-id ‚Äò[01m[Kbuild<<expression error> >[m[K‚Äô for ‚Äò[01m[Kauto std_msgs::build()[m[K‚Äô does not match any template declaration
[3.640s]    65 | auto [01;31m[Kbuild<::std_msgs::msg::Float64MultiArray>[m[K()
[3.640s]       |      [01;31m[K^~~~~~~~~~~~~~~~~~~~~~~~~~~~~~~~~~~~~~~~~[m[K
[3.640s] In file included from [01m[K/opt/ros/humble/include/std_msgs/std_msgs/msg/color_rgba.hpp:8[m[K,
[3.640s]                  from [01m[K/opt/ros/humble/include/moveit/robot_state/robot_state.h:45[m[K,
[3.640s]                  from [01m[K/opt/ros/humble/include/moveit/move_group_interface/move_group_interface.h:41[m[K,
[3.640s]                  from [01m[K/home/steven/ros2_ws/src/first_stage/src/first_stage_endeffector/src/first_stage_endeffector.cpp:2[m[K:
[3.640s] [01m[K/opt/ros/humble/include/std_msgs/std_msgs/msg/detail/color_rgba__builder.hpp:93:6:[m[K [01;36m[Knote: [m[Kcandidate is: ‚Äò[01m[Ktemplate<class MessageType> auto std_msgs::build()[m[K‚Äô
[3.640s]    93 | auto [01;36m[Kbuild[m[K();
[3.640s]       |      [01;36m[K^~~~~[m[K
[3.641s] In file included from [01m[K/opt/ros/humble/include/std_msgs/std_msgs/msg/float64_multi_array.hpp:9[m[K,
[3.641s]                  from [01m[K/home/steven/ros2_ws/src/first_stage/src/first_stage_endeffector/src/first_stage_endeffector.cpp:16[m[K:
[3.641s] [01m[K/opt/ros/humble/include/std_msgs/std_msgs/msg/detail/float64_multi_array__traits.hpp:28:9:[m[K [01;31m[Kerror: [m[K‚Äò[01m[KFloat64MultiArray[m[K‚Äô does not name a type; did you mean ‚Äò[01m[KInt32MultiArray[m[K‚Äô?
[3.641s]    28 |   const [01;31m[KFloat64MultiArray[m[K & msg,
[3.641s]       |         [01;31m[K^~~~~~~~~~~~~~~~~[m[K
[3.641s]       |         [32m[KInt32MultiArray[m[K
[3.641s] [01m[K/opt/ros/humble/include/std_msgs/std_msgs/msg/detail/float64_multi_array__traits.hpp:[m[K In function ‚Äò[01m[Kvoid std_msgs::msg::to_flow_style_yaml(const int&, std::ostream&)[m[K‚Äô:
[3.641s] [01m[K/opt/ros/humble/include/std_msgs/std_msgs/msg/detail/float64_multi_array__traits.hpp:35:28:[m[K [01;31m[Kerror: [m[Krequest for member ‚Äò[01m[Klayout[m[K‚Äô in ‚Äò[01m[Kmsg[m[K‚Äô, which is of non-class type ‚Äò[01m[Kconst int[m[K‚Äô
[3.641s]    35 |     to_flow_style_yaml(msg.[01;31m[Klayout[m[K, out);
[3.641s]       |                            [01;31m[K^~~~~~[m[K
[3.642s] [01m[K/opt/ros/humble/include/std_msgs/std_msgs/msg/detail/float64_multi_array__traits.hpp:41:13:[m[K [01;31m[Kerror: [m[Krequest for member ‚Äò[01m[Kdata[m[K‚Äô in ‚Äò[01m[Kmsg[m[K‚Äô, which is of non-class type ‚Äò[01m[Kconst int[m[K‚Äô
[3.642s]    41 |     if (msg.[01;31m[Kdata[m[K.size() == 0) {
[3.642s]       |             [01;31m[K^~~~[m[K
[3.642s] [01m[K/opt/ros/humble/include/std_msgs/std_msgs/msg/detail/float64_multi_array__traits.hpp:45:34:[m[K [01;31m[Kerror: [m[Krequest for member ‚Äò[01m[Kdata[m[K‚Äô in ‚Äò[01m[Kmsg[m[K‚Äô, which is of non-class type ‚Äò[01m[Kconst int[m[K‚Äô
[3.642s]    45 |   size_t pending_items = msg.[01;31m[Kdata[m[K.size();
[3.642s]       |                              [01;31m[K^~~~[m[K
[3.642s] 
[3.642s] [01m[K/opt/ros/humble/include/std_msgs/std_msgs/msg/detail/float64_multi_array__traits.hpp:46:28:[m[K [01;31m[Kerror: [m[Krequest for member ‚Äò[01m[Kdata[m[K‚Äô in ‚Äò[01m[Kmsg[m[K‚Äô, which is of non-class type ‚Äò[01m[Kconst int[m[K‚Äô
[3.642s]    46 |       for (auto item : msg.[01;31m[Kdata[m[K) {
[3.642s]       |                            [01;31m[K^~~~[m[K
[3.645s] [01m[K/opt/ros/humble/include/std_msgs/std_msgs/msg/detail/float64_multi_array__traits.hpp:[m[K At global scope:
[3.645s] [01m[K/opt/ros/humble/include/std_msgs/std_msgs/msg/detail/float64_multi_array__traits.hpp:59:9:[m[K [01;31m[Kerror: [m[K‚Äò[01m[KFloat64MultiArray[m[K‚Äô does not name a type; did you mean ‚Äò[01m[KInt32MultiArray[m[K‚Äô?
[3.645s]    59 |   const [01;31m[KFloat64MultiArray[m[K & msg,
[3.646s]       |         [01;31m[K^~~~~~~~~~~~~~~~~[m[K
[3.646s]       |         [32m[KInt32MultiArray[m[K
[3.646s] [01m[K/opt/ros/humble/include/std_msgs/std_msgs/msg/detail/float64_multi_array__traits.hpp:[m[K In function ‚Äò[01m[Kvoid std_msgs::msg::to_block_style_yaml(const int&, std::ostream&, size_t)[m[K‚Äô:
[3.646s] [01m[K/opt/ros/humble/include/std_msgs/std_msgs/msg/detail/float64_multi_array__traits.hpp:68:29:[m[K [01;31m[Kerror: [m[Krequest for member ‚Äò[01m[Klayout[m[K‚Äô in ‚Äò[01m[Kmsg[m[K‚Äô, which is of non-class type ‚Äò[01m[Kconst int[m[K‚Äô
[3.646s]    68 |     to_block_style_yaml(msg.[01;31m[Klayout[m[K, out, indentation + 2);
[3.646s]       |                             [01;31m[K^~~~~~[m[K
[3.646s] [01m[K/opt/ros/humble/include/std_msgs/std_msgs/msg/detail/float64_multi_array__traits.hpp:76:13:[m[K [01;31m[Kerror: [m[Krequest for member ‚Äò[01m[Kdata[m[K‚Äô in ‚Äò[01m[Kmsg[m[K‚Äô, which is of non-class type ‚Äò[01m[Kconst int[m[K‚Äô
[3.646s]    76 |     if (msg.[01;31m[Kdata[m[K.size() == 0) {
[3.646s]       |             [01;31m[K^~~~[m[K
[3.646s] [01m[K/opt/ros/humble/include/std_msgs/std_msgs/msg/detail/float64_multi_array__traits.hpp:80:28:[m[K [01;31m[Kerror: [m[Krequest for member ‚Äò[01m[Kdata[m[K‚Äô in ‚Äò[01m[Kmsg[m[K‚Äô, which is of non-class type ‚Äò[01m[Kconst int[m[K‚Äô
[3.646s]    80 |       for (auto item : msg.[01;31m[Kdata[m[K) {
[3.646s]       |                            [01;31m[K^~~~[m[K
[3.650s] [01m[K/opt/ros/humble/include/std_msgs/std_msgs/msg/detail/float64_multi_array__traits.hpp:[m[K At global scope:
[3.650s] [01m[K/opt/ros/humble/include/std_msgs/std_msgs/msg/detail/float64_multi_array__traits.hpp:92:34:[m[K [01;31m[Kerror: [m[K‚Äò[01m[KFloat64MultiArray[m[K‚Äô does not name a type; did you mean ‚Äò[01m[KInt32MultiArray[m[K‚Äô?
[3.650s]    92 | ne std::string to_yaml(const [01;31m[KFloat64MultiArray[m[K & msg, bool use_flow_style = false)
[3.650s]       |                              [01;31m[K^~~~~~~~~~~~~~~~~[m[K
[3.650s]       |                              [32m[KInt32MultiArray[m[K
[3.650s] [01m[K/opt/ros/humble/include/std_msgs/std_msgs/msg/detail/float64_multi_array__traits.hpp:112:24:[m[K [01;31m[Kerror: [m[K‚Äò[01m[KFloat64MultiArray[m[K‚Äô in namespace ‚Äò[01m[Kstd_msgs::msg[m[K‚Äô does not name a type; did you mean ‚Äò[01m[KInt32MultiArray[m[K‚Äô?
[3.650s]   112 |   const std_msgs::msg::[01;31m[KFloat64MultiArray[m[K & msg,
[3.650s]       |                        [01;31m[K^~~~~~~~~~~~~~~~~[m[K
[3.650s]       |                        [32m[KInt32MultiArray[m[K
[3.650s] [01m[K/opt/ros/humble/include/std_msgs/std_msgs/msg/detail/float64_multi_array__traits.hpp:119:49:[m[K [01;31m[Kerror: [m[K‚Äò[01m[KFloat64MultiArray[m[K‚Äô in namespace ‚Äò[01m[Kstd_msgs::msg[m[K‚Äô does not name a type; did you mean ‚Äò[01m[KInt32MultiArray[m[K‚Äô?
[3.650s]   119 | to_yaml(const std_msgs::msg::[01;31m[KFloat64MultiArray[m[K & msg)
[3.650s]       |                              [01;31m[K^~~~~~~~~~~~~~~~~[m[K
[3.650s]       |                              [32m[KInt32MultiArray[m[K
[3.650s] [01m[K/opt/ros/humble/include/std_msgs/std_msgs/msg/detail/float64_multi_array__traits.hpp:125:46:[m[K [01;31m[Kerror: [m[K‚Äò[01m[KFloat64MultiArray[m[K‚Äô is not a member of ‚Äò[01m[Kstd_msgs::msg[m[K‚Äô; did you mean ‚Äò[01m[KInt32MultiArray[m[K‚Äô?
[3.650s]   125 | r * data_type<std_msgs::msg::[01;31m[KFloat64MultiArray[m[K>()
[3.650s]       |                              [01;31m[K^~~~~~~~~~~~~~~~~[m[K
[3.650s]       |                              [32m[KInt32MultiArray[m[K
[3.650s] [01m[K/opt/ros/humble/include/std_msgs/std_msgs/msg/detail/float64_multi_array__traits.hpp:125:21:[m[K [01;31m[Kerror: [m[Ktemplate-id ‚Äò[01m[Kdata_type<<expression error> >[m[K‚Äô for ‚Äò[01m[Kconst char* rosidl_generator_traits::data_type()[m[K‚Äô does not match any template declaration
[3.650s]   125 | inline const char * [01;31m[Kdata_type<std_msgs::msg::Float64MultiArray>[m[K()
[3.650s]       |                     [01;31m[K^~~~~~~~~~~~~~~~~~~~~~~~~~~~~~~~~~~~~~~~~~~[m[K
[3.650s] In file included from [01m[K/opt/ros/humble/include/builtin_interfaces/builtin_interfaces/msg/detail/duration__traits.hpp:15[m[K,
[3.650s]                  from [01m[K/opt/ros/humble/include/builtin_interfaces/builtin_interfaces/msg/duration.hpp:9[m[K,
[3.650s]                  from [01m[K/opt/ros/humble/include/rclcpp/rclcpp/duration.hpp:20[m[K,
[3.650s]                  from [01m[K/opt/ros/humble/include/rclcpp/rclcpp/qos.hpp:20[m[K,
[3.650s]                  from [01m[K/opt/ros/humble/include/rclcpp/rclcpp/node_interfaces/node_graph_interface.hpp:32[m[K,
[3.650s]                  from [01m[K/opt/ros/humble/include/rclcpp/rclcpp/client.hpp:42[m[K,
[3.650s]                  from [01m[K/opt/ros/humble/include/rclcpp/rclcpp/callback_group.hpp:24[m[K,
[3.650s]                  from [01m[K/opt/ros/humble/include/rclcpp/rclcpp/any_executable.hpp:20[m[K,
[3.650s]                  from [01m[K/opt/ros/humble/include/rclcpp/rclcpp/memory_strategy.hpp:25[m[K,
[3.650s]                  from [01m[K/opt/ros/humble/include/rclcpp/rclcpp/memory_strategies.hpp:18[m[K,
[3.650s]                  from [01m[K/opt/ros/humble/include/rclcpp/rclcpp/executor_options.hpp:20[m[K,
[3.650s]                  from [01m[K/opt/ros/humble/include/rclcpp/rclcpp/executor.hpp:37[m[K,
[3.651s]                  from [01m[K/opt/ros/humble/include/rclcpp/rclcpp/executors/multi_threaded_executor.hpp:25[m[K,
[3.651s]                  from [01m[K/opt/ros/humble/include/rclcpp/rclcpp/executors.hpp:21[m[K,
[3.651s]                  from [01m[K/opt/ros/humble/include/rclcpp/rclcpp/rclcpp.hpp:155[m[K,
[3.651s]                  from [01m[K/home/steven/ros2_ws/src/first_stage/src/first_stage_endeffector/src/first_stage_endeffector.cpp:1[m[K:
[3.651s] [01m[K/opt/ros/humble/include/rosidl_runtime_cpp/rosidl_runtime_cpp/traits.hpp:152:21:[m[K [01;36m[Knote: [m[Kcandidate is: ‚Äò[01m[Ktemplate<class T> const char* rosidl_generator_traits::data_type()[m[K‚Äô
[3.651s]   152 | inline const char * [01;36m[Kdata_type[m[K();
[3.651s]       |                     [01;36m[K^~~~~~~~~[m[K
[3.651s] In file included from [01m[K/opt/ros/humble/include/std_msgs/std_msgs/msg/float64_multi_array.hpp:9[m[K,
[3.651s]                  from [01m[K/home/steven/ros2_ws/src/first_stage/src/first_stage_endeffector/src/first_stage_endeffector.cpp:16[m[K:
[3.651s] [01m[K/opt/ros/humble/include/std_msgs/std_msgs/msg/detail/float64_multi_array__traits.hpp:131:41:[m[K [01;31m[Kerror: [m[K‚Äò[01m[KFloat64MultiArray[m[K‚Äô is not a member of ‚Äò[01m[Kstd_msgs::msg[m[K‚Äô; did you mean ‚Äò[01m[KInt32MultiArray[m[K‚Äô?
[3.651s]   131 | t char * name<std_msgs::msg::[01;31m[KFloat64MultiArray[m[K>()
[3.651s]       |                              [01;31m[K^~~~~~~~~~~~~~~~~[m[K
[3.651s]       |                              [32m[KInt32MultiArray[m[K
[3.651s] [01m[K/opt/ros/humble/include/std_msgs/std_msgs/msg/detail/float64_multi_array__traits.hpp:131:21:[m[K [01;31m[Kerror: [m[Ktemplate-id ‚Äò[01m[Kname<<expression error> >[m[K‚Äô for ‚Äò[01m[Kconst char* rosidl_generator_traits::name()[m[K‚Äô does not match any template declaration
[3.651s]   131 | inline const char * [01;31m[Kname<std_msgs::msg::Float64MultiArray>[m[K()
[3.651s]       |                     [01;31m[K^~~~~~~~~~~~~~~~~~~~~~~~~~~~~~~~~~~~~~[m[K
[3.651s] In file included from [01m[K/opt/ros/humble/include/builtin_interfaces/builtin_interfaces/msg/detail/duration__traits.hpp:15[m[K,
[3.651s]                  from [01m[K/opt/ros/humble/include/builtin_interfaces/builtin_interfaces/msg/duration.hpp:9[m[K,
[3.651s]                  from [01m[K/opt/ros/humble/include/rclcpp/rclcpp/duration.hpp:20[m[K,
[3.651s]                  from [01m[K/opt/ros/humble/include/rclcpp/rclcpp/qos.hpp:20[m[K,
[3.651s]                  from [01m[K/opt/ros/humble/include/rclcpp/rclcpp/node_interfaces/node_graph_interface.hpp:32[m[K,
[3.651s]                  from [01m[K/opt/ros/humble/include/rclcpp/rclcpp/client.hpp:42[m[K,
[3.651s]                  from [01m[K/opt/ros/humble/include/rclcpp/rclcpp/callback_group.hpp:24[m[K,
[3.651s]                  from [01m[K/opt/ros/humble/include/rclcpp/rclcpp/any_executable.hpp:20[m[K,
[3.651s]                  from [01m[K/opt/ros/humble/include/rclcpp/rclcpp/memory_strategy.hpp:25[m[K,
[3.651s]                  from [01m[K/opt/ros/humble/include/rclcpp/rclcpp/memory_strategies.hpp:18[m[K,
[3.651s]                  from [01m[K/opt/ros/humble/include/rclcpp/rclcpp/executor_options.hpp:20[m[K,
[3.651s]                  from [01m[K/opt/ros/humble/include/rclcpp/rclcpp/executor.hpp:37[m[K,
[3.651s]                  from [01m[K/opt/ros/humble/include/rclcpp/rclcpp/executors/multi_threaded_executor.hpp:25[m[K,
[3.651s]                  from [01m[K/opt/ros/humble/include/rclcpp/rclcpp/executors.hpp:21[m[K,
[3.651s]                  from [01m[K/opt/ros/humble/include/rclcpp/rclcpp/rclcpp.hpp:155[m[K,
[3.651s]                  from [01m[K/home/steven/ros2_ws/src/first_stage/src/first_stage_endeffector/src/first_stage_endeffector.cpp:1[m[K:
[3.652s] [01m[K/opt/ros/humble/include/rosidl_runtime_cpp/rosidl_runtime_cpp/traits.hpp:155:21:[m[K [01;36m[Knote: [m[Kcandidate is: ‚Äò[01m[Ktemplate<class T> const char* rosidl_generator_traits::name()[m[K‚Äô
[3.652s]   155 | inline const char * [01;36m[Kname[m[K();
[3.652s]       |                     [01;36m[K^~~~[m[K
[3.652s] In file included from [01m[K/opt/ros/humble/include/std_msgs/std_msgs/msg/float64_multi_array.hpp:9[m[K,
[3.652s]                  from [01m[K/home/steven/ros2_ws/src/first_stage/src/first_stage_endeffector/src/first_stage_endeffector.cpp:16[m[K:
[3.652s] [01m[K/opt/ros/humble/include/std_msgs/std_msgs/msg/detail/float64_multi_array__traits.hpp:137:38:[m[K [01;31m[Kerror: [m[K‚Äò[01m[KFloat64MultiArray[m[K‚Äô is not a member of ‚Äò[01m[Kstd_msgs::msg[m[K‚Äô; did you mean ‚Äò[01m[KInt32MultiArray[m[K‚Äô?
[3.652s]   137 | as_fixed_size<std_msgs::msg::[01;31m[KFloat64MultiArray[m[K>
[3.652s]       |                              [01;31m[K^~~~~~~~~~~~~~~~~[m[K
[3.652s]       |                              [32m[KInt32MultiArray[m[K
[3.652s] [01m[K/opt/ros/humble/include/std_msgs/std_msgs/msg/detail/float64_multi_array__traits.hpp:137:55:[m[K [01;31m[Kerror: [m[Ktemplate argument 1 is invalid
[3.652s]   137 | d_size<std_msgs::msg::Float64MultiArray[01;31m[K>[m[K
[3.652s]       |                                        [01;31m[K^[m[K
[3.652s] 
[3.652s] [01m[K/opt/ros/humble/include/std_msgs/std_msgs/msg/detail/float64_multi_array__traits.hpp:141:40:[m[K [01;31m[Kerror: [m[K‚Äò[01m[KFloat64MultiArray[m[K‚Äô is not a member of ‚Äò[01m[Kstd_msgs::msg[m[K‚Äô; did you mean ‚Äò[01m[KInt32MultiArray[m[K‚Äô?
[3.652s]   141 | _bounded_size<std_msgs::msg::[01;31m[KFloat64MultiArray[m[K>
[3.652s]       |                              [01;31m[K^~~~~~~~~~~~~~~~~[m[K
[3.652s]       |                              [32m[KInt32MultiArray[m[K
[3.652s] [01m[K/opt/ros/humble/include/std_msgs/std_msgs/msg/detail/float64_multi_array__traits.hpp:141:57:[m[K [01;31m[Kerror: [m[Ktemplate argument 1 is invalid
[3.652s]   141 | d_size<std_msgs::msg::Float64MultiArray[01;31m[K>[m[K
[3.652s]       |                                        [01;31m[K^[m[K
[3.652s] 
[3.652s] [01m[K/opt/ros/humble/include/std_msgs/std_msgs/msg/detail/float64_multi_array__traits.hpp:145:34:[m[K [01;31m[Kerror: [m[K‚Äò[01m[KFloat64MultiArray[m[K‚Äô is not a member of ‚Äò[01m[Kstd_msgs::msg[m[K‚Äô; did you mean ‚Äò[01m[KInt32MultiArray[m[K‚Äô?
[3.652s]   145 | ct is_message<std_msgs::msg::[01;31m[KFloat64MultiArray[m[K>
[3.652s]       |                              [01;31m[K^~~~~~~~~~~~~~~~~[m[K
[3.652s]       |                              [32m[KInt32MultiArray[m[K
[3.652s] [01m[K/opt/ros/humble/include/std_msgs/std_msgs/msg/detail/float64_multi_array__traits.hpp:145:51:[m[K [01;31m[Kerror: [m[Ktemplate argument 1 is invalid
[3.652s]   145 | essage<std_msgs::msg::Float64MultiArray[01;31m[K>[m[K
[3.652s]       |                                        [01;31m[K^[m[K
[3.652s] 
[3.725s] [01m[K/home/steven/ros2_ws/src/first_stage/src/first_stage_endeffector/src/first_stage_endeffector.cpp:97:39:[m[K [01;31m[Kerror: [m[K‚Äò[01m[KFloat64MultiArray[m[K‚Äô is not a member of ‚Äò[01m[Kstd_msgs::msg[m[K‚Äô; did you mean ‚Äò[01m[KInt32MultiArray[m[K‚Äô?
[3.725s]    97 | :Subscription<std_msgs::msg::[01;31m[KFloat64MultiArray[m[K>::SharedPtr force_subscription_;
[3.725s]       |                              [01;31m[K^~~~~~~~~~~~~~~~~[m[K
[3.725s]       |                              [32m[KInt32MultiArray[m[K
[3.725s] [01m[K/home/steven/ros2_ws/src/first_stage/src/first_stage_endeffector/src/first_stage_endeffector.cpp:97:56:[m[K [01;31m[Kerror: [m[Ktemplate argument 1 is invalid
[3.725s]    97 | _msgs::msg::Float64MultiArray[01;31m[K>[m[K::SharedPtr force_subscription_;
[3.725s]       |                              [01;31m[K^[m[K
[3.725s] 
[3.725s] [01m[K/home/steven/ros2_ws/src/first_stage/src/first_stage_endeffector/src/first_stage_endeffector.cpp:97:56:[m[K [01;31m[Kerror: [m[Ktemplate argument 3 is invalid
[3.725s] [01m[K/home/steven/ros2_ws/src/first_stage/src/first_stage_endeffector/src/first_stage_endeffector.cpp:97:56:[m[K [01;31m[Kerror: [m[Ktemplate argument 4 is invalid
[3.725s] [01m[K/home/steven/ros2_ws/src/first_stage/src/first_stage_endeffector/src/first_stage_endeffector.cpp:97:56:[m[K [01;31m[Kerror: [m[Ktemplate argument 5 is invalid
[3.725s] [01m[K/home/steven/ros2_ws/src/first_stage/src/first_stage_endeffector/src/first_stage_endeffector.cpp:97:59:[m[K [01;31m[Kerror: [m[Kexpected ‚Äò[01m[K;[m[K‚Äô at end of member declaration
[3.725s]    97 | gs::msg::Float64MultiArray>::[01;31m[KSharedPtr[m[K force_subscription_;
[3.725s]       |                              [01;31m[K^~~~~~~~~[m[K
[3.725s]       |                                       [32m[K;[m[K
[3.730s] [01m[K/home/steven/ros2_ws/src/first_stage/src/first_stage_endeffector/src/first_stage_endeffector.cpp:97:69:[m[K [01;31m[Kerror: [m[K‚Äò[01m[Kforce_subscription_[m[K‚Äô does not name a type; did you mean ‚Äò[01m[Krcl_subscription_t[m[K‚Äô?
[3.730s]    97 | loat64MultiArray>::SharedPtr [01;31m[Kforce_subscription_[m[K;
[3.730s]       |                              [01;31m[K^~~~~~~~~~~~~~~~~~~[m[K
[3.730s]       |                              [32m[Krcl_subscription_t[m[K
[3.735s] [01m[K/home/steven/ros2_ws/src/first_stage/src/first_stage_endeffector/src/first_stage_endeffector.cpp:340:43:[m[K [01;31m[Kerror: [m[K‚Äò[01m[KFloat64MultiArray[m[K‚Äô in namespace ‚Äò[01m[Kstd_msgs::msg[m[K‚Äô does not name a type; did you mean ‚Äò[01m[KInt32MultiArray[m[K‚Äô?
[3.735s]   340 | allback(const std_msgs::msg::[01;31m[KFloat64MultiArray[m[K::SharedPtr msg) {
[3.735s]       |                              [01;31m[K^~~~~~~~~~~~~~~~~[m[K
[3.735s]       |                              [32m[KInt32MultiArray[m[K
[3.735s] [01m[K/home/steven/ros2_ws/src/first_stage/src/first_stage_endeffector/src/first_stage_endeffector.cpp:340:72:[m[K [01;31m[Kerror: [m[Kexpected unqualified-id before ‚Äò[01m[Kmsg[m[K‚Äô
[3.736s]   340 | msg::Float64MultiArray::SharedPtr [01;31m[Kmsg[m[K) {
[3.736s]       |                                   [01;31m[K^~~[m[K
[3.736s] 
[3.736s] [01m[K/home/steven/ros2_ws/src/first_stage/src/first_stage_endeffector/src/first_stage_endeffector.cpp:340:71:[m[K [01;31m[Kerror: [m[Kexpected ‚Äò[01m[K)[m[K‚Äô before ‚Äò[01m[Kmsg[m[K‚Äô
[3.736s]   340 | msg::Float64MultiArray::SharedPtr[01;31m[K [m[K[32m[Kmsg[m[K) {
[3.736s]       |                                  [01;31m[K^[m[K[32m[K~~~[m[K
[3.736s]       |                                  [32m[K)[m[K
[3.736s] [01m[K/home/steven/ros2_ws/src/first_stage/src/first_stage_endeffector/src/first_stage_endeffector.cpp:340:62:[m[K [01;31m[Kerror: [m[Kexpected ‚Äò[01m[K;[m[K‚Äô at end of member declaration
[3.736s]   340 | sgs::msg::Float64MultiArray::[01;31m[KSharedPtr[m[K msg) {
[3.736s]       |                              [01;31m[K^~~~~~~~~[m[K
[3.736s]       |                                       [32m[K;[m[K
[3.736s] [01m[K/home/steven/ros2_ws/src/first_stage/src/first_stage_endeffector/src/first_stage_endeffector.cpp:340:72:[m[K [01;31m[Kerror: [m[K‚Äò[01m[Kmsg[m[K‚Äô does not name a type
[3.737s]   340 | msg::Float64MultiArray::SharedPtr [01;31m[Kmsg[m[K) {
[3.737s]       |                                   [01;31m[K^~~[m[K
[3.737s] 
[3.756s] [01m[K/home/steven/ros2_ws/src/first_stage/src/first_stage_endeffector/src/first_stage_endeffector.cpp:[m[K In constructor ‚Äò[01m[KRobotController::RobotController()[m[K‚Äô:
[3.756s] [01m[K/home/steven/ros2_ws/src/first_stage/src/first_stage_endeffector/src/first_stage_endeffector.cpp:37:5:[m[K [01;31m[Kerror: [m[K‚Äò[01m[Kforce_subscription_[m[K‚Äô was not declared in this scope; did you mean ‚Äò[01m[Krcl_subscription_t[m[K‚Äô?
[3.756s]    37 |     [01;31m[Kforce_subscription_[m[K = this->create_subscription<std_msgs::msg::Float64MultiArray>(
[3.756s]       |     [01;31m[K^~~~~~~~~~~~~~~~~~~[m[K
[3.756s]       |     [32m[Krcl_subscription_t[m[K
[3.756s] [01m[K/home/steven/ros2_ws/src/first_stage/src/first_stage_endeffector/src/first_stage_endeffector.cpp:37:68:[m[K [01;31m[Kerror: [m[K‚Äò[01m[KFloat64MultiArray[m[K‚Äô is not a member of ‚Äò[01m[Kstd_msgs::msg[m[K‚Äô; did you mean ‚Äò[01m[KInt32MultiArray[m[K‚Äô?
[3.757s]    37 | _subscription<std_msgs::msg::[01;31m[KFloat64MultiArray[m[K>(
[3.757s]       |                              [01;31m[K^~~~~~~~~~~~~~~~~[m[K
[3.757s]       |                              [32m[KInt32MultiArray[m[K
[3.757s] [01m[K/home/steven/ros2_ws/src/first_stage/src/first_stage_endeffector/src/first_stage_endeffector.cpp:37:86:[m[K [01;31m[Kerror: [m[Kno matching function for call to ‚Äò[01m[KRobotController::create_subscription<<expression error> >(const char [13], int, std::_Bind_helper<false, void (RobotController::*)(...), RobotController*, const std::_Placeholder<1>&>::type)[m[K‚Äô
[3.757s]    37 | [01;31m[Kption<std_msgs::msg::Float64MultiArray>([m[K
[3.757s]       | [01;31m[K~~~~~~~~~~~~~~~~~~~~~~~~~~~~~~~~~~~~~~~^[m[K
[3.757s] 
[3.757s]    38 | 
[3.757s]       |                                         
[3.757s] 
[3.757s]    39 | [01;31m[Kack, this, std::placeholders::_1))[m[K;
[3.757s]       | [01;31m[K~~~~~~~~~~~~~~~~~~~~~~~~~~~~~~~~~~[m[K      
[3.758s] 
[3.758s] In file included from [01m[K/opt/ros/humble/include/rclcpp/rclcpp/node.hpp:1321[m[K,
[3.758s]                  from [01m[K/opt/ros/humble/include/rclcpp/rclcpp/executors/single_threaded_executor.hpp:28[m[K,
[3.758s]                  from [01m[K/opt/ros/humble/include/rclcpp/rclcpp/executors.hpp:22[m[K,
[3.758s]                  from [01m[K/opt/ros/humble/include/rclcpp/rclcpp/rclcpp.hpp:155[m[K,
[3.758s]                  from [01m[K/home/steven/ros2_ws/src/first_stage/src/first_stage_endeffector/src/first_stage_endeffector.cpp:1[m[K:
[3.758s] [01m[K/opt/ros/humble/include/rclcpp/rclcpp/node_impl.hpp:92:1:[m[K [01;36m[Knote: [m[Kcandidate: ‚Äò[01m[Ktemplate<class MessageT, class CallbackT, class AllocatorT, class SubscriptionT, class MessageMemoryStrategyT> std::shared_ptr<ROSMessageT> rclcpp::Node::create_subscription(const string&, const rclcpp::QoS&, CallbackT&&, const rclcpp::SubscriptionOptionsWithAllocator<AllocatorT>&, typename MessageMemoryStrategyT::SharedPtr)[m[K‚Äô
[3.758s]    92 | [01;36m[KNode[m[K::create_subscription(
[3.758s]       | [01;36m[K^~~~[m[K
[3.758s] [01m[K/opt/ros/humble/include/rclcpp/rclcpp/node_impl.hpp:92:1:[m[K [01;36m[Knote: [m[K  template argument deduction/substitution failed:
[3.758s] [01m[K/home/steven/ros2_ws/src/first_stage/src/first_stage_endeffector/src/first_stage_endeffector.cpp:37:86:[m[K [01;31m[Kerror: [m[Ktemplate argument 1 is invalid
[3.758s]    37 | [01;31m[Kption<std_msgs::msg::Float64MultiArray>([m[K
[3.758s]       | [01;31m[K~~~~~~~~~~~~~~~~~~~~~~~~~~~~~~~~~~~~~~~^[m[K
[3.758s] 
[3.758s]    38 | 
[3.758s]       |                                         
[3.758s] 
[3.758s]    39 | [01;31m[Kack, this, std::placeholders::_1))[m[K;
[3.758s]       | [01;31m[K~~~~~~~~~~~~~~~~~~~~~~~~~~~~~~~~~~[m[K      
[3.758s] 
[3.790s] [01m[K/home/steven/ros2_ws/src/first_stage/src/first_stage_endeffector/src/first_stage_endeffector.cpp:[m[K At global scope:
[3.790s] [01m[K/home/steven/ros2_ws/src/first_stage/src/first_stage_endeffector/src/first_stage_endeffector.cpp:2400:1:[m[K [01;31m[Kerror: [m[Kversion control conflict marker in file
[3.790s]  2400 | [01;31m[K=======[m[K
[3.790s]       | [01;31m[K^~~~~~~[m[K
[3.790s] [01m[K/home/steven/ros2_ws/src/first_stage/src/first_stage_endeffector/src/first_stage_endeffector.cpp:2401:1:[m[K [01;31m[Kerror: [m[Kexpected declaration before ‚Äò[01m[K}[m[K‚Äô token
[3.790s]  2401 | [01;31m[K}[m[K
[3.790s]       | [01;31m[K^[m[K
[3.790s] [01m[K/home/steven/ros2_ws/src/first_stage/src/first_stage_endeffector/src/first_stage_endeffector.cpp:2402:1:[m[K [01;31m[Kerror: [m[Kversion control conflict marker in file
[3.790s]  2402 | [01;31m[K>>>>>>>[m[K 486f333f442fd9f602a52c008d070af087fb37bf
[3.790s]       | [01;31m[K^~~~~~~[m[K
[7.928s] gmake[2]: *** [CMakeFiles/first_stage_endeffector.dir/build.make:76ÔºöCMakeFiles/first_stage_endeffector.dir/src/first_stage_endeffector.cpp.o] ÈåØË™§ 1
[7.929s] gmake[1]: *** [CMakeFiles/Makefile2:137ÔºöCMakeFiles/first_stage_endeffector.dir/all] ÈåØË™§ 2
[7.929s] gmake: *** [Makefile:146Ôºöall] ÈåØË™§ 2
[7.931s] Invoked command in '/home/steven/ros2_ws/src/first_stage/build/first_stage_endeffector' returned '2': CMAKE_PREFIX_PATH=${CMAKE_PREFIX_PATH}:/home/steven/ros2_ws/src/first_stage/install/first_stage_rg2 /usr/bin/cmake --build /home/steven/ros2_ws/src/first_stage/build/first_stage_endeffector -- -j32 -l32
