[0.041s] DEBUG:colcon:Command line arguments: ['/usr/bin/colcon', 'build']
[0.041s] DEBUG:colcon:Parsed command line arguments: Namespace(log_base=None, log_level=None, verb_name='build', build_base='build', install_base='install', merge_install=False, symlink_install=False, test_result_base=None, continue_on_error=False, executor='parallel', parallel_workers=32, event_handlers=None, ignore_user_meta=False, metas=['./colcon.meta'], base_paths=['.'], packages_ignore=None, packages_ignore_regex=None, paths=None, packages_up_to=None, packages_up_to_regex=None, packages_above=None, packages_above_and_dependencies=None, packages_above_depth=None, packages_select_by_dep=None, packages_skip_by_dep=None, packages_skip_up_to=None, packages_select_build_failed=False, packages_skip_build_finished=False, packages_select_test_failures=False, packages_skip_test_passed=False, packages_select=None, packages_skip=None, packages_select_regex=None, packages_skip_regex=None, packages_start=None, packages_end=None, allow_overriding=[], cmake_args=None, cmake_target=None, cmake_target_skip_unavailable=False, cmake_clean_cache=False, cmake_clean_first=False, cmake_force_configure=False, ament_cmake_args=None, catkin_cmake_args=None, catkin_skip_building_tests=False, verb_parser=<colcon_defaults.argument_parser.defaults.DefaultArgumentsDecorator object at 0x7d29f836ec20>, verb_extension=<colcon_core.verb.build.BuildVerb object at 0x7d29f836e9e0>, main=<bound method BuildVerb.main of <colcon_core.verb.build.BuildVerb object at 0x7d29f836e9e0>>)
[0.087s] ERROR:colcon.colcon_core.extension_point:Exception loading extension 'colcon_core.package_identification.python_setup_py': popped block is not an except handler
Traceback (most recent call last):
  File "/home/steven/.local/lib/python3.10/site-packages/pkg_resources/__init__.py", line 2719, in _dep_map
    return self.__dep_map
  File "/home/steven/.local/lib/python3.10/site-packages/pkg_resources/__init__.py", line 2834, in __getattr__
    raise AttributeError(attr)
AttributeError: _Distribution__dep_map

During handling of the above exception, another exception occurred:

Traceback (most recent call last):
  File "/home/steven/.local/lib/python3.10/site-packages/pkg_resources/_vendor/pyparsing/core.py", line 4114, in parseImpl
    return e._parse(
  File "/home/steven/.local/lib/python3.10/site-packages/pkg_resources/_vendor/pyparsing/core.py", line 821, in _parseNoCache
    loc, tokens = self.parseImpl(instring, pre_loc, doActions)
  File "/home/steven/.local/lib/python3.10/site-packages/pkg_resources/_vendor/pyparsing/core.py", line 2341, in parseImpl
    raise ParseException(instring, loc, self.errmsg, self)
pkg_resources._vendor.pyparsing.exceptions.ParseException: Expected 'platform_version', found 'sys'  (at char 0), (line:1, col:1)

During handling of the above exception, another exception occurred:

Traceback (most recent call last):
  File "/usr/lib/python3/dist-packages/colcon_core/extension_point.py", line 169, in load_extension_points
    extension_type = load_extension_point(name, value, group)
  File "/usr/lib/python3/dist-packages/colcon_core/extension_point.py", line 210, in load_extension_point
    return EntryPoint(name, value, group).load()
  File "/usr/lib/python3.10/importlib/metadata/__init__.py", line 171, in load
    module = import_module(match.group('module'))
  File "/usr/lib/python3.10/importlib/__init__.py", line 126, in import_module
    return _bootstrap._gcd_import(name[level:], package, level)
  File "<frozen importlib._bootstrap>", line 1050, in _gcd_import
  File "<frozen importlib._bootstrap>", line 1027, in _find_and_load
  File "<frozen importlib._bootstrap>", line 1006, in _find_and_load_unlocked
  File "<frozen importlib._bootstrap>", line 688, in _load_unlocked
  File "<frozen importlib._bootstrap_external>", line 883, in exec_module
  File "<frozen importlib._bootstrap>", line 241, in _call_with_frames_removed
  File "/usr/lib/python3/dist-packages/colcon_python_setup_py/package_identification/python_setup_py.py", line 9, in <module>
    import setuptools
  File "/home/steven/.local/lib/python3.10/site-packages/setuptools/__init__.py", line 16, in <module>
    import setuptools.version
  File "/home/steven/.local/lib/python3.10/site-packages/setuptools/version.py", line 1, in <module>
    import pkg_resources
  File "/home/steven/.local/lib/python3.10/site-packages/pkg_resources/__init__.py", line 3260, in <module>
    def _initialize_master_working_set():
  File "/home/steven/.local/lib/python3.10/site-packages/pkg_resources/__init__.py", line 3234, in _call_aside
    f(*args, **kwargs)
  File "/home/steven/.local/lib/python3.10/site-packages/pkg_resources/__init__.py", line 3272, in _initialize_master_working_set
    working_set = WorkingSet._build_master()
  File "/home/steven/.local/lib/python3.10/site-packages/pkg_resources/__init__.py", line 581, in _build_master
    ws.require(__requires__)
  File "/home/steven/.local/lib/python3.10/site-packages/pkg_resources/__init__.py", line 909, in require
    needed = self.resolve(parse_requirements(requirements))
  File "/home/steven/.local/lib/python3.10/site-packages/pkg_resources/__init__.py", line 803, in resolve
    new_requirements = dist.requires(req.extras)[::-1]
  File "/home/steven/.local/lib/python3.10/site-packages/pkg_resources/__init__.py", line 2755, in requires
    dm = self._dep_map
  File "/home/steven/.local/lib/python3.10/site-packages/pkg_resources/__init__.py", line 2721, in _dep_map
    self.__dep_map = self._filter_extras(self._build_dep_map())
  File "/home/steven/.local/lib/python3.10/site-packages/pkg_resources/__init__.py", line 2737, in _filter_extras
    or not evaluate_marker(marker)
  File "/home/steven/.local/lib/python3.10/site-packages/pkg_resources/__init__.py", line 1388, in evaluate_marker
    marker = packaging.markers.Marker(text)
  File "/home/steven/.local/lib/python3.10/site-packages/pkg_resources/_vendor/packaging/markers.py", line 278, in __init__
    self._markers = _coerce_parse_result(MARKER.parseString(marker))
  File "/home/steven/.local/lib/python3.10/site-packages/pkg_resources/_vendor/pyparsing/core.py", line 1131, in parse_string
    loc, tokens = self._parse(instring, 0)
  File "/home/steven/.local/lib/python3.10/site-packages/pkg_resources/_vendor/pyparsing/core.py", line 817, in _parseNoCache
    loc, tokens = self.parseImpl(instring, pre_loc, doActions)
  File "/home/steven/.local/lib/python3.10/site-packages/pkg_resources/_vendor/pyparsing/core.py", line 3886, in parseImpl
    loc, exprtokens = e._parse(instring, loc, doActions)
  File "/home/steven/.local/lib/python3.10/site-packages/pkg_resources/_vendor/pyparsing/core.py", line 817, in _parseNoCache
    loc, tokens = self.parseImpl(instring, pre_loc, doActions)
  File "/home/steven/.local/lib/python3.10/site-packages/pkg_resources/_vendor/pyparsing/core.py", line 5226, in parseImpl
    return super().parseImpl(instring, loc, doActions)
  File "/home/steven/.local/lib/python3.10/site-packages/pkg_resources/_vendor/pyparsing/core.py", line 4375, in parseImpl
    return self.expr._parse(instring, loc, doActions, callPreParse=False)
  File "/home/steven/.local/lib/python3.10/site-packages/pkg_resources/_vendor/pyparsing/core.py", line 817, in _parseNoCache
    loc, tokens = self.parseImpl(instring, pre_loc, doActions)
  File "/home/steven/.local/lib/python3.10/site-packages/pkg_resources/_vendor/pyparsing/core.py", line 3864, in parseImpl
    loc, resultlist = self.exprs[0]._parse(
  File "/home/steven/.local/lib/python3.10/site-packages/pkg_resources/_vendor/pyparsing/core.py", line 817, in _parseNoCache
    loc, tokens = self.parseImpl(instring, pre_loc, doActions)
  File "/home/steven/.local/lib/python3.10/site-packages/pkg_resources/_vendor/pyparsing/core.py", line 4114, in parseImpl
    return e._parse(
  File "/home/steven/.local/lib/python3.10/site-packages/pkg_resources/_vendor/pyparsing/core.py", line 817, in _parseNoCache
    loc, tokens = self.parseImpl(instring, pre_loc, doActions)
  File "/home/steven/.local/lib/python3.10/site-packages/pkg_resources/_vendor/pyparsing/core.py", line 4375, in parseImpl
    return self.expr._parse(instring, loc, doActions, callPreParse=False)
  File "/home/steven/.local/lib/python3.10/site-packages/pkg_resources/_vendor/pyparsing/core.py", line 817, in _parseNoCache
    loc, tokens = self.parseImpl(instring, pre_loc, doActions)
  File "/home/steven/.local/lib/python3.10/site-packages/pkg_resources/_vendor/pyparsing/core.py", line 3864, in parseImpl
    loc, resultlist = self.exprs[0]._parse(
  File "/home/steven/.local/lib/python3.10/site-packages/pkg_resources/_vendor/pyparsing/core.py", line 817, in _parseNoCache
    loc, tokens = self.parseImpl(instring, pre_loc, doActions)
  File "/home/steven/.local/lib/python3.10/site-packages/pkg_resources/_vendor/pyparsing/core.py", line 4114, in parseImpl
    return e._parse(
  File "/home/steven/.local/lib/python3.10/site-packages/pkg_resources/_vendor/pyparsing/core.py", line 817, in _parseNoCache
    loc, tokens = self.parseImpl(instring, pre_loc, doActions)
  File "/home/steven/.local/lib/python3.10/site-packages/pkg_resources/_vendor/pyparsing/core.py", line -1, in parseImpl
SystemError: popped block is not an except handler

[0.088s] Level 1:colcon.colcon_core.package_discovery:discover_packages(colcon_meta) check parameters
[0.088s] Level 1:colcon.colcon_core.package_discovery:discover_packages(recursive) check parameters
[0.088s] Level 1:colcon.colcon_core.package_discovery:discover_packages(ignore) check parameters
[0.088s] Level 1:colcon.colcon_core.package_discovery:discover_packages(path) check parameters
[0.088s] Level 1:colcon.colcon_core.package_discovery:discover_packages(colcon_meta) discover
[0.088s] Level 1:colcon.colcon_core.package_discovery:discover_packages(recursive) discover
[0.088s] INFO:colcon.colcon_core.package_discovery:Crawling recursively for packages in '/home/steven/ros2_ws/src/dual_arm_collaboration'
[0.088s] Level 1:colcon.colcon_core.package_identification:_identify(.) by extensions ['ignore', 'ignore_ament_install']
[0.088s] Level 1:colcon.colcon_core.package_identification:_identify(.) by extension 'ignore'
[0.088s] Level 1:colcon.colcon_core.package_identification:_identify(.) by extension 'ignore_ament_install'
[0.088s] Level 1:colcon.colcon_core.package_identification:_identify(.) by extensions ['colcon_pkg']
[0.088s] Level 1:colcon.colcon_core.package_identification:_identify(.) by extension 'colcon_pkg'
[0.088s] Level 1:colcon.colcon_core.package_identification:_identify(.) by extensions ['colcon_meta']
[0.088s] Level 1:colcon.colcon_core.package_identification:_identify(.) by extension 'colcon_meta'
[0.088s] Level 1:colcon.colcon_core.package_identification:_identify(.) by extensions ['ros']
[0.088s] Level 1:colcon.colcon_core.package_identification:_identify(.) by extension 'ros'
[0.094s] DEBUG:colcon.colcon_core.package_identification:Failed to parse potential ROS package manifest in'.': Error(s) in package './package.xml':
The manifest contains invalid XML:
XML or text declaration not at start of entity: line 2, column 0
[0.094s] Level 1:colcon.colcon_core.package_identification:_identify(.) by extensions ['cmake', 'python']
[0.094s] Level 1:colcon.colcon_core.package_identification:_identify(.) by extension 'cmake'
[0.094s] Level 1:colcon.colcon_core.package_identification:_identify(.) by extension 'python'
[0.094s] DEBUG:colcon.colcon_core.package_identification:Python package in '.' passes arguments to the setup() function which requires a different identification extension than 'python'
[0.094s] Level 1:colcon.colcon_core.package_identification:_identify(build) by extensions ['ignore', 'ignore_ament_install']
[0.094s] Level 1:colcon.colcon_core.package_identification:_identify(build) by extension 'ignore'
[0.094s] Level 1:colcon.colcon_core.package_identification:_identify(build) ignored
[0.094s] Level 1:colcon.colcon_core.package_identification:_identify(config) by extensions ['ignore', 'ignore_ament_install']
[0.094s] Level 1:colcon.colcon_core.package_identification:_identify(config) by extension 'ignore'
[0.094s] Level 1:colcon.colcon_core.package_identification:_identify(config) by extension 'ignore_ament_install'
[0.094s] Level 1:colcon.colcon_core.package_identification:_identify(config) by extensions ['colcon_pkg']
[0.094s] Level 1:colcon.colcon_core.package_identification:_identify(config) by extension 'colcon_pkg'
[0.094s] Level 1:colcon.colcon_core.package_identification:_identify(config) by extensions ['colcon_meta']
[0.094s] Level 1:colcon.colcon_core.package_identification:_identify(config) by extension 'colcon_meta'
[0.094s] Level 1:colcon.colcon_core.package_identification:_identify(config) by extensions ['ros']
[0.094s] Level 1:colcon.colcon_core.package_identification:_identify(config) by extension 'ros'
[0.094s] Level 1:colcon.colcon_core.package_identification:_identify(config) by extensions ['cmake', 'python']
[0.094s] Level 1:colcon.colcon_core.package_identification:_identify(config) by extension 'cmake'
[0.094s] Level 1:colcon.colcon_core.package_identification:_identify(config) by extension 'python'
[0.094s] Level 1:colcon.colcon_core.package_identification:_identify(dual_arm_collaboration) by extensions ['ignore', 'ignore_ament_install']
[0.094s] Level 1:colcon.colcon_core.package_identification:_identify(dual_arm_collaboration) by extension 'ignore'
[0.094s] Level 1:colcon.colcon_core.package_identification:_identify(dual_arm_collaboration) by extension 'ignore_ament_install'
[0.094s] Level 1:colcon.colcon_core.package_identification:_identify(dual_arm_collaboration) by extensions ['colcon_pkg']
[0.094s] Level 1:colcon.colcon_core.package_identification:_identify(dual_arm_collaboration) by extension 'colcon_pkg'
[0.094s] Level 1:colcon.colcon_core.package_identification:_identify(dual_arm_collaboration) by extensions ['colcon_meta']
[0.094s] Level 1:colcon.colcon_core.package_identification:_identify(dual_arm_collaboration) by extension 'colcon_meta'
[0.094s] Level 1:colcon.colcon_core.package_identification:_identify(dual_arm_collaboration) by extensions ['ros']
[0.094s] Level 1:colcon.colcon_core.package_identification:_identify(dual_arm_collaboration) by extension 'ros'
[0.094s] Level 1:colcon.colcon_core.package_identification:_identify(dual_arm_collaboration) by extensions ['cmake', 'python']
[0.094s] Level 1:colcon.colcon_core.package_identification:_identify(dual_arm_collaboration) by extension 'cmake'
[0.094s] Level 1:colcon.colcon_core.package_identification:_identify(dual_arm_collaboration) by extension 'python'
[0.094s] Level 1:colcon.colcon_core.package_identification:_identify(dual_arm_collaboration/controllers) by extensions ['ignore', 'ignore_ament_install']
[0.094s] Level 1:colcon.colcon_core.package_identification:_identify(dual_arm_collaboration/controllers) by extension 'ignore'
[0.094s] Level 1:colcon.colcon_core.package_identification:_identify(dual_arm_collaboration/controllers) by extension 'ignore_ament_install'
[0.094s] Level 1:colcon.colcon_core.package_identification:_identify(dual_arm_collaboration/controllers) by extensions ['colcon_pkg']
[0.094s] Level 1:colcon.colcon_core.package_identification:_identify(dual_arm_collaboration/controllers) by extension 'colcon_pkg'
[0.094s] Level 1:colcon.colcon_core.package_identification:_identify(dual_arm_collaboration/controllers) by extensions ['colcon_meta']
[0.094s] Level 1:colcon.colcon_core.package_identification:_identify(dual_arm_collaboration/controllers) by extension 'colcon_meta'
[0.094s] Level 1:colcon.colcon_core.package_identification:_identify(dual_arm_collaboration/controllers) by extensions ['ros']
[0.094s] Level 1:colcon.colcon_core.package_identification:_identify(dual_arm_collaboration/controllers) by extension 'ros'
[0.094s] Level 1:colcon.colcon_core.package_identification:_identify(dual_arm_collaboration/controllers) by extensions ['cmake', 'python']
[0.094s] Level 1:colcon.colcon_core.package_identification:_identify(dual_arm_collaboration/controllers) by extension 'cmake'
[0.094s] Level 1:colcon.colcon_core.package_identification:_identify(dual_arm_collaboration/controllers) by extension 'python'
[0.094s] Level 1:colcon.colcon_core.package_identification:_identify(install) by extensions ['ignore', 'ignore_ament_install']
[0.094s] Level 1:colcon.colcon_core.package_identification:_identify(install) by extension 'ignore'
[0.094s] Level 1:colcon.colcon_core.package_identification:_identify(install) ignored
[0.095s] Level 1:colcon.colcon_core.package_identification:_identify(launch) by extensions ['ignore', 'ignore_ament_install']
[0.095s] Level 1:colcon.colcon_core.package_identification:_identify(launch) by extension 'ignore'
[0.095s] Level 1:colcon.colcon_core.package_identification:_identify(launch) by extension 'ignore_ament_install'
[0.095s] Level 1:colcon.colcon_core.package_identification:_identify(launch) by extensions ['colcon_pkg']
[0.095s] Level 1:colcon.colcon_core.package_identification:_identify(launch) by extension 'colcon_pkg'
[0.095s] Level 1:colcon.colcon_core.package_identification:_identify(launch) by extensions ['colcon_meta']
[0.095s] Level 1:colcon.colcon_core.package_identification:_identify(launch) by extension 'colcon_meta'
[0.095s] Level 1:colcon.colcon_core.package_identification:_identify(launch) by extensions ['ros']
[0.095s] Level 1:colcon.colcon_core.package_identification:_identify(launch) by extension 'ros'
[0.095s] Level 1:colcon.colcon_core.package_identification:_identify(launch) by extensions ['cmake', 'python']
[0.095s] Level 1:colcon.colcon_core.package_identification:_identify(launch) by extension 'cmake'
[0.095s] Level 1:colcon.colcon_core.package_identification:_identify(launch) by extension 'python'
[0.095s] Level 1:colcon.colcon_core.package_identification:_identify(log) by extensions ['ignore', 'ignore_ament_install']
[0.095s] Level 1:colcon.colcon_core.package_identification:_identify(log) by extension 'ignore'
[0.095s] Level 1:colcon.colcon_core.package_identification:_identify(log) ignored
[0.095s] Level 1:colcon.colcon_core.package_identification:_identify(resource) by extensions ['ignore', 'ignore_ament_install']
[0.095s] Level 1:colcon.colcon_core.package_identification:_identify(resource) by extension 'ignore'
[0.095s] Level 1:colcon.colcon_core.package_identification:_identify(resource) by extension 'ignore_ament_install'
[0.095s] Level 1:colcon.colcon_core.package_identification:_identify(resource) by extensions ['colcon_pkg']
[0.095s] Level 1:colcon.colcon_core.package_identification:_identify(resource) by extension 'colcon_pkg'
[0.095s] Level 1:colcon.colcon_core.package_identification:_identify(resource) by extensions ['colcon_meta']
[0.095s] Level 1:colcon.colcon_core.package_identification:_identify(resource) by extension 'colcon_meta'
[0.095s] Level 1:colcon.colcon_core.package_identification:_identify(resource) by extensions ['ros']
[0.095s] Level 1:colcon.colcon_core.package_identification:_identify(resource) by extension 'ros'
[0.095s] Level 1:colcon.colcon_core.package_identification:_identify(resource) by extensions ['cmake', 'python']
[0.095s] Level 1:colcon.colcon_core.package_identification:_identify(resource) by extension 'cmake'
[0.095s] Level 1:colcon.colcon_core.package_identification:_identify(resource) by extension 'python'
[0.095s] Level 1:colcon.colcon_core.package_identification:_identify(rviz) by extensions ['ignore', 'ignore_ament_install']
[0.095s] Level 1:colcon.colcon_core.package_identification:_identify(rviz) by extension 'ignore'
[0.095s] Level 1:colcon.colcon_core.package_identification:_identify(rviz) by extension 'ignore_ament_install'
[0.095s] Level 1:colcon.colcon_core.package_identification:_identify(rviz) by extensions ['colcon_pkg']
[0.095s] Level 1:colcon.colcon_core.package_identification:_identify(rviz) by extension 'colcon_pkg'
[0.095s] Level 1:colcon.colcon_core.package_identification:_identify(rviz) by extensions ['colcon_meta']
[0.095s] Level 1:colcon.colcon_core.package_identification:_identify(rviz) by extension 'colcon_meta'
[0.095s] Level 1:colcon.colcon_core.package_identification:_identify(rviz) by extensions ['ros']
[0.095s] Level 1:colcon.colcon_core.package_identification:_identify(rviz) by extension 'ros'
[0.095s] Level 1:colcon.colcon_core.package_identification:_identify(rviz) by extensions ['cmake', 'python']
[0.095s] Level 1:colcon.colcon_core.package_identification:_identify(rviz) by extension 'cmake'
[0.095s] Level 1:colcon.colcon_core.package_identification:_identify(rviz) by extension 'python'
[0.095s] Level 1:colcon.colcon_core.package_identification:_identify(scripts) by extensions ['ignore', 'ignore_ament_install']
[0.095s] Level 1:colcon.colcon_core.package_identification:_identify(scripts) by extension 'ignore'
[0.095s] Level 1:colcon.colcon_core.package_identification:_identify(scripts) by extension 'ignore_ament_install'
[0.095s] Level 1:colcon.colcon_core.package_identification:_identify(scripts) by extensions ['colcon_pkg']
[0.095s] Level 1:colcon.colcon_core.package_identification:_identify(scripts) by extension 'colcon_pkg'
[0.095s] Level 1:colcon.colcon_core.package_identification:_identify(scripts) by extensions ['colcon_meta']
[0.095s] Level 1:colcon.colcon_core.package_identification:_identify(scripts) by extension 'colcon_meta'
[0.095s] Level 1:colcon.colcon_core.package_identification:_identify(scripts) by extensions ['ros']
[0.095s] Level 1:colcon.colcon_core.package_identification:_identify(scripts) by extension 'ros'
[0.095s] Level 1:colcon.colcon_core.package_identification:_identify(scripts) by extensions ['cmake', 'python']
[0.095s] Level 1:colcon.colcon_core.package_identification:_identify(scripts) by extension 'cmake'
[0.095s] Level 1:colcon.colcon_core.package_identification:_identify(scripts) by extension 'python'
[0.095s] Level 1:colcon.colcon_core.package_identification:_identify(test) by extensions ['ignore', 'ignore_ament_install']
[0.095s] Level 1:colcon.colcon_core.package_identification:_identify(test) by extension 'ignore'
[0.095s] Level 1:colcon.colcon_core.package_identification:_identify(test) by extension 'ignore_ament_install'
[0.095s] Level 1:colcon.colcon_core.package_identification:_identify(test) by extensions ['colcon_pkg']
[0.095s] Level 1:colcon.colcon_core.package_identification:_identify(test) by extension 'colcon_pkg'
[0.095s] Level 1:colcon.colcon_core.package_identification:_identify(test) by extensions ['colcon_meta']
[0.095s] Level 1:colcon.colcon_core.package_identification:_identify(test) by extension 'colcon_meta'
[0.095s] Level 1:colcon.colcon_core.package_identification:_identify(test) by extensions ['ros']
[0.095s] Level 1:colcon.colcon_core.package_identification:_identify(test) by extension 'ros'
[0.095s] Level 1:colcon.colcon_core.package_identification:_identify(test) by extensions ['cmake', 'python']
[0.095s] Level 1:colcon.colcon_core.package_identification:_identify(test) by extension 'cmake'
[0.095s] Level 1:colcon.colcon_core.package_identification:_identify(test) by extension 'python'
[0.096s] Level 1:colcon.colcon_core.package_identification:_identify(urdf) by extensions ['ignore', 'ignore_ament_install']
[0.096s] Level 1:colcon.colcon_core.package_identification:_identify(urdf) by extension 'ignore'
[0.096s] Level 1:colcon.colcon_core.package_identification:_identify(urdf) by extension 'ignore_ament_install'
[0.096s] Level 1:colcon.colcon_core.package_identification:_identify(urdf) by extensions ['colcon_pkg']
[0.096s] Level 1:colcon.colcon_core.package_identification:_identify(urdf) by extension 'colcon_pkg'
[0.096s] Level 1:colcon.colcon_core.package_identification:_identify(urdf) by extensions ['colcon_meta']
[0.096s] Level 1:colcon.colcon_core.package_identification:_identify(urdf) by extension 'colcon_meta'
[0.096s] Level 1:colcon.colcon_core.package_identification:_identify(urdf) by extensions ['ros']
[0.096s] Level 1:colcon.colcon_core.package_identification:_identify(urdf) by extension 'ros'
[0.096s] Level 1:colcon.colcon_core.package_identification:_identify(urdf) by extensions ['cmake', 'python']
[0.096s] Level 1:colcon.colcon_core.package_identification:_identify(urdf) by extension 'cmake'
[0.096s] Level 1:colcon.colcon_core.package_identification:_identify(urdf) by extension 'python'
[0.096s] Level 1:colcon.colcon_core.package_discovery:discover_packages(recursive) using defaults
[0.096s] Level 1:colcon.colcon_core.package_discovery:discover_packages(ignore) discover
[0.096s] Level 1:colcon.colcon_core.package_discovery:discover_packages(ignore) using defaults
[0.096s] Level 1:colcon.colcon_core.package_discovery:discover_packages(path) discover
[0.096s] Level 1:colcon.colcon_core.package_discovery:discover_packages(path) using defaults
[0.185s] Level 1:colcon.colcon_core.package_discovery:discover_packages(prefix_path) check parameters
[0.185s] Level 1:colcon.colcon_core.package_discovery:discover_packages(prefix_path) discover
[0.186s] DEBUG:colcon.colcon_installed_package_information.package_discovery:Found 376 installed packages in /opt/ros/humble
[0.186s] Level 1:colcon.colcon_core.package_discovery:discover_packages(prefix_path) using defaults
[0.203s] INFO:colcon.colcon_core.executor:Executing jobs using 'parallel' executor
[0.203s] DEBUG:colcon.colcon_parallel_executor.executor.parallel:run_until_complete
[0.203s] DEBUG:colcon.colcon_parallel_executor.executor.parallel:closing loop
[0.203s] DEBUG:colcon.colcon_parallel_executor.executor.parallel:loop closed
[0.203s] DEBUG:colcon.colcon_parallel_executor.executor.parallel:run_until_complete finished with '0'
[0.203s] DEBUG:colcon.colcon_core.event_reactor:joining thread
[0.205s] INFO:colcon.colcon_core.plugin_system:Skipping extension 'colcon_notification.desktop_notification.terminal_notifier': Not used on non-Darwin systems
[0.205s] INFO:colcon.colcon_core.plugin_system:Skipping extension 'colcon_notification.desktop_notification.win32': Not used on non-Windows systems
[0.205s] INFO:colcon.colcon_notification.desktop_notification:Sending desktop notification using 'notify2'
[0.210s] DEBUG:colcon.colcon_core.event_reactor:joined thread
[0.211s] INFO:colcon.colcon_core.plugin_system:Skipping extension 'colcon_core.shell.bat': Not used on non-Windows systems
[0.211s] INFO:colcon.colcon_core.shell:Creating prefix script '/home/steven/ros2_ws/src/dual_arm_collaboration/install/local_setup.ps1'
[0.212s] INFO:colcon.colcon_core.shell:Creating prefix util module '/home/steven/ros2_ws/src/dual_arm_collaboration/install/_local_setup_util_ps1.py'
[0.212s] INFO:colcon.colcon_core.shell:Creating prefix chain script '/home/steven/ros2_ws/src/dual_arm_collaboration/install/setup.ps1'
[0.212s] INFO:colcon.colcon_core.shell:Creating prefix script '/home/steven/ros2_ws/src/dual_arm_collaboration/install/local_setup.sh'
[0.213s] INFO:colcon.colcon_core.shell:Creating prefix util module '/home/steven/ros2_ws/src/dual_arm_collaboration/install/_local_setup_util_sh.py'
[0.213s] INFO:colcon.colcon_core.shell:Creating prefix chain script '/home/steven/ros2_ws/src/dual_arm_collaboration/install/setup.sh'
[0.213s] INFO:colcon.colcon_core.shell:Creating prefix script '/home/steven/ros2_ws/src/dual_arm_collaboration/install/local_setup.bash'
[0.213s] INFO:colcon.colcon_core.shell:Creating prefix chain script '/home/steven/ros2_ws/src/dual_arm_collaboration/install/setup.bash'
[0.214s] INFO:colcon.colcon_core.shell:Creating prefix script '/home/steven/ros2_ws/src/dual_arm_collaboration/install/local_setup.zsh'
[0.214s] INFO:colcon.colcon_core.shell:Creating prefix chain script '/home/steven/ros2_ws/src/dual_arm_collaboration/install/setup.zsh'
