-- Found ament_cmake: 1.3.11 (/opt/ros/humble/share/ament_cmake/cmake)
-- Found rclcpp: 16.0.11 (/opt/ros/humble/share/rclcpp/cmake)
-- Found rosidl_generator_c: 3.1.6 (/opt/ros/humble/share/rosidl_generator_c/cmake)
-- Found rosidl_adapter: 3.1.6 (/opt/ros/humble/share/rosidl_adapter/cmake)
-- Found rosidl_generator_cpp: 3.1.6 (/opt/ros/humble/share/rosidl_generator_cpp/cmake)
-- Using all available rosidl_typesupport_c: rosidl_typesupport_fastrtps_c;rosidl_typesupport_introspection_c
-- Using all available rosidl_typesupport_cpp: rosidl_typesupport_fastrtps_cpp;rosidl_typesupport_introspection_cpp
-- Found rmw_implementation_cmake: 6.1.2 (/opt/ros/humble/share/rmw_implementation_cmake/cmake)
-- Found rmw_fastrtps_cpp: 6.2.7 (/opt/ros/humble/share/rmw_fastrtps_cpp/cmake)
-- Using RMW implementation 'rmw_fastrtps_cpp' as default
-- Found Boost: /usr/lib/x86_64-linux-gnu/cmake/Boost-1.74.0/BoostConfig.cmake (found version "1.74.0") found components: system filesystem date_time thread 
-- Found control_msgs: 4.7.0 (/opt/ros/humble/share/control_msgs/cmake)
-- Found moveit_common: 2.5.5 (/home/steven/ws_moveit2/install/moveit_common/share/moveit_common/cmake)
-- Found moveit_core: 2.5.5 (/home/steven/ws_moveit2/install/moveit_core/share/moveit_core/cmake)
-- Found Boost: /usr/lib/x86_64-linux-gnu/cmake/Boost-1.74.0/BoostConfig.cmake (found version "1.74.0") found components: chrono date_time filesystem iostreams program_options regex serialization system thread 
-- Found parameter_traits: 0.4.0 (/opt/ros/humble/share/parameter_traits/cmake)
-- Found rclcpp_lifecycle: 16.0.11 (/opt/ros/humble/share/rclcpp_lifecycle/cmake)
-- Found Boost: /usr/lib/x86_64-linux-gnu/cmake/Boost-1.74.0/BoostConfig.cmake (found version "1.74.0") found components: filesystem 
-- library: /usr/lib/x86_64-linux-gnu/libcurl.so
-- Ensuring Eigen3 include directory is part of orocos-kdl CMake target
-- Found moveit_ros_planning: 2.5.5 (/home/steven/ws_moveit2/install/moveit_ros_planning/share/moveit_ros_planning/cmake)
-- Found Boost: /usr/lib/x86_64-linux-gnu/cmake/Boost-1.74.0/BoostConfig.cmake (found version "1.74.0") found components: system filesystem date_time program_options thread chrono 
-- Found moveit_ros_planning_interface: 2.5.5 (/home/steven/ws_moveit2/install/moveit_ros_planning_interface/share/moveit_ros_planning_interface/cmake)
-- Found Boost: /usr/lib/x86_64-linux-gnu/cmake/Boost-1.74.0/BoostConfig.cmake (found version "1.74.0") found components: date_time filesystem program_options system thread 
-- Found Boost: /usr/lib/x86_64-linux-gnu/cmake/Boost-1.74.0/BoostConfig.cmake (found version "1.74.0") found components: thread system filesystem regex date_time program_options 
-- Found Boost: /usr/lib/x86_64-linux-gnu/cmake/Boost-1.74.0/BoostConfig.cmake (found version "1.74.0") found components: system filesystem date_time program_options thread 
-- Found moveit_servo: 2.5.5 (/home/steven/ws_moveit2/install/moveit_servo/share/moveit_servo/cmake)
-- Found interactive_markers: 2.3.2 (/opt/ros/humble/share/interactive_markers/cmake)
-- Found rviz_visual_tools: 4.1.4 (/opt/ros/humble/share/rviz_visual_tools/cmake)
-- Setting assimp_DIR to: '/opt/ros/humble/share/rviz_assimp_vendor/cmake/../../../opt/rviz_assimp_vendor/lib/cmake/assimp-4.1'
-- Setting OGRE_DIR to: '/opt/ros/humble/share/rviz_ogre_vendor/cmake/../../../opt/rviz_ogre_vendor/lib/OGRE/cmake'
-- Found OGRE
--   static     : OFF
--   components : HLMS;MeshLodGenerator;Overlay;Paging;Property;RTShaderSystem;Terrain;Volume
--   plugins    : Plugin_BSPSceneManager;Plugin_OctreeSceneManager;Plugin_PCZSceneManager;Plugin_ParticleFX;RenderSystem_GL;RenderSystem_GL3Plus;Codec_STBI
--   media      : /opt/ros/humble/opt/rviz_ogre_vendor/share/OGRE/Media
-- OGRE_LIBRARIES: OgreHLMS;OgreMeshLodGenerator;OgreOverlay;OgrePaging;OgreProperty;OgreRTShaderSystem;OgreTerrain;OgreVolume;OgreMain
-- OGRE_LIBRARY_DIRS: /opt/ros/humble/opt/rviz_ogre_vendor/lib
-- OGRE_PLUGINS: Plugin_BSPSceneManager;Plugin_OctreeSceneManager;Plugin_PCZSceneManager;Plugin_ParticleFX;RenderSystem_GL;RenderSystem_GL3Plus;Codec_STBI
-- OGRE_PLUGIN_DIR: /opt/ros/humble/opt/rviz_ogre_vendor/lib/OGRE
-- rviz_ogre_vendor::OgreOverlay for IMPORTED_LOCATION_RELEASE: /opt/ros/humble/opt/rviz_ogre_vendor/lib/libOgreOverlay.so
-- rviz_ogre_vendor::OgreOverlay for IMPORTED_LOCATION_DEBUG: /opt/ros/humble/opt/rviz_ogre_vendor/lib/libOgreOverlay.so
-- rviz_ogre_vendor::OgreMain for IMPORTED_LOCATION_RELEASE: /opt/ros/humble/opt/rviz_ogre_vendor/lib/libOgreMain.so
-- rviz_ogre_vendor::OgreMain for IMPORTED_LOCATION_DEBUG: /opt/ros/humble/opt/rviz_ogre_vendor/lib/libOgreMain.so
-- Found moveit_visual_tools: 4.1.0 (/home/steven/ws_moveit2/install/moveit_visual_tools/share/moveit_visual_tools/cmake)
-- Found ament_lint_auto: 0.12.11 (/opt/ros/humble/share/ament_lint_auto/cmake)
-- Added test 'cppcheck' to perform static code analysis on C / C++ code
-- Configured cppcheck include dirs: 
-- Configured cppcheck exclude dirs and/or files: 
-- Added test 'flake8' to check Python code syntax and style conventions
-- Added test 'lint_cmake' to check CMake code style
-- Added test 'pep257' to check Python code against some of the docstring style conventions in PEP 257
-- Added test 'uncrustify' to check C / C++ code style
-- Configured uncrustify additional arguments: 
-- Added test 'xmllint' to check XML markup files
-- Configuring done
-- Generating done
-- Build files have been written to: /home/steven/ros2_ws/src/first_stage/src/first_stage_endeffector/build/first_stage_endeffector
[35m[1mConsolidate compiler generated dependencies of target first_stage_endeffector[0m
gmake[2]: *** Ê≤íÊúâË¶èÂâáÂèØË£Ω‰ΩúÁõÆÊ®ô„Äå/usr/lib/x86_64-linux-gnu/libfreeimage.so„ÄçÔºåÁî±„Äåfirst_stage_endeffector„Äç ÈúÄÊ±Ç„ÄÇ ÂÅúÊ≠¢„ÄÇ
gmake[2]: *** Ê≠£Âú®Á≠âÂæÖÊú™ÂÆåÊàêÁöÑ‰ΩúÊ•≠....
[ 50%] [32mBuilding CXX object CMakeFiles/first_stage_endeffector.dir/src/first_stage_endeffector.cpp.o[0m
[01m[K/home/steven/ros2_ws/src/first_stage/src/first_stage_endeffector/src/first_stage_endeffector.cpp:15:1:[m[K [01;31m[Kerror: [m[Kversion control conflict marker in file
   15 | [01;31m[K<<<<<<<[m[K HEAD
      | [01;31m[K^~~~~~~[m[K
In file included from [01m[K/opt/ros/humble/include/std_msgs/std_msgs/msg/float64_multi_array.hpp:8[m[K,
                 from [01m[K/home/steven/ros2_ws/src/first_stage/src/first_stage_endeffector/src/first_stage_endeffector.cpp:16[m[K:
[01m[K/opt/ros/humble/include/std_msgs/std_msgs/msg/detail/float64_multi_array__builder.hpp:27:74:[m[K [01;31m[Kerror: [m[Kexpected ‚Äò[01m[K)[m[K‚Äô before ‚Äò[01m[K&[m[K‚Äô token
   27 |   explicit Init_Float64MultiArray_data[34m[K([m[K::std_msgs::msg::Float64MultiArray[01;31m[K [m[K[32m[K&[m[K msg)
      |                                       [34m[K~[m[K                                  [01;31m[K^[m[K[32m[K~[m[K
      |                                                                          [32m[K)[m[K
[01m[K/opt/ros/humble/include/std_msgs/std_msgs/msg/detail/float64_multi_array__builder.hpp:30:20:[m[K [01;31m[Kerror: [m[K‚Äò[01m[KFloat64MultiArray[m[K‚Äô in namespace ‚Äò[01m[Kstd_msgs::msg[m[K‚Äô does not name a type; did you mean ‚Äò[01m[KInt32MultiArray[m[K‚Äô?
   30 |   ::std_msgs::msg::[01;31m[KFloat64MultiArray[m[K data(::std_msgs::msg::Float64MultiArray::_data_type arg)
      |                    [01;31m[K^~~~~~~~~~~~~~~~~[m[K
      |                    [32m[KInt32MultiArray[m[K
[01m[K/opt/ros/humble/include/std_msgs/std_msgs/msg/detail/float64_multi_array__builder.hpp:37:20:[m[K [01;31m[Kerror: [m[K‚Äò[01m[KFloat64MultiArray[m[K‚Äô in namespace ‚Äò[01m[Kstd_msgs::msg[m[K‚Äô does not name a type; did you mean ‚Äò[01m[KInt32MultiArray[m[K‚Äô?
   37 |   ::std_msgs::msg::[01;31m[KFloat64MultiArray[m[K msg_;
      |                    [01;31m[K^~~~~~~~~~~~~~~~~[m[K
      |                    [32m[KInt32MultiArray[m[K
[01m[K/opt/ros/humble/include/std_msgs/std_msgs/msg/detail/float64_multi_array__builder.hpp:46:55:[m[K [01;31m[Kerror: [m[K‚Äò[01m[Kstd_msgs::msg::Float64MultiArray[m[K‚Äô has not been declared
   46 |   Init_Float64MultiArray_data layout(::std_msgs::msg::[01;31m[KFloat64MultiArray[m[K::_layout_type arg)
      |                                                       [01;31m[K^~~~~~~~~~~~~~~~~[m[K
[01m[K/opt/ros/humble/include/std_msgs/std_msgs/msg/detail/float64_multi_array__builder.hpp:46:87:[m[K [01;31m[Kerror: [m[Kexpected ‚Äò[01m[K,[m[K‚Äô or ‚Äò[01m[K...[m[K‚Äô before ‚Äò[01m[Karg[m[K‚Äô
   46 | at64MultiArray_data layout(::std_msgs::msg::Float64MultiArray::_layout_type [01;31m[Karg[m[K)
      |                                                                             [01;31m[K^~~[m[K

[01m[K/opt/ros/humble/include/std_msgs/std_msgs/msg/detail/float64_multi_array__builder.hpp:53:20:[m[K [01;31m[Kerror: [m[K‚Äò[01m[KFloat64MultiArray[m[K‚Äô in namespace ‚Äò[01m[Kstd_msgs::msg[m[K‚Äô does not name a type; did you mean ‚Äò[01m[KInt32MultiArray[m[K‚Äô?
   53 |   ::std_msgs::msg::[01;31m[KFloat64MultiArray[m[K msg_;
      |                    [01;31m[K^~~~~~~~~~~~~~~~~[m[K
      |                    [32m[KInt32MultiArray[m[K
[01m[K/opt/ros/humble/include/std_msgs/std_msgs/msg/detail/float64_multi_array__builder.hpp:[m[K In constructor ‚Äò[01m[Kstd_msgs::msg::builder::Init_Float64MultiArray_layout::Init_Float64MultiArray_layout()[m[K‚Äô:
[01m[K/opt/ros/humble/include/std_msgs/std_msgs/msg/detail/float64_multi_array__builder.hpp:44:5:[m[K [01;31m[Kerror: [m[Kclass ‚Äò[01m[Kstd_msgs::msg::builder::Init_Float64MultiArray_layout[m[K‚Äô does not have any field named ‚Äò[01m[Kmsg_[m[K‚Äô
   44 |   : [01;31m[Kmsg_[m[K(::rosidl_runtime_cpp::MessageInitialization::SKIP)
      |     [01;31m[K^~~~[m[K
[01m[K/opt/ros/humble/include/std_msgs/std_msgs/msg/detail/float64_multi_array__builder.hpp:[m[K In member function ‚Äò[01m[Kstd_msgs::msg::builder::Init_Float64MultiArray_data std_msgs::msg::builder::Init_Float64MultiArray_layout::layout(int)[m[K‚Äô:
[01m[K/opt/ros/humble/include/std_msgs/std_msgs/msg/detail/float64_multi_array__builder.hpp:48:5:[m[K [01;31m[Kerror: [m[K‚Äò[01m[Kmsg_[m[K‚Äô was not declared in this scope; did you mean ‚Äò[01m[Kmsg[m[K‚Äô?
   48 |     [01;31m[Kmsg_[m[K.layout = std::move(arg);
      |     [01;31m[K^~~~[m[K
      |     [32m[Kmsg[m[K
[01m[K/opt/ros/humble/include/std_msgs/std_msgs/msg/detail/float64_multi_array__builder.hpp:48:29:[m[K [01;31m[Kerror: [m[K‚Äò[01m[Karg[m[K‚Äô was not declared in this scope
   48 |     msg_.layout = std::move([01;31m[Karg[m[K);
      |                             [01;31m[K^~~[m[K
[01m[K/opt/ros/humble/include/std_msgs/std_msgs/msg/detail/float64_multi_array__builder.hpp:48:29:[m[K [01;36m[Knote: [m[Ksuggested alternatives:
In file included from [01m[K/usr/include/eigen3/Eigen/Core:50[m[K,
                 from [01m[K/usr/include/eigen3/Eigen/Geometry:11[m[K,
                 from [01m[K/opt/ros/humble/include/moveit/robot_model/joint_model.h:46[m[K,
                 from [01m[K/opt/ros/humble/include/moveit/robot_model/joint_model_group.h:40[m[K,
                 from [01m[K/opt/ros/humble/include/moveit/robot_model/robot_model.h:45[m[K,
                 from [01m[K/opt/ros/humble/include/moveit/robot_state/robot_state.h:40[m[K,
                 from [01m[K/opt/ros/humble/include/moveit/move_group_interface/move_group_interface.h:41[m[K,
                 from [01m[K/home/steven/ros2_ws/src/first_stage/src/first_stage_endeffector/src/first_stage_endeffector.cpp:2[m[K:
[01m[K/usr/include/c++/11/complex:1852:5:[m[K [01;36m[Knote: [m[K  ‚Äò[01m[Kstd::arg[m[K‚Äô
 1852 |     [01;36m[Karg[m[K(_Tp __x)
      |     [01;36m[K^~~[m[K
In file included from [01m[K/usr/include/boost/bind/bind.hpp:29[m[K,
                 from [01m[K/usr/include/boost/signals2/slot.hpp:15[m[K,
                 from [01m[K/usr/include/boost/signals2/connection.hpp:24[m[K,
                 from [01m[K/usr/include/boost/signals2/signal.hpp:22[m[K,
                 from [01m[K/usr/include/boost/signals2.hpp:19[m[K,
                 from [01m[K/opt/ros/humble/include/moveit/planning_scene_monitor/current_state_monitor.h:45[m[K,
                 from [01m[K/opt/ros/humble/include/moveit/planning_scene_monitor/planning_scene_monitor.h:46[m[K,
                 from [01m[K/opt/ros/humble/include/moveit_visual_tools/moveit_visual_tools.h:44[m[K,
                 from [01m[K/home/steven/ros2_ws/src/first_stage/src/first_stage_endeffector/src/first_stage_endeffector.cpp:6[m[K:
[01m[K/usr/include/boost/bind/arg.hpp:37:26:[m[K [01;36m[Knote: [m[K  ‚Äò[01m[Kboost::arg[m[K‚Äô
   37 | template< int I > struct [01;36m[Karg[m[K
      |                          [01;36m[K^~~[m[K
In file included from [01m[K/usr/include/boost/mpl/arg.hpp:23[m[K,
                 from [01m[K/usr/include/boost/mpl/placeholders.hpp:24[m[K,
                 from [01m[K/usr/include/boost/iterator/iterator_categories.hpp:16[m[K,
                 from [01m[K/usr/include/boost/iterator/iterator_adaptor.hpp:14[m[K,
                 from [01m[K/usr/include/boost/iterator/reverse_iterator.hpp:10[m[K,
                 from [01m[K/usr/include/boost/signals2/detail/auto_buffer.hpp:22[m[K,
                 from [01m[K/usr/include/boost/signals2/connection.hpp:21[m[K,
                 from [01m[K/usr/include/boost/signals2/signal.hpp:22[m[K,
                 from [01m[K/usr/include/boost/signals2.hpp:19[m[K,
                 from [01m[K/opt/ros/humble/include/moveit/planning_scene_monitor/current_state_monitor.h:45[m[K,
                 from [01m[K/opt/ros/humble/include/moveit/planning_scene_monitor/planning_scene_monitor.h:46[m[K,
                 from [01m[K/opt/ros/humble/include/moveit_visual_tools/moveit_visual_tools.h:44[m[K,
                 from [01m[K/home/steven/ros2_ws/src/first_stage/src/first_stage_endeffector/src/first_stage_endeffector.cpp:6[m[K:
[01m[K/usr/include/boost/mpl/arg_fwd.hpp:23:52:[m[K [01;36m[Knote: [m[K  ‚Äò[01m[Kmpl_::arg[m[K‚Äô
   23 | template< BOOST_MPL_AUX_NTTP_DECL(int, N) > struct [01;36m[Karg[m[K;
      |                                                    [01;36m[K^~~[m[K
In file included from [01m[K/usr/include/eigen3/Eigen/Core:380[m[K,
                 from [01m[K/usr/include/eigen3/Eigen/Geometry:11[m[K,
                 from [01m[K/opt/ros/humble/include/moveit/robot_model/joint_model.h:46[m[K,
                 from [01m[K/opt/ros/humble/include/moveit/robot_model/joint_model_group.h:40[m[K,
                 from [01m[K/opt/ros/humble/include/moveit/robot_model/robot_model.h:45[m[K,
                 from [01m[K/opt/ros/humble/include/moveit/robot_state/robot_state.h:40[m[K,
                 from [01m[K/opt/ros/humble/include/moveit/move_group_interface/move_group_interface.h:41[m[K,
                 from [01m[K/home/steven/ros2_ws/src/first_stage/src/first_stage_endeffector/src/first_stage_endeffector.cpp:2[m[K:
[01m[K/usr/include/eigen3/Eigen/src/Core/GlobalFunctions.h:88:3:[m[K [01;36m[Knote: [m[K  ‚Äò[01m[KEigen::arg[m[K‚Äô
   88 |   [01;36m[KEIGEN_ARRAY_DECLARE_GLOBAL_UNARY[m[K(arg,scalar_arg_op,complex argument,\sa ArrayBase::arg DOXCOMMA MatrixBase::cwiseArg)
      |   [01;36m[K^~~~~~~~~~~~~~~~~~~~~~~~~~~~~~~~[m[K
In file included from [01m[K/usr/include/boost/mpl/arg.hpp:23[m[K,
                 from [01m[K/usr/include/boost/mpl/placeholders.hpp:24[m[K,
                 from [01m[K/usr/include/boost/iterator/iterator_categories.hpp:16[m[K,
                 from [01m[K/usr/include/boost/iterator/iterator_adaptor.hpp:14[m[K,
                 from [01m[K/usr/include/boost/iterator/reverse_iterator.hpp:10[m[K,
                 from [01m[K/usr/include/boost/signals2/detail/auto_buffer.hpp:22[m[K,
                 from [01m[K/usr/include/boost/signals2/connection.hpp:21[m[K,
                 from [01m[K/usr/include/boost/signals2/signal.hpp:22[m[K,
                 from [01m[K/usr/include/boost/signals2.hpp:19[m[K,
                 from [01m[K/opt/ros/humble/include/moveit/planning_scene_monitor/current_state_monitor.h:45[m[K,
                 from [01m[K/opt/ros/humble/include/moveit/planning_scene_monitor/planning_scene_monitor.h:46[m[K,
                 from [01m[K/opt/ros/humble/include/moveit_visual_tools/moveit_visual_tools.h:44[m[K,
                 from [01m[K/home/steven/ros2_ws/src/first_stage/src/first_stage_endeffector/src/first_stage_endeffector.cpp:6[m[K:
[01m[K/usr/include/boost/mpl/arg_fwd.hpp:23:52:[m[K [01;36m[Knote: [m[K  ‚Äò[01m[Kmpl_::arg[m[K‚Äô
   23 | template< BOOST_MPL_AUX_NTTP_DECL(int, N) > struct [01;36m[Karg[m[K;
      |                                                    [01;36m[K^~~[m[K
In file included from [01m[K/usr/include/eigen3/Eigen/Core:171[m[K,
                 from [01m[K/usr/include/eigen3/Eigen/Geometry:11[m[K,
                 from [01m[K/opt/ros/humble/include/moveit/robot_model/joint_model.h:46[m[K,
                 from [01m[K/opt/ros/humble/include/moveit/robot_model/joint_model_group.h:40[m[K,
                 from [01m[K/opt/ros/humble/include/moveit/robot_model/robot_model.h:45[m[K,
                 from [01m[K/opt/ros/humble/include/moveit/robot_state/robot_state.h:40[m[K,
                 from [01m[K/opt/ros/humble/include/moveit/move_group_interface/move_group_interface.h:41[m[K,
                 from [01m[K/home/steven/ros2_ws/src/first_stage/src/first_stage_endeffector/src/first_stage_endeffector.cpp:2[m[K:
[01m[K/usr/include/eigen3/Eigen/src/Core/MathFunctions.h:1258:43:[m[K [01;36m[Knote: [m[K  ‚Äò[01m[KEigen::numext::arg[m[K‚Äô
 1258 | inline EIGEN_MATHFUNC_RETVAL(arg, Scalar) [01;36m[Karg[m[K(const Scalar& x)
      |                                           [01;36m[K^~~[m[K
In file included from [01m[K/opt/ros/humble/include/std_msgs/std_msgs/msg/float64_multi_array.hpp:8[m[K,
                 from [01m[K/home/steven/ros2_ws/src/first_stage/src/first_stage_endeffector/src/first_stage_endeffector.cpp:16[m[K:
[01m[K/opt/ros/humble/include/std_msgs/std_msgs/msg/detail/float64_multi_array__builder.hpp:[m[K At global scope:
[01m[K/opt/ros/humble/include/std_msgs/std_msgs/msg/detail/float64_multi_array__builder.hpp:65:29:[m[K [01;31m[Kerror: [m[K‚Äò[01m[KFloat64MultiArray[m[K‚Äô is not a member of ‚Äò[01m[Kstd_msgs::msg[m[K‚Äô; did you mean ‚Äò[01m[KInt32MultiArray[m[K‚Äô?
   65 | auto build<::std_msgs::msg::[01;31m[KFloat64MultiArray[m[K>()
      |                             [01;31m[K^~~~~~~~~~~~~~~~~[m[K
      |                             [32m[KInt32MultiArray[m[K
[01m[K/opt/ros/humble/include/std_msgs/std_msgs/msg/detail/float64_multi_array__builder.hpp:65:6:[m[K [01;31m[Kerror: [m[Ktemplate-id ‚Äò[01m[Kbuild<<expression error> >[m[K‚Äô for ‚Äò[01m[Kauto std_msgs::build()[m[K‚Äô does not match any template declaration
   65 | auto [01;31m[Kbuild<::std_msgs::msg::Float64MultiArray>[m[K()
      |      [01;31m[K^~~~~~~~~~~~~~~~~~~~~~~~~~~~~~~~~~~~~~~~~[m[K
In file included from [01m[K/opt/ros/humble/include/std_msgs/std_msgs/msg/color_rgba.hpp:8[m[K,
                 from [01m[K/opt/ros/humble/include/moveit/robot_state/robot_state.h:45[m[K,
                 from [01m[K/opt/ros/humble/include/moveit/move_group_interface/move_group_interface.h:41[m[K,
                 from [01m[K/home/steven/ros2_ws/src/first_stage/src/first_stage_endeffector/src/first_stage_endeffector.cpp:2[m[K:
[01m[K/opt/ros/humble/include/std_msgs/std_msgs/msg/detail/color_rgba__builder.hpp:93:6:[m[K [01;36m[Knote: [m[Kcandidate is: ‚Äò[01m[Ktemplate<class MessageType> auto std_msgs::build()[m[K‚Äô
   93 | auto [01;36m[Kbuild[m[K();
      |      [01;36m[K^~~~~[m[K
In file included from [01m[K/opt/ros/humble/include/std_msgs/std_msgs/msg/float64_multi_array.hpp:9[m[K,
                 from [01m[K/home/steven/ros2_ws/src/first_stage/src/first_stage_endeffector/src/first_stage_endeffector.cpp:16[m[K:
[01m[K/opt/ros/humble/include/std_msgs/std_msgs/msg/detail/float64_multi_array__traits.hpp:28:9:[m[K [01;31m[Kerror: [m[K‚Äò[01m[KFloat64MultiArray[m[K‚Äô does not name a type; did you mean ‚Äò[01m[KInt32MultiArray[m[K‚Äô?
   28 |   const [01;31m[KFloat64MultiArray[m[K & msg,
      |         [01;31m[K^~~~~~~~~~~~~~~~~[m[K
      |         [32m[KInt32MultiArray[m[K
[01m[K/opt/ros/humble/include/std_msgs/std_msgs/msg/detail/float64_multi_array__traits.hpp:[m[K In function ‚Äò[01m[Kvoid std_msgs::msg::to_flow_style_yaml(const int&, std::ostream&)[m[K‚Äô:
[01m[K/opt/ros/humble/include/std_msgs/std_msgs/msg/detail/float64_multi_array__traits.hpp:35:28:[m[K [01;31m[Kerror: [m[Krequest for member ‚Äò[01m[Klayout[m[K‚Äô in ‚Äò[01m[Kmsg[m[K‚Äô, which is of non-class type ‚Äò[01m[Kconst int[m[K‚Äô
   35 |     to_flow_style_yaml(msg.[01;31m[Klayout[m[K, out);
      |                            [01;31m[K^~~~~~[m[K
[01m[K/opt/ros/humble/include/std_msgs/std_msgs/msg/detail/float64_multi_array__traits.hpp:41:13:[m[K [01;31m[Kerror: [m[Krequest for member ‚Äò[01m[Kdata[m[K‚Äô in ‚Äò[01m[Kmsg[m[K‚Äô, which is of non-class type ‚Äò[01m[Kconst int[m[K‚Äô
   41 |     if (msg.[01;31m[Kdata[m[K.size() == 0) {
      |             [01;31m[K^~~~[m[K
[01m[K/opt/ros/humble/include/std_msgs/std_msgs/msg/detail/float64_multi_array__traits.hpp:45:34:[m[K [01;31m[Kerror: [m[Krequest for member ‚Äò[01m[Kdata[m[K‚Äô in ‚Äò[01m[Kmsg[m[K‚Äô, which is of non-class type ‚Äò[01m[Kconst int[m[K‚Äô
   45 |       size_t pending_items = msg.[01;31m[Kdata[m[K.size();
      |                                  [01;31m[K^~~~[m[K
[01m[K/opt/ros/humble/include/std_msgs/std_msgs/msg/detail/float64_multi_array__traits.hpp:46:28:[m[K [01;31m[Kerror: [m[Krequest for member ‚Äò[01m[Kdata[m[K‚Äô in ‚Äò[01m[Kmsg[m[K‚Äô, which is of non-class type ‚Äò[01m[Kconst int[m[K‚Äô
   46 |       for (auto item : msg.[01;31m[Kdata[m[K) {
      |                            [01;31m[K^~~~[m[K
[01m[K/opt/ros/humble/include/std_msgs/std_msgs/msg/detail/float64_multi_array__traits.hpp:[m[K At global scope:
[01m[K/opt/ros/humble/include/std_msgs/std_msgs/msg/detail/float64_multi_array__traits.hpp:59:9:[m[K [01;31m[Kerror: [m[K‚Äò[01m[KFloat64MultiArray[m[K‚Äô does not name a type; did you mean ‚Äò[01m[KInt32MultiArray[m[K‚Äô?
   59 |   const [01;31m[KFloat64MultiArray[m[K & msg,
      |         [01;31m[K^~~~~~~~~~~~~~~~~[m[K
      |         [32m[KInt32MultiArray[m[K
[01m[K/opt/ros/humble/include/std_msgs/std_msgs/msg/detail/float64_multi_array__traits.hpp:[m[K In function ‚Äò[01m[Kvoid std_msgs::msg::to_block_style_yaml(const int&, std::ostream&, size_t)[m[K‚Äô:
[01m[K/opt/ros/humble/include/std_msgs/std_msgs/msg/detail/float64_multi_array__traits.hpp:68:29:[m[K [01;31m[Kerror: [m[Krequest for member ‚Äò[01m[Klayout[m[K‚Äô in ‚Äò[01m[Kmsg[m[K‚Äô, which is of non-class type ‚Äò[01m[Kconst int[m[K‚Äô
   68 |     to_block_style_yaml(msg.[01;31m[Klayout[m[K, out, indentation + 2);
      |                             [01;31m[K^~~~~~[m[K
[01m[K/opt/ros/humble/include/std_msgs/std_msgs/msg/detail/float64_multi_array__traits.hpp:76:13:[m[K [01;31m[Kerror: [m[Krequest for member ‚Äò[01m[Kdata[m[K‚Äô in ‚Äò[01m[Kmsg[m[K‚Äô, which is of non-class type ‚Äò[01m[Kconst int[m[K‚Äô
   76 |     if (msg.[01;31m[Kdata[m[K.size() == 0) {
      |             [01;31m[K^~~~[m[K
[01m[K/opt/ros/humble/include/std_msgs/std_msgs/msg/detail/float64_multi_array__traits.hpp:80:28:[m[K [01;31m[Kerror: [m[Krequest for member ‚Äò[01m[Kdata[m[K‚Äô in ‚Äò[01m[Kmsg[m[K‚Äô, which is of non-class type ‚Äò[01m[Kconst int[m[K‚Äô
   80 |       for (auto item : msg.[01;31m[Kdata[m[K) {
      |                            [01;31m[K^~~~[m[K
[01m[K/opt/ros/humble/include/std_msgs/std_msgs/msg/detail/float64_multi_array__traits.hpp:[m[K At global scope:
[01m[K/opt/ros/humble/include/std_msgs/std_msgs/msg/detail/float64_multi_array__traits.hpp:92:34:[m[K [01;31m[Kerror: [m[K‚Äò[01m[KFloat64MultiArray[m[K‚Äô does not name a type; did you mean ‚Äò[01m[KInt32MultiArray[m[K‚Äô?
   92 | inline std::string to_yaml(const [01;31m[KFloat64MultiArray[m[K & msg, bool use_flow_style = false)
      |                                  [01;31m[K^~~~~~~~~~~~~~~~~[m[K
      |                                  [32m[KInt32MultiArray[m[K
[01m[K/opt/ros/humble/include/std_msgs/std_msgs/msg/detail/float64_multi_array__traits.hpp:112:24:[m[K [01;31m[Kerror: [m[K‚Äò[01m[KFloat64MultiArray[m[K‚Äô in namespace ‚Äò[01m[Kstd_msgs::msg[m[K‚Äô does not name a type; did you mean ‚Äò[01m[KInt32MultiArray[m[K‚Äô?
  112 |   const std_msgs::msg::[01;31m[KFloat64MultiArray[m[K & msg,
      |                        [01;31m[K^~~~~~~~~~~~~~~~~[m[K
      |                        [32m[KInt32MultiArray[m[K
[01m[K/opt/ros/humble/include/std_msgs/std_msgs/msg/detail/float64_multi_array__traits.hpp:119:49:[m[K [01;31m[Kerror: [m[K‚Äò[01m[KFloat64MultiArray[m[K‚Äô in namespace ‚Äò[01m[Kstd_msgs::msg[m[K‚Äô does not name a type; did you mean ‚Äò[01m[KInt32MultiArray[m[K‚Äô?
  119 | inline std::string to_yaml(const std_msgs::msg::[01;31m[KFloat64MultiArray[m[K & msg)
      |                                                 [01;31m[K^~~~~~~~~~~~~~~~~[m[K
      |                                                 [32m[KInt32MultiArray[m[K
[01m[K/opt/ros/humble/include/std_msgs/std_msgs/msg/detail/float64_multi_array__traits.hpp:125:46:[m[K [01;31m[Kerror: [m[K‚Äò[01m[KFloat64MultiArray[m[K‚Äô is not a member of ‚Äò[01m[Kstd_msgs::msg[m[K‚Äô; did you mean ‚Äò[01m[KInt32MultiArray[m[K‚Äô?
  125 | inline const char * data_type<std_msgs::msg::[01;31m[KFloat64MultiArray[m[K>()
      |                                              [01;31m[K^~~~~~~~~~~~~~~~~[m[K
      |                                              [32m[KInt32MultiArray[m[K
[01m[K/opt/ros/humble/include/std_msgs/std_msgs/msg/detail/float64_multi_array__traits.hpp:125:21:[m[K [01;31m[Kerror: [m[Ktemplate-id ‚Äò[01m[Kdata_type<<expression error> >[m[K‚Äô for ‚Äò[01m[Kconst char* rosidl_generator_traits::data_type()[m[K‚Äô does not match any template declaration
  125 | inline const char * [01;31m[Kdata_type<std_msgs::msg::Float64MultiArray>[m[K()
      |                     [01;31m[K^~~~~~~~~~~~~~~~~~~~~~~~~~~~~~~~~~~~~~~~~~~[m[K
In file included from [01m[K/opt/ros/humble/include/builtin_interfaces/builtin_interfaces/msg/detail/duration__traits.hpp:15[m[K,
                 from [01m[K/opt/ros/humble/include/builtin_interfaces/builtin_interfaces/msg/duration.hpp:9[m[K,
                 from [01m[K/opt/ros/humble/include/rclcpp/rclcpp/duration.hpp:20[m[K,
                 from [01m[K/opt/ros/humble/include/rclcpp/rclcpp/qos.hpp:20[m[K,
                 from [01m[K/opt/ros/humble/include/rclcpp/rclcpp/node_interfaces/node_graph_interface.hpp:32[m[K,
                 from [01m[K/opt/ros/humble/include/rclcpp/rclcpp/client.hpp:42[m[K,
                 from [01m[K/opt/ros/humble/include/rclcpp/rclcpp/callback_group.hpp:24[m[K,
                 from [01m[K/opt/ros/humble/include/rclcpp/rclcpp/any_executable.hpp:20[m[K,
                 from [01m[K/opt/ros/humble/include/rclcpp/rclcpp/memory_strategy.hpp:25[m[K,
                 from [01m[K/opt/ros/humble/include/rclcpp/rclcpp/memory_strategies.hpp:18[m[K,
                 from [01m[K/opt/ros/humble/include/rclcpp/rclcpp/executor_options.hpp:20[m[K,
                 from [01m[K/opt/ros/humble/include/rclcpp/rclcpp/executor.hpp:37[m[K,
                 from [01m[K/opt/ros/humble/include/rclcpp/rclcpp/executors/multi_threaded_executor.hpp:25[m[K,
                 from [01m[K/opt/ros/humble/include/rclcpp/rclcpp/executors.hpp:21[m[K,
                 from [01m[K/opt/ros/humble/include/rclcpp/rclcpp/rclcpp.hpp:155[m[K,
                 from [01m[K/home/steven/ros2_ws/src/first_stage/src/first_stage_endeffector/src/first_stage_endeffector.cpp:1[m[K:
[01m[K/opt/ros/humble/include/rosidl_runtime_cpp/rosidl_runtime_cpp/traits.hpp:152:21:[m[K [01;36m[Knote: [m[Kcandidate is: ‚Äò[01m[Ktemplate<class T> const char* rosidl_generator_traits::data_type()[m[K‚Äô
  152 | inline const char * [01;36m[Kdata_type[m[K();
      |                     [01;36m[K^~~~~~~~~[m[K
In file included from [01m[K/opt/ros/humble/include/std_msgs/std_msgs/msg/float64_multi_array.hpp:9[m[K,
                 from [01m[K/home/steven/ros2_ws/src/first_stage/src/first_stage_endeffector/src/first_stage_endeffector.cpp:16[m[K:
[01m[K/opt/ros/humble/include/std_msgs/std_msgs/msg/detail/float64_multi_array__traits.hpp:131:41:[m[K [01;31m[Kerror: [m[K‚Äò[01m[KFloat64MultiArray[m[K‚Äô is not a member of ‚Äò[01m[Kstd_msgs::msg[m[K‚Äô; did you mean ‚Äò[01m[KInt32MultiArray[m[K‚Äô?
  131 | inline const char * name<std_msgs::msg::[01;31m[KFloat64MultiArray[m[K>()
      |                                         [01;31m[K^~~~~~~~~~~~~~~~~[m[K
      |                                         [32m[KInt32MultiArray[m[K
[01m[K/opt/ros/humble/include/std_msgs/std_msgs/msg/detail/float64_multi_array__traits.hpp:131:21:[m[K [01;31m[Kerror: [m[Ktemplate-id ‚Äò[01m[Kname<<expression error> >[m[K‚Äô for ‚Äò[01m[Kconst char* rosidl_generator_traits::name()[m[K‚Äô does not match any template declaration
  131 | inline const char * [01;31m[Kname<std_msgs::msg::Float64MultiArray>[m[K()
      |                     [01;31m[K^~~~~~~~~~~~~~~~~~~~~~~~~~~~~~~~~~~~~~[m[K
In file included from [01m[K/opt/ros/humble/include/builtin_interfaces/builtin_interfaces/msg/detail/duration__traits.hpp:15[m[K,
                 from [01m[K/opt/ros/humble/include/builtin_interfaces/builtin_interfaces/msg/duration.hpp:9[m[K,
                 from [01m[K/opt/ros/humble/include/rclcpp/rclcpp/duration.hpp:20[m[K,
                 from [01m[K/opt/ros/humble/include/rclcpp/rclcpp/qos.hpp:20[m[K,
                 from [01m[K/opt/ros/humble/include/rclcpp/rclcpp/node_interfaces/node_graph_interface.hpp:32[m[K,
                 from [01m[K/opt/ros/humble/include/rclcpp/rclcpp/client.hpp:42[m[K,
                 from [01m[K/opt/ros/humble/include/rclcpp/rclcpp/callback_group.hpp:24[m[K,
                 from [01m[K/opt/ros/humble/include/rclcpp/rclcpp/any_executable.hpp:20[m[K,
                 from [01m[K/opt/ros/humble/include/rclcpp/rclcpp/memory_strategy.hpp:25[m[K,
                 from [01m[K/opt/ros/humble/include/rclcpp/rclcpp/memory_strategies.hpp:18[m[K,
                 from [01m[K/opt/ros/humble/include/rclcpp/rclcpp/executor_options.hpp:20[m[K,
                 from [01m[K/opt/ros/humble/include/rclcpp/rclcpp/executor.hpp:37[m[K,
                 from [01m[K/opt/ros/humble/include/rclcpp/rclcpp/executors/multi_threaded_executor.hpp:25[m[K,
                 from [01m[K/opt/ros/humble/include/rclcpp/rclcpp/executors.hpp:21[m[K,
                 from [01m[K/opt/ros/humble/include/rclcpp/rclcpp/rclcpp.hpp:155[m[K,
                 from [01m[K/home/steven/ros2_ws/src/first_stage/src/first_stage_endeffector/src/first_stage_endeffector.cpp:1[m[K:
[01m[K/opt/ros/humble/include/rosidl_runtime_cpp/rosidl_runtime_cpp/traits.hpp:155:21:[m[K [01;36m[Knote: [m[Kcandidate is: ‚Äò[01m[Ktemplate<class T> const char* rosidl_generator_traits::name()[m[K‚Äô
  155 | inline const char * [01;36m[Kname[m[K();
      |                     [01;36m[K^~~~[m[K
In file included from [01m[K/opt/ros/humble/include/std_msgs/std_msgs/msg/float64_multi_array.hpp:9[m[K,
                 from [01m[K/home/steven/ros2_ws/src/first_stage/src/first_stage_endeffector/src/first_stage_endeffector.cpp:16[m[K:
[01m[K/opt/ros/humble/include/std_msgs/std_msgs/msg/detail/float64_multi_array__traits.hpp:137:38:[m[K [01;31m[Kerror: [m[K‚Äò[01m[KFloat64MultiArray[m[K‚Äô is not a member of ‚Äò[01m[Kstd_msgs::msg[m[K‚Äô; did you mean ‚Äò[01m[KInt32MultiArray[m[K‚Äô?
  137 | struct has_fixed_size<std_msgs::msg::[01;31m[KFloat64MultiArray[m[K>
      |                                      [01;31m[K^~~~~~~~~~~~~~~~~[m[K
      |                                      [32m[KInt32MultiArray[m[K
[01m[K/opt/ros/humble/include/std_msgs/std_msgs/msg/detail/float64_multi_array__traits.hpp:137:55:[m[K [01;31m[Kerror: [m[Ktemplate argument 1 is invalid
  137 | struct has_fixed_size<std_msgs::msg::Float64MultiArray[01;31m[K>[m[K
      |                                                       [01;31m[K^[m[K
[01m[K/opt/ros/humble/include/std_msgs/std_msgs/msg/detail/float64_multi_array__traits.hpp:141:40:[m[K [01;31m[Kerror: [m[K‚Äò[01m[KFloat64MultiArray[m[K‚Äô is not a member of ‚Äò[01m[Kstd_msgs::msg[m[K‚Äô; did you mean ‚Äò[01m[KInt32MultiArray[m[K‚Äô?
  141 | struct has_bounded_size<std_msgs::msg::[01;31m[KFloat64MultiArray[m[K>
      |                                        [01;31m[K^~~~~~~~~~~~~~~~~[m[K
      |                                        [32m[KInt32MultiArray[m[K
[01m[K/opt/ros/humble/include/std_msgs/std_msgs/msg/detail/float64_multi_array__traits.hpp:141:57:[m[K [01;31m[Kerror: [m[Ktemplate argument 1 is invalid
  141 | struct has_bounded_size<std_msgs::msg::Float64MultiArray[01;31m[K>[m[K
      |                                                         [01;31m[K^[m[K
[01m[K/opt/ros/humble/include/std_msgs/std_msgs/msg/detail/float64_multi_array__traits.hpp:145:34:[m[K [01;31m[Kerror: [m[K‚Äò[01m[KFloat64MultiArray[m[K‚Äô is not a member of ‚Äò[01m[Kstd_msgs::msg[m[K‚Äô; did you mean ‚Äò[01m[KInt32MultiArray[m[K‚Äô?
  145 | struct is_message<std_msgs::msg::[01;31m[KFloat64MultiArray[m[K>
      |                                  [01;31m[K^~~~~~~~~~~~~~~~~[m[K
      |                                  [32m[KInt32MultiArray[m[K
[01m[K/opt/ros/humble/include/std_msgs/std_msgs/msg/detail/float64_multi_array__traits.hpp:145:51:[m[K [01;31m[Kerror: [m[Ktemplate argument 1 is invalid
  145 | struct is_message<std_msgs::msg::Float64MultiArray[01;31m[K>[m[K
      |                                                   [01;31m[K^[m[K
[01m[K/home/steven/ros2_ws/src/first_stage/src/first_stage_endeffector/src/first_stage_endeffector.cpp:97:39:[m[K [01;31m[Kerror: [m[K‚Äò[01m[KFloat64MultiArray[m[K‚Äô is not a member of ‚Äò[01m[Kstd_msgs::msg[m[K‚Äô; did you mean ‚Äò[01m[KInt32MultiArray[m[K‚Äô?
   97 |   rclcpp::Subscription<std_msgs::msg::[01;31m[KFloat64MultiArray[m[K>::SharedPtr force_subscription_;
      |                                       [01;31m[K^~~~~~~~~~~~~~~~~[m[K
      |                                       [32m[KInt32MultiArray[m[K
[01m[K/home/steven/ros2_ws/src/first_stage/src/first_stage_endeffector/src/first_stage_endeffector.cpp:97:56:[m[K [01;31m[Kerror: [m[Ktemplate argument 1 is invalid
   97 |   rclcpp::Subscription<std_msgs::msg::Float64MultiArray[01;31m[K>[m[K::SharedPtr force_subscription_;
      |                                                        [01;31m[K^[m[K
[01m[K/home/steven/ros2_ws/src/first_stage/src/first_stage_endeffector/src/first_stage_endeffector.cpp:97:56:[m[K [01;31m[Kerror: [m[Ktemplate argument 3 is invalid
[01m[K/home/steven/ros2_ws/src/first_stage/src/first_stage_endeffector/src/first_stage_endeffector.cpp:97:56:[m[K [01;31m[Kerror: [m[Ktemplate argument 4 is invalid
[01m[K/home/steven/ros2_ws/src/first_stage/src/first_stage_endeffector/src/first_stage_endeffector.cpp:97:56:[m[K [01;31m[Kerror: [m[Ktemplate argument 5 is invalid
[01m[K/home/steven/ros2_ws/src/first_stage/src/first_stage_endeffector/src/first_stage_endeffector.cpp:97:59:[m[K [01;31m[Kerror: [m[Kexpected ‚Äò[01m[K;[m[K‚Äô at end of member declaration
   97 |   rclcpp::Subscription<std_msgs::msg::Float64MultiArray>::[01;31m[KSharedPtr[m[K force_subscription_;
      |                                                           [01;31m[K^~~~~~~~~[m[K
      |                                                                    [32m[K;[m[K
[01m[K/home/steven/ros2_ws/src/first_stage/src/first_stage_endeffector/src/first_stage_endeffector.cpp:97:69:[m[K [01;31m[Kerror: [m[K‚Äò[01m[Kforce_subscription_[m[K‚Äô does not name a type; did you mean ‚Äò[01m[Krcl_subscription_t[m[K‚Äô?
   97 |   rclcpp::Subscription<std_msgs::msg::Float64MultiArray>::SharedPtr [01;31m[Kforce_subscription_[m[K;
      |                                                                     [01;31m[K^~~~~~~~~~~~~~~~~~~[m[K
      |                                                                     [32m[Krcl_subscription_t[m[K
[01m[K/home/steven/ros2_ws/src/first_stage/src/first_stage_endeffector/src/first_stage_endeffector.cpp:340:43:[m[K [01;31m[Kerror: [m[K‚Äò[01m[KFloat64MultiArray[m[K‚Äô in namespace ‚Äò[01m[Kstd_msgs::msg[m[K‚Äô does not name a type; did you mean ‚Äò[01m[KInt32MultiArray[m[K‚Äô?
  340 |   void forceCallback(const std_msgs::msg::[01;31m[KFloat64MultiArray[m[K::SharedPtr msg) {
      |                                           [01;31m[K^~~~~~~~~~~~~~~~~[m[K
      |                                           [32m[KInt32MultiArray[m[K
[01m[K/home/steven/ros2_ws/src/first_stage/src/first_stage_endeffector/src/first_stage_endeffector.cpp:340:72:[m[K [01;31m[Kerror: [m[Kexpected unqualified-id before ‚Äò[01m[Kmsg[m[K‚Äô
  340 |   void forceCallback(const std_msgs::msg::Float64MultiArray::SharedPtr [01;31m[Kmsg[m[K) {
      |                                                                        [01;31m[K^~~[m[K
[01m[K/home/steven/ros2_ws/src/first_stage/src/first_stage_endeffector/src/first_stage_endeffector.cpp:340:71:[m[K [01;31m[Kerror: [m[Kexpected ‚Äò[01m[K)[m[K‚Äô before ‚Äò[01m[Kmsg[m[K‚Äô
  340 |   void forceCallback[34m[K([m[Kconst std_msgs::msg::Float64MultiArray::SharedPtr[01;31m[K [m[K[32m[Kmsg[m[K) {
      |                     [34m[K~[m[K                                                 [01;31m[K^[m[K[32m[K~~~[m[K
      |                                                                       [32m[K)[m[K
[01m[K/home/steven/ros2_ws/src/first_stage/src/first_stage_endeffector/src/first_stage_endeffector.cpp:340:62:[m[K [01;31m[Kerror: [m[Kexpected ‚Äò[01m[K;[m[K‚Äô at end of member declaration
  340 |   void forceCallback(const std_msgs::msg::Float64MultiArray::[01;31m[KSharedPtr[m[K msg) {
      |                                                              [01;31m[K^~~~~~~~~[m[K
      |                                                                       [32m[K;[m[K
[01m[K/home/steven/ros2_ws/src/first_stage/src/first_stage_endeffector/src/first_stage_endeffector.cpp:340:72:[m[K [01;31m[Kerror: [m[K‚Äò[01m[Kmsg[m[K‚Äô does not name a type
  340 |   void forceCallback(const std_msgs::msg::Float64MultiArray::SharedPtr [01;31m[Kmsg[m[K) {
      |                                                                        [01;31m[K^~~[m[K
[01m[K/home/steven/ros2_ws/src/first_stage/src/first_stage_endeffector/src/first_stage_endeffector.cpp:[m[K In constructor ‚Äò[01m[KRobotController::RobotController()[m[K‚Äô:
[01m[K/home/steven/ros2_ws/src/first_stage/src/first_stage_endeffector/src/first_stage_endeffector.cpp:37:5:[m[K [01;31m[Kerror: [m[K‚Äò[01m[Kforce_subscription_[m[K‚Äô was not declared in this scope; did you mean ‚Äò[01m[Krcl_subscription_t[m[K‚Äô?
   37 |     [01;31m[Kforce_subscription_[m[K = this->create_subscription<std_msgs::msg::Float64MultiArray>(
      |     [01;31m[K^~~~~~~~~~~~~~~~~~~[m[K
      |     [32m[Krcl_subscription_t[m[K
[01m[K/home/steven/ros2_ws/src/first_stage/src/first_stage_endeffector/src/first_stage_endeffector.cpp:37:68:[m[K [01;31m[Kerror: [m[K‚Äò[01m[KFloat64MultiArray[m[K‚Äô is not a member of ‚Äò[01m[Kstd_msgs::msg[m[K‚Äô; did you mean ‚Äò[01m[KInt32MultiArray[m[K‚Äô?
   37 |     force_subscription_ = this->create_subscription<std_msgs::msg::[01;31m[KFloat64MultiArray[m[K>(
      |                                                                    [01;31m[K^~~~~~~~~~~~~~~~~[m[K
      |                                                                    [32m[KInt32MultiArray[m[K
[01m[K/home/steven/ros2_ws/src/first_stage/src/first_stage_endeffector/src/first_stage_endeffector.cpp:37:86:[m[K [01;31m[Kerror: [m[Kno matching function for call to ‚Äò[01m[KRobotController::create_subscription<<expression error> >(const char [13], int, std::_Bind_helper<false, void (RobotController::*)(...), RobotController*, const std::_Placeholder<1>&>::type)[m[K‚Äô
   37 | rce_subscription_ = [01;31m[Kthis->create_subscription<std_msgs::msg::Float64MultiArray>([m[K
      |                     [01;31m[K~~~~~~~~~~~~~~~~~~~~~~~~~~~~~~~~~~~~~~~~~~~~~~~~~~~~~~~~~~~^[m[K

   38 | [01;31m[K  "/sensor_data", 10,[m[K
      |   [01;31m[K~~~~~~~~~~~~~~~~~~~[m[K                                                           

   39 | [01;31m[K  std::bind(&RobotController::forceCallback, this, std::placeholders::_1))[m[K;
      |   [01;31m[K~~~~~~~~~~~~~~~~~~~~~~~~~~~~~~~~~~~~~~~~~~~~~~~~~~~~~~~~~~~~~~~~~~~~~~~~[m[K      

In file included from [01m[K/opt/ros/humble/include/rclcpp/rclcpp/node.hpp:1321[m[K,
                 from [01m[K/opt/ros/humble/include/rclcpp/rclcpp/executors/single_threaded_executor.hpp:28[m[K,
                 from [01m[K/opt/ros/humble/include/rclcpp/rclcpp/executors.hpp:22[m[K,
                 from [01m[K/opt/ros/humble/include/rclcpp/rclcpp/rclcpp.hpp:155[m[K,
                 from [01m[K/home/steven/ros2_ws/src/first_stage/src/first_stage_endeffector/src/first_stage_endeffector.cpp:1[m[K:
[01m[K/opt/ros/humble/include/rclcpp/rclcpp/node_impl.hpp:92:1:[m[K [01;36m[Knote: [m[Kcandidate: ‚Äò[01m[Ktemplate<class MessageT, class CallbackT, class AllocatorT, class SubscriptionT, class MessageMemoryStrategyT> std::shared_ptr<ROSMessageT> rclcpp::Node::create_subscription(const string&, const rclcpp::QoS&, CallbackT&&, const rclcpp::SubscriptionOptionsWithAllocator<AllocatorT>&, typename MessageMemoryStrategyT::SharedPtr)[m[K‚Äô
   92 | [01;36m[KNode[m[K::create_subscription(
      | [01;36m[K^~~~[m[K
[01m[K/opt/ros/humble/include/rclcpp/rclcpp/node_impl.hpp:92:1:[m[K [01;36m[Knote: [m[K  template argument deduction/substitution failed:
[01m[K/home/steven/ros2_ws/src/first_stage/src/first_stage_endeffector/src/first_stage_endeffector.cpp:37:86:[m[K [01;31m[Kerror: [m[Ktemplate argument 1 is invalid
   37 | rce_subscription_ = [01;31m[Kthis->create_subscription<std_msgs::msg::Float64MultiArray>([m[K
      |                     [01;31m[K~~~~~~~~~~~~~~~~~~~~~~~~~~~~~~~~~~~~~~~~~~~~~~~~~~~~~~~~~~~^[m[K

   38 | [01;31m[K  "/sensor_data", 10,[m[K
      |   [01;31m[K~~~~~~~~~~~~~~~~~~~[m[K                                                           

   39 | [01;31m[K  std::bind(&RobotController::forceCallback, this, std::placeholders::_1))[m[K;
      |   [01;31m[K~~~~~~~~~~~~~~~~~~~~~~~~~~~~~~~~~~~~~~~~~~~~~~~~~~~~~~~~~~~~~~~~~~~~~~~~[m[K      

[01m[K/home/steven/ros2_ws/src/first_stage/src/first_stage_endeffector/src/first_stage_endeffector.cpp:[m[K At global scope:
[01m[K/home/steven/ros2_ws/src/first_stage/src/first_stage_endeffector/src/first_stage_endeffector.cpp:2400:1:[m[K [01;31m[Kerror: [m[Kversion control conflict marker in file
 2400 | [01;31m[K=======[m[K
      | [01;31m[K^~~~~~~[m[K
[01m[K/home/steven/ros2_ws/src/first_stage/src/first_stage_endeffector/src/first_stage_endeffector.cpp:2401:1:[m[K [01;31m[Kerror: [m[Kexpected declaration before ‚Äò[01m[K}[m[K‚Äô token
 2401 | [01;31m[K}[m[K
      | [01;31m[K^[m[K
[01m[K/home/steven/ros2_ws/src/first_stage/src/first_stage_endeffector/src/first_stage_endeffector.cpp:2402:1:[m[K [01;31m[Kerror: [m[Kversion control conflict marker in file
 2402 | [01;31m[K>>>>>>>[m[K 486f333f442fd9f602a52c008d070af087fb37bf
      | [01;31m[K^~~~~~~[m[K
gmake[2]: *** [CMakeFiles/first_stage_endeffector.dir/build.make:76ÔºöCMakeFiles/first_stage_endeffector.dir/src/first_stage_endeffector.cpp.o] ÈåØË™§ 1
gmake[1]: *** [CMakeFiles/Makefile2:137ÔºöCMakeFiles/first_stage_endeffector.dir/all] ÈåØË™§ 2
gmake: *** [Makefile:146Ôºöall] ÈåØË™§ 2
