[0.154s] DEBUG:colcon:Command line arguments: ['/usr/bin/colcon', 'build']
[0.154s] DEBUG:colcon:Parsed command line arguments: Namespace(log_base=None, log_level=None, verb_name='build', build_base='build', install_base='install', merge_install=False, symlink_install=False, test_result_base=None, continue_on_error=False, executor='parallel', parallel_workers=32, event_handlers=None, ignore_user_meta=False, metas=['./colcon.meta'], base_paths=['.'], packages_ignore=None, packages_ignore_regex=None, paths=None, packages_up_to=None, packages_up_to_regex=None, packages_above=None, packages_above_and_dependencies=None, packages_above_depth=None, packages_select_by_dep=None, packages_skip_by_dep=None, packages_skip_up_to=None, packages_select_build_failed=False, packages_skip_build_finished=False, packages_select_test_failures=False, packages_skip_test_passed=False, packages_select=None, packages_skip=None, packages_select_regex=None, packages_skip_regex=None, packages_start=None, packages_end=None, allow_overriding=[], cmake_args=None, cmake_target=None, cmake_target_skip_unavailable=False, cmake_clean_cache=False, cmake_clean_first=False, cmake_force_configure=False, ament_cmake_args=None, catkin_cmake_args=None, catkin_skip_building_tests=False, verb_parser=<colcon_defaults.argument_parser.defaults.DefaultArgumentsDecorator object at 0x748672e12c20>, verb_extension=<colcon_core.verb.build.BuildVerb object at 0x748672e129e0>, main=<bound method BuildVerb.main of <colcon_core.verb.build.BuildVerb object at 0x748672e129e0>>)
[0.259s] ERROR:colcon.colcon_core.extension_point:Exception loading extension 'colcon_core.package_identification.python_setup_py': isinstance() arg 2 must be a type, a tuple of types, or a union
Traceback (most recent call last):
  File "/home/steven/.local/lib/python3.10/site-packages/pkg_resources/__init__.py", line 3037, in _dep_map
    return self.__dep_map
  File "/home/steven/.local/lib/python3.10/site-packages/pkg_resources/__init__.py", line 2834, in __getattr__
    raise AttributeError(attr)
AttributeError: _DistInfoDistribution__dep_map

During handling of the above exception, another exception occurred:

Traceback (most recent call last):
  File "/usr/lib/python3/dist-packages/colcon_core/extension_point.py", line 169, in load_extension_points
    extension_type = load_extension_point(name, value, group)
  File "/usr/lib/python3/dist-packages/colcon_core/extension_point.py", line 210, in load_extension_point
    return EntryPoint(name, value, group).load()
  File "/usr/lib/python3.10/importlib/metadata/__init__.py", line 171, in load
    module = import_module(match.group('module'))
  File "/usr/lib/python3.10/importlib/__init__.py", line 126, in import_module
    return _bootstrap._gcd_import(name[level:], package, level)
  File "<frozen importlib._bootstrap>", line 1050, in _gcd_import
  File "<frozen importlib._bootstrap>", line 1027, in _find_and_load
  File "<frozen importlib._bootstrap>", line 1006, in _find_and_load_unlocked
  File "<frozen importlib._bootstrap>", line 688, in _load_unlocked
  File "<frozen importlib._bootstrap_external>", line 883, in exec_module
  File "<frozen importlib._bootstrap>", line 241, in _call_with_frames_removed
  File "/usr/lib/python3/dist-packages/colcon_python_setup_py/package_identification/python_setup_py.py", line 9, in <module>
    import setuptools
  File "/home/steven/.local/lib/python3.10/site-packages/setuptools/__init__.py", line 16, in <module>
    import setuptools.version
  File "/home/steven/.local/lib/python3.10/site-packages/setuptools/version.py", line 1, in <module>
    import pkg_resources
  File "/home/steven/.local/lib/python3.10/site-packages/pkg_resources/__init__.py", line 3260, in <module>
    def _initialize_master_working_set():
  File "/home/steven/.local/lib/python3.10/site-packages/pkg_resources/__init__.py", line 3234, in _call_aside
    f(*args, **kwargs)
  File "/home/steven/.local/lib/python3.10/site-packages/pkg_resources/__init__.py", line 3272, in _initialize_master_working_set
    working_set = WorkingSet._build_master()
  File "/home/steven/.local/lib/python3.10/site-packages/pkg_resources/__init__.py", line 581, in _build_master
    ws.require(__requires__)
  File "/home/steven/.local/lib/python3.10/site-packages/pkg_resources/__init__.py", line 909, in require
    needed = self.resolve(parse_requirements(requirements))
  File "/home/steven/.local/lib/python3.10/site-packages/pkg_resources/__init__.py", line 803, in resolve
    new_requirements = dist.requires(req.extras)[::-1]
  File "/home/steven/.local/lib/python3.10/site-packages/pkg_resources/__init__.py", line 2755, in requires
    dm = self._dep_map
  File "/home/steven/.local/lib/python3.10/site-packages/pkg_resources/__init__.py", line 3039, in _dep_map
    self.__dep_map = self._compute_dependencies()
  File "/home/steven/.local/lib/python3.10/site-packages/pkg_resources/__init__.py", line 3049, in _compute_dependencies
    reqs.extend(parse_requirements(req))
  File "/home/steven/.local/lib/python3.10/site-packages/pkg_resources/__init__.py", line 3102, in __init__
    super(Requirement, self).__init__(requirement_string)
  File "/home/steven/.local/lib/python3.10/site-packages/pkg_resources/_vendor/packaging/requirements.py", line 102, in __init__
    req = REQUIREMENT.parseString(requirement_string)
  File "/home/steven/.local/lib/python3.10/site-packages/pkg_resources/_vendor/pyparsing/core.py", line 1131, in parse_string
    loc, tokens = self._parse(instring, 0)
  File "/home/steven/.local/lib/python3.10/site-packages/pkg_resources/_vendor/pyparsing/core.py", line 817, in _parseNoCache
    loc, tokens = self.parseImpl(instring, pre_loc, doActions)
  File "/home/steven/.local/lib/python3.10/site-packages/pkg_resources/_vendor/pyparsing/core.py", line 3886, in parseImpl
    loc, exprtokens = e._parse(instring, loc, doActions)
  File "/home/steven/.local/lib/python3.10/site-packages/pkg_resources/_vendor/pyparsing/core.py", line 817, in _parseNoCache
    loc, tokens = self.parseImpl(instring, pre_loc, doActions)
  File "/home/steven/.local/lib/python3.10/site-packages/pkg_resources/_vendor/pyparsing/core.py", line 4114, in parseImpl
    return e._parse(
  File "/home/steven/.local/lib/python3.10/site-packages/pkg_resources/_vendor/pyparsing/core.py", line 817, in _parseNoCache
    loc, tokens = self.parseImpl(instring, pre_loc, doActions)
  File "/home/steven/.local/lib/python3.10/site-packages/pkg_resources/_vendor/pyparsing/core.py", line 3886, in parseImpl
    loc, exprtokens = e._parse(instring, loc, doActions)
  File "/home/steven/.local/lib/python3.10/site-packages/pkg_resources/_vendor/pyparsing/core.py", line 817, in _parseNoCache
    loc, tokens = self.parseImpl(instring, pre_loc, doActions)
  File "/home/steven/.local/lib/python3.10/site-packages/pkg_resources/_vendor/pyparsing/core.py", line 4959, in parseImpl
    loc, tokens = self_expr._parse(instring, loc, doActions, callPreParse=False)
  File "/home/steven/.local/lib/python3.10/site-packages/pkg_resources/_vendor/pyparsing/core.py", line 817, in _parseNoCache
    loc, tokens = self.parseImpl(instring, pre_loc, doActions)
  File "/home/steven/.local/lib/python3.10/site-packages/pkg_resources/_vendor/pyparsing/core.py", line 3886, in parseImpl
    loc, exprtokens = e._parse(instring, loc, doActions)
  File "/home/steven/.local/lib/python3.10/site-packages/pkg_resources/_vendor/pyparsing/core.py", line 856, in _parseNoCache
    tokens = fn(instring, tokens_start, ret_tokens)
  File "/home/steven/.local/lib/python3.10/site-packages/pkg_resources/_vendor/pyparsing/core.py", line 291, in wrapper
    ret = func(*args[limit:])
  File "/home/steven/.local/lib/python3.10/site-packages/pkg_resources/_vendor/packaging/requirements.py", line 71, in <lambda>
    lambda s, l, t: Marker(s[t._original_start : t._original_end])
  File "/home/steven/.local/lib/python3.10/site-packages/pkg_resources/_vendor/packaging/markers.py", line 278, in __init__
    self._markers = _coerce_parse_result(MARKER.parseString(marker))
  File "/home/steven/.local/lib/python3.10/site-packages/pkg_resources/_vendor/pyparsing/core.py", line 1131, in parse_string
    loc, tokens = self._parse(instring, 0)
  File "/home/steven/.local/lib/python3.10/site-packages/pkg_resources/_vendor/pyparsing/core.py", line 817, in _parseNoCache
    loc, tokens = self.parseImpl(instring, pre_loc, doActions)
  File "/home/steven/.local/lib/python3.10/site-packages/pkg_resources/_vendor/pyparsing/core.py", line 3886, in parseImpl
    loc, exprtokens = e._parse(instring, loc, doActions)
  File "/home/steven/.local/lib/python3.10/site-packages/pkg_resources/_vendor/pyparsing/core.py", line 817, in _parseNoCache
    loc, tokens = self.parseImpl(instring, pre_loc, doActions)
  File "/home/steven/.local/lib/python3.10/site-packages/pkg_resources/_vendor/pyparsing/core.py", line 5226, in parseImpl
    return super().parseImpl(instring, loc, doActions)
  File "/home/steven/.local/lib/python3.10/site-packages/pkg_resources/_vendor/pyparsing/core.py", line 4375, in parseImpl
    return self.expr._parse(instring, loc, doActions, callPreParse=False)
  File "/home/steven/.local/lib/python3.10/site-packages/pkg_resources/_vendor/pyparsing/core.py", line 817, in _parseNoCache
    loc, tokens = self.parseImpl(instring, pre_loc, doActions)
  File "/home/steven/.local/lib/python3.10/site-packages/pkg_resources/_vendor/pyparsing/core.py", line 3864, in parseImpl
    loc, resultlist = self.exprs[0]._parse(
  File "/home/steven/.local/lib/python3.10/site-packages/pkg_resources/_vendor/pyparsing/core.py", line 817, in _parseNoCache
    loc, tokens = self.parseImpl(instring, pre_loc, doActions)
  File "/home/steven/.local/lib/python3.10/site-packages/pkg_resources/_vendor/pyparsing/core.py", line 4114, in parseImpl
    return e._parse(
  File "/home/steven/.local/lib/python3.10/site-packages/pkg_resources/_vendor/pyparsing/core.py", line 825, in _parseNoCache
    ret_tokens = ParseResults(
  File "/home/steven/.local/lib/python3.10/site-packages/pkg_resources/_vendor/pyparsing/results.py", line 149, in __new__
    if isinstance(toklist, ParseResults.List)
TypeError: isinstance() arg 2 must be a type, a tuple of types, or a union

[0.261s] Level 1:colcon.colcon_core.package_discovery:discover_packages(colcon_meta) check parameters
[0.261s] Level 1:colcon.colcon_core.package_discovery:discover_packages(recursive) check parameters
[0.261s] Level 1:colcon.colcon_core.package_discovery:discover_packages(ignore) check parameters
[0.261s] Level 1:colcon.colcon_core.package_discovery:discover_packages(path) check parameters
[0.261s] Level 1:colcon.colcon_core.package_discovery:discover_packages(colcon_meta) discover
[0.261s] Level 1:colcon.colcon_core.package_discovery:discover_packages(recursive) discover
[0.261s] INFO:colcon.colcon_core.package_discovery:Crawling recursively for packages in '/home/steven/ros2_ws/src/yolo_pf_realsense'
[0.261s] Level 1:colcon.colcon_core.package_identification:_identify(.) by extensions ['ignore', 'ignore_ament_install']
[0.261s] Level 1:colcon.colcon_core.package_identification:_identify(.) by extension 'ignore'
[0.261s] Level 1:colcon.colcon_core.package_identification:_identify(.) by extension 'ignore_ament_install'
[0.261s] Level 1:colcon.colcon_core.package_identification:_identify(.) by extensions ['colcon_pkg']
[0.261s] Level 1:colcon.colcon_core.package_identification:_identify(.) by extension 'colcon_pkg'
[0.261s] Level 1:colcon.colcon_core.package_identification:_identify(.) by extensions ['colcon_meta']
[0.261s] Level 1:colcon.colcon_core.package_identification:_identify(.) by extension 'colcon_meta'
[0.261s] Level 1:colcon.colcon_core.package_identification:_identify(.) by extensions ['ros']
[0.261s] Level 1:colcon.colcon_core.package_identification:_identify(.) by extension 'ros'
[0.269s] DEBUG:colcon.colcon_core.package_identification:Package '.' with type 'ros.ament_python' and name 'yolo_pf_realsense'
[0.269s] Level 1:colcon.colcon_core.package_discovery:discover_packages(recursive) using defaults
[0.269s] Level 1:colcon.colcon_core.package_discovery:discover_packages(ignore) discover
[0.269s] Level 1:colcon.colcon_core.package_discovery:discover_packages(ignore) using defaults
[0.269s] Level 1:colcon.colcon_core.package_discovery:discover_packages(path) discover
[0.269s] Level 1:colcon.colcon_core.package_discovery:discover_packages(path) using defaults
