[0.000000] (-) TimerEvent: {}
[0.000462] (first_stage_rg2) JobQueued: {'identifier': 'first_stage_rg2', 'dependencies': OrderedDict()}
[0.000517] (first_stage_rg2) JobStarted: {'identifier': 'first_stage_rg2'}
[0.100082] (-) TimerEvent: {}
[0.200323] (-) TimerEvent: {}
[0.293733] (first_stage_rg2) StderrLine: {'line': b'Traceback (most recent call last):\n  File "/usr/lib/python3/dist-packages/colcon_core/executor/__init__.py", line 91, in __call__\n    rc = await self.task(*args, **kwargs)\n  File "/usr/lib/python3/dist-packages/colcon_core/task/__init__.py", line 93, in __call__\n    return await task_method(*args, **kwargs)\n  File "/usr/lib/python3/dist-packages/colcon_ros/task/ament_python/build.py", line 102, in build\n    return await extension.build(additional_hooks=additional_hooks)\n  File "/usr/lib/python3/dist-packages/colcon_core/task/python/build.py", line 96, in build\n    available_commands = await self._get_available_commands(\n  File "/usr/lib/python3/dist-packages/colcon_core/task/python/build.py", line 194, in _get_available_commands\n    output = await check_output(\n  File "/usr/lib/python3/dist-packages/colcon_core/subprocess.py", line 129, in check_output\n    assert not rc, f\'Expected {args} to pass: {stderr_data}\'\nAssertionError: Expected [\'/usr/bin/python3\', \'-W\', \'ignore:setup.py install is deprecated\', \'-W\', \'ignore:easy_install command is deprecated\', \'setup.py\', \'--help-commands\'] to pass: Traceback (most recent call last):\n  File "/home/steven/ros2_ws/src/first_stage/src/first_stage_rg2/setup.py", line 5, in <module>\n    setup(\n  File "/home/steven/.local/lib/python3.10/site-packages/setuptools/__init__.py", line 87, in setup\n    return distutils.core.setup(**attrs)\n  File "/home/steven/.local/lib/python3.10/site-packages/setuptools/_distutils/core.py", line 147, in setup\n    _setup_distribution = dist = klass(attrs)\n  File "/home/steven/.local/lib/python3.10/site-packages/setuptools/dist.py", line 476, in __init__\n    _Distribution.__init__(\n  File "/home/steven/.local/lib/python3.10/site-packages/setuptools/_distutils/dist.py", line 282, in __init__\n    self.finalize_options()\n  File "/home/steven/.local/lib/python3.10/site-packages/setuptools/dist.py", line 896, in finalize_options\n    defined = metadata.entry_points(group=group)\n  File "/usr/lib/python3.10/importlib/metadata/__init__.py", line 1021, in entry_points\n    return SelectableGroups.load(eps).select(**params)\n  File "/usr/lib/python3.10/importlib/metadata/__init__.py", line 487, in select\n    return self._all.select(**params)\n  File "/usr/lib/python3.10/importlib/metadata/__init__.py", line 359, in select\n    return EntryPoints(ep for ep in self if ep.matches(**params))\n  File "/usr/lib/python3.10/importlib/metadata/__init__.py", line 359, in <genexpr>\n    return EntryPoints(ep for ep in self if ep.matches(**params))\n  File "/usr/lib/python3.10/importlib/metadata/__init__.py", line 231, in matches\n    attrs = (getattr(self, param) for param in params)\nTypeError: \'dict_keyiterator\' object is not callable\n\n'}
[0.294047] (first_stage_rg2) JobEnded: {'identifier': 'first_stage_rg2', 'rc': 1}
[0.300452] (-) TimerEvent: {}
[0.303976] (-) EventReactorShutdown: {}
