[0.000000] (-) TimerEvent: {}
[0.000355] (eye_in_hand_realsense) JobQueued: {'identifier': 'eye_in_hand_realsense', 'dependencies': OrderedDict()}
[0.000435] (eye_in_hand_realsense) JobStarted: {'identifier': 'eye_in_hand_realsense'}
[0.099961] (-) TimerEvent: {}
[0.200260] (-) TimerEvent: {}
[0.241067] (eye_in_hand_realsense) StderrLine: {'line': b'Traceback (most recent call last):\n  File "/usr/lib/python3/dist-packages/colcon_core/executor/__init__.py", line 91, in __call__\n    rc = await self.task(*args, **kwargs)\n  File "/usr/lib/python3/dist-packages/colcon_core/task/__init__.py", line 93, in __call__\n    return await task_method(*args, **kwargs)\n  File "/usr/lib/python3/dist-packages/colcon_ros/task/ament_python/build.py", line 102, in build\n    return await extension.build(additional_hooks=additional_hooks)\n  File "/usr/lib/python3/dist-packages/colcon_core/task/python/build.py", line 96, in build\n    available_commands = await self._get_available_commands(\n  File "/usr/lib/python3/dist-packages/colcon_core/task/python/build.py", line 194, in _get_available_commands\n    output = await check_output(\n  File "/usr/lib/python3/dist-packages/colcon_core/subprocess.py", line 129, in check_output\n    assert not rc, f\'Expected {args} to pass: {stderr_data}\'\nAssertionError: Expected [\'/usr/bin/python3\', \'-W\', \'ignore:setup.py install is deprecated\', \'-W\', \'ignore:easy_install command is deprecated\', \'setup.py\', \'--help-commands\'] to pass: Traceback (most recent call last):\n  File "/home/steven/.local/lib/python3.10/site-packages/pkg_resources/__init__.py", line 2050, in try_parse\n    return packaging.version.Version(name)\n  File "/home/steven/.local/lib/python3.10/site-packages/pkg_resources/_vendor/packaging/version.py", line 266, in __init__\n    raise InvalidVersion(f"Invalid version: \'{version}\'")\npkg_resources.extern.packaging.version.InvalidVersion: Invalid version: \'/opt/ros/humble/lib/python3.10/site\'\n\nDuring handling of the above exception, another exception occurred:\n\nTraceback (most recent call last):\n  File "/home/steven/ros2_ws/src/eye_in_hand_realsense/setup.py", line 1, in <module>\n    from setuptools import find_packages, setup\n  File "/home/steven/.local/lib/python3.10/site-packages/setuptools/__init__.py", line 16, in <module>\n    import setuptools.version\n  File "/home/steven/.local/lib/python3.10/site-packages/setuptools/version.py", line 1, in <module>\n    import pkg_resources\n  File "/home/steven/.local/lib/python3.10/site-packages/pkg_resources/__init__.py", line 3260, in <module>\n    def _initialize_master_working_set():\n  File "/home/steven/.local/lib/python3.10/site-packages/pkg_resources/__init__.py", line 3234, in _call_aside\n    f(*args, **kwargs)\n  File "/home/steven/.local/lib/python3.10/site-packages/pkg_resources/__init__.py", line 3295, in _initialize_master_working_set\n    list(map(working_set.add_entry, sys.path))\n  File "/home/steven/.local/lib/python3.10/site-packages/pkg_resources/__init__.py", line 621, in add_entry\n    for dist in find_distributions(entry, True):\n  File "/home/steven/.local/lib/python3.10/site-packages/pkg_resources/__init__.py", line 2092, in find_on_path\n    path_item_entries = _by_version_descending(filtered)\n  File "/home/steven/.local/lib/python3.10/site-packages/pkg_resources/__init__.py", line 2062, in _by_version_descending\n    return sorted(names, key=_by_version, reverse=True)\n  File "/home/steven/.local/lib/python3.10/site-packages/pkg_resources/__init__.py", line 2060, in _by_version\n    return [try_parse(part) for part in parts]\n  File "/home/steven/.local/lib/python3.10/site-packages/pkg_resources/__init__.py", line 2060, in <listcomp>\n    return [try_parse(part) for part in parts]\n  File "/home/steven/.local/lib/python3.10/site-packages/pkg_resources/__init__.py", line 2052, in try_parse\n    return packaging.version.Version(\'0\')\n  File "/home/steven/.local/lib/python3.10/site-packages/pkg_resources/_vendor/packaging/version.py", line 266, in __init__\n    raise InvalidVersion(f"Invalid version: \'{version}\'")\npkg_resources.extern.packaging.version.InvalidVersion: Invalid version: \'0\'\n\n'}
[0.241577] (eye_in_hand_realsense) JobEnded: {'identifier': 'eye_in_hand_realsense', 'rc': 1}
[0.251424] (-) EventReactorShutdown: {}
