Traceback (most recent call last):
  File "/usr/lib/python3/dist-packages/colcon_core/executor/__init__.py", line 91, in __call__
    rc = await self.task(*args, **kwargs)
  File "/usr/lib/python3/dist-packages/colcon_core/task/__init__.py", line 93, in __call__
    return await task_method(*args, **kwargs)
  File "/usr/lib/python3/dist-packages/colcon_ros/task/ament_python/build.py", line 102, in build
    return await extension.build(additional_hooks=additional_hooks)
  File "/usr/lib/python3/dist-packages/colcon_core/task/python/build.py", line 96, in build
    available_commands = await self._get_available_commands(
  File "/usr/lib/python3/dist-packages/colcon_core/task/python/build.py", line 194, in _get_available_commands
    output = await check_output(
  File "/usr/lib/python3/dist-packages/colcon_core/subprocess.py", line 129, in check_output
    assert not rc, f'Expected {args} to pass: {stderr_data}'
AssertionError: Expected ['/usr/bin/python3', '-W', 'ignore:setup.py install is deprecated', '-W', 'ignore:easy_install command is deprecated', 'setup.py', '--help-commands'] to pass: Traceback (most recent call last):
  File "/home/steven/ros2_ws/src/yolo_pf_realsense/setup.py", line 7, in <module>
    setup(
  File "/home/steven/.local/lib/python3.10/site-packages/setuptools/__init__.py", line 87, in setup
    return distutils.core.setup(**attrs)
  File "/home/steven/.local/lib/python3.10/site-packages/setuptools/_distutils/core.py", line 172, in setup
    ok = dist.parse_command_line()
  File "/home/steven/.local/lib/python3.10/site-packages/setuptools/_distutils/dist.py", line 471, in parse_command_line
    if self.handle_display_options(option_order):
  File "/home/steven/.local/lib/python3.10/site-packages/setuptools/dist.py", line 1185, in handle_display_options
    return _Distribution.handle_display_options(self, option_order)
  File "/home/steven/.local/lib/python3.10/site-packages/setuptools/_distutils/dist.py", line 685, in handle_display_options
    self.print_commands()
  File "/home/steven/.local/lib/python3.10/site-packages/setuptools/dist.py", line 962, in print_commands
    cmdclass = ep.load()
  File "/usr/lib/python3.10/importlib/metadata/__init__.py", line 171, in load
    module = import_module(match.group('module'))
  File "/usr/lib/python3.10/importlib/__init__.py", line 126, in import_module
    return _bootstrap._gcd_import(name[level:], package, level)
  File "<frozen importlib._bootstrap>", line 1050, in _gcd_import
  File "<frozen importlib._bootstrap>", line 1027, in _find_and_load
  File "<frozen importlib._bootstrap>", line 1006, in _find_and_load_unlocked
  File "<frozen importlib._bootstrap>", line 688, in _load_unlocked
  File "<frozen importlib._bootstrap_external>", line 883, in exec_module
  File "<frozen importlib._bootstrap>", line 241, in _call_with_frames_removed
  File "/home/steven/.local/lib/python3.10/site-packages/setuptools/command/build_ext.py", line 21, in <module>
    __import__('Cython.Compiler.Main')
  File "/home/steven/.local/lib/python3.10/site-packages/Cython/Compiler/Main.py", line 30, in <module>
    from .Symtab import ModuleScope
  File "/home/steven/.local/lib/python3.10/site-packages/Cython/Compiler/Symtab.py", line 20, in <module>
    from . import PyrexTypes
  File "/home/steven/.local/lib/python3.10/site-packages/Cython/Compiler/PyrexTypes.py", line 4862, in <module>
    c_py_unicode_ptr_type = CPtrType(c_py_unicode_type)
  File "/home/steven/.local/lib/python3.10/site-packages/Cython/Compiler/PyrexTypes.py", line 2699, in __init__
    self.to_py_utility_code = UtilityCode.load_cached(
  File "Cython/Compiler/Code.py", line 425, in Cython.Compiler.Code.UtilityCodeBase.load_cached
  File "Cython/Compiler/Code.py", line 371, in Cython.Compiler.Code.UtilityCodeBase.load
  File "Cython/Compiler/Code.py", line 349, in Cython.Compiler.Code.UtilityCodeBase.load_utilities_from_file
  File "/usr/lib/python3.10/re.py", line 331, in filter
    return sre_parse.expand_template(template, match)
  File "/usr/lib/python3.10/sre_parse.py", line 1073, in expand_template
    literals[index] = g(group) or empty
TypeError: 'list_iterator' object does not support item assignment

