[0.000000] (-) TimerEvent: {}
[0.000512] (robot_interface) JobQueued: {'identifier': 'robot_interface', 'dependencies': OrderedDict()}
[0.000536] (robot_interface) JobStarted: {'identifier': 'robot_interface'}
[0.100096] (-) TimerEvent: {}
[0.200358] (-) TimerEvent: {}
[0.300645] (-) TimerEvent: {}
[0.400951] (-) TimerEvent: {}
[0.424980] (robot_interface) Command: {'cmd': ['/usr/bin/python3', '-W', 'ignore:setup.py install is deprecated', '-W', 'ignore:easy_install command is deprecated', 'setup.py', 'egg_info', '--egg-base', 'build/robot_interface', 'build', '--build-base', '/home/steven/ros2_ws/src/robot_interface/build/robot_interface/build', 'install', '--record', '/home/steven/ros2_ws/src/robot_interface/build/robot_interface/install.log', '--single-version-externally-managed', 'install_data'], 'cwd': '/home/steven/ros2_ws/src/robot_interface', 'env': {'GJS_DEBUG_TOPICS': 'JS ERROR;JS LOG', 'LESSOPEN': '| /usr/bin/lesspipe %s', 'LANGUAGE': 'zh_TW:en', 'USER': 'steven', 'LC_TIME': 'lzh_TW', 'XDG_SESSION_TYPE': 'x11', 'SHLVL': '1', 'LD_LIBRARY_PATH': '/opt/ros/humble/opt/rviz_ogre_vendor/lib:/opt/ros/humble/lib/x86_64-linux-gnu:/opt/ros/humble/lib:/usr/local/cuda/lib64:', 'HOME': '/home/steven', 'OLDPWD': '/home/steven', 'DESKTOP_SESSION': 'ubuntu', 'GIO_LAUNCHED_DESKTOP_FILE': '/usr/share/applications/terminator.desktop', 'ROS_PYTHON_VERSION': '3', 'GNOME_SHELL_SESSION_MODE': 'ubuntu', 'GTK_MODULES': 'gail:atk-bridge', 'LC_MONETARY': 'lzh_TW', 'MANAGERPID': '2228', 'SYSTEMD_EXEC_PID': '2439', 'DBUS_SESSION_BUS_ADDRESS': 'unix:path=/run/user/1000/bus', 'COLORTERM': 'truecolor', 'TERMINATOR_DBUS_NAME': 'net.tenshu.Terminator23558193cd9818af7fe4d2c2f5bd9d00f', 'GIO_LAUNCHED_DESKTOP_FILE_PID': '14942', 'COLCON_PREFIX_PATH': '/home/steven/ros2_ws/src/robot_interface/install', 'ROS_DISTRO': 'humble', 'GTK_IM_MODULE': 'ibus', 'LOGNAME': 'steven', 'JOURNAL_STREAM': '8:4404', '_': '/usr/bin/colcon', 'ROS_VERSION': '2', 'XDG_SESSION_CLASS': 'user', 'USERNAME': 'steven', 'TERM': 'xterm-256color', 'GNOME_DESKTOP_SESSION_ID': 'this-is-deprecated', 'ROS_LOCALHOST_ONLY': '0', 'WINDOWPATH': '2', 'PATH': '/opt/ros/humble/bin:/usr/local/cuda/bin:/home/steven/.local/bin:/usr/local/sbin:/usr/local/bin:/usr/sbin:/usr/bin:/sbin:/bin:/usr/games:/usr/local/games:/snap/bin:/snap/bin', 'SESSION_MANAGER': 'local/steven-MS-7D86:@/tmp/.ICE-unix/2414,unix/steven-MS-7D86:/tmp/.ICE-unix/2414', 'INVOCATION_ID': 'ebd6cc3839434567aab951ea0d257be5', 'PAPERSIZE': 'a4', 'XDG_MENU_PREFIX': 'gnome-', 'LC_ADDRESS': 'lzh_TW', 'XDG_RUNTIME_DIR': '/run/user/1000', 'DISPLAY': ':1', 'TERMINATOR_DBUS_PATH': '/net/tenshu/Terminator2', 'LANG': 'zh_TW.UTF-8', 'XDG_CURRENT_DESKTOP': 'ubuntu:GNOME', 'IBUS_DISABLE_SNOOPER': '1', 'LC_TELEPHONE': 'lzh_TW', 'XMODIFIERS': '@im=ibus', 'XDG_SESSION_DESKTOP': 'ubuntu', 'XAUTHORITY': '/run/user/1000/gdm/Xauthority', 'LS_COLORS': 'rs=0:di=01;34:ln=01;36:mh=00:pi=40;33:so=01;35:do=01;35:bd=40;33;01:cd=40;33;01:or=40;31;01:mi=00:su=37;41:sg=30;43:ca=30;41:tw=30;42:ow=34;42:st=37;44:ex=01;32:*.tar=01;31:*.tgz=01;31:*.arc=01;31:*.arj=01;31:*.taz=01;31:*.lha=01;31:*.lz4=01;31:*.lzh=01;31:*.lzma=01;31:*.tlz=01;31:*.txz=01;31:*.tzo=01;31:*.t7z=01;31:*.zip=01;31:*.z=01;31:*.dz=01;31:*.gz=01;31:*.lrz=01;31:*.lz=01;31:*.lzo=01;31:*.xz=01;31:*.zst=01;31:*.tzst=01;31:*.bz2=01;31:*.bz=01;31:*.tbz=01;31:*.tbz2=01;31:*.tz=01;31:*.deb=01;31:*.rpm=01;31:*.jar=01;31:*.war=01;31:*.ear=01;31:*.sar=01;31:*.rar=01;31:*.alz=01;31:*.ace=01;31:*.zoo=01;31:*.cpio=01;31:*.7z=01;31:*.rz=01;31:*.cab=01;31:*.wim=01;31:*.swm=01;31:*.dwm=01;31:*.esd=01;31:*.jpg=01;35:*.jpeg=01;35:*.mjpg=01;35:*.mjpeg=01;35:*.gif=01;35:*.bmp=01;35:*.pbm=01;35:*.pgm=01;35:*.ppm=01;35:*.tga=01;35:*.xbm=01;35:*.xpm=01;35:*.tif=01;35:*.tiff=01;35:*.png=01;35:*.svg=01;35:*.svgz=01;35:*.mng=01;35:*.pcx=01;35:*.mov=01;35:*.mpg=01;35:*.mpeg=01;35:*.m2v=01;35:*.mkv=01;35:*.webm=01;35:*.webp=01;35:*.ogm=01;35:*.mp4=01;35:*.m4v=01;35:*.mp4v=01;35:*.vob=01;35:*.qt=01;35:*.nuv=01;35:*.wmv=01;35:*.asf=01;35:*.rm=01;35:*.rmvb=01;35:*.flc=01;35:*.avi=01;35:*.fli=01;35:*.flv=01;35:*.gl=01;35:*.dl=01;35:*.xcf=01;35:*.xwd=01;35:*.yuv=01;35:*.cgm=01;35:*.emf=01;35:*.ogv=01;35:*.ogx=01;35:*.aac=00;36:*.au=00;36:*.flac=00;36:*.m4a=00;36:*.mid=00;36:*.midi=00;36:*.mka=00;36:*.mp3=00;36:*.mpc=00;36:*.ogg=00;36:*.ra=00;36:*.wav=00;36:*.oga=00;36:*.opus=00;36:*.spx=00;36:*.xspf=00;36:', 'SSH_AGENT_LAUNCHER': 'gnome-keyring', 'SSH_AUTH_SOCK': '/run/user/1000/keyring/ssh', 'AMENT_PREFIX_PATH': '/home/steven/ros2_ws/src/robot_interface/install/robot_interface:/opt/ros/humble', 'SHELL': '/bin/bash', 'LC_NAME': 'lzh_TW', 'TERMINATOR_UUID': 'urn:uuid:7cf2cbd8-6195-4feb-8d18-c48aa2128de6', 'QT_ACCESSIBILITY': '1', 'COLCON_WS': '/home/steven/workspace', 'GDMSESSION': 'ubuntu', 'LESSCLOSE': '/usr/bin/lesspipe %s %s', 'LC_MEASUREMENT': 'lzh_TW', 'GPG_AGENT_INFO': '/run/user/1000/gnupg/S.gpg-agent:0:1', 'GJS_DEBUG_OUTPUT': 'stderr', 'LC_IDENTIFICATION': 'lzh_TW', 'QT_IM_MODULE': 'ibus', 'PWD': '/home/steven/ros2_ws/src/robot_interface/build/robot_interface', 'XDG_CONFIG_DIRS': '/etc/xdg/xdg-ubuntu:/etc/xdg', 'XDG_DATA_DIRS': '/usr/share/ubuntu:/usr/share/gnome:/usr/local/share/:/usr/share/:/var/lib/snapd/desktop', 'PYTHONPATH': '/home/steven/ros2_ws/src/robot_interface/build/robot_interface/prefix_override:/usr/lib/python3/dist-packages/colcon_core/task/python/colcon_distutils_commands:/home/steven/ros2_ws/src/robot_interface/install/robot_interface/lib/python3.10/site-packages:/home/steven/ros2_ws/src/robot_interface/install/robot_interface/lib/python3.10/site-packages:/opt/ros/humble/lib/python3.10/site-packages:/opt/ros/humble/local/lib/python3.10/dist-packages:/home/steven/Desktop/robotiq3f_py', 'LC_NUMERIC': 'lzh_TW', 'LC_PAPER': 'lzh_TW', 'COLCON': '1', 'VTE_VERSION': '6800', 'CMAKE_PREFIX_PATH': '/home/steven/Documents/IIIIIIIII_TEST/handeye_calibration/install/ur5_apriltag_move:/opt/ros/humble:/opt/ros/humble'}, 'shell': False}
[0.470153] (robot_interface) StderrLine: {'line': b'Traceback (most recent call last):\n'}
[0.470328] (robot_interface) StderrLine: {'line': b'  File "/home/steven/.local/lib/python3.10/site-packages/pkg_resources/_vendor/pyparsing/core.py", line 2967, in re\n'}
[0.470376] (robot_interface) StderrLine: {'line': b'    return re.compile(self.pattern, self.flags)\n'}
[0.470420] (robot_interface) StderrLine: {'line': b'  File "/usr/lib/python3.10/re.py", line 251, in compile\n'}
[0.470460] (robot_interface) StderrLine: {'line': b'    return _compile(pattern, flags)\n'}
[0.470508] (robot_interface) StderrLine: {'line': b'  File "/usr/lib/python3.10/re.py", line 303, in _compile\n'}
[0.470549] (robot_interface) StderrLine: {'line': b'    p = sre_compile.compile(pattern, flags)\n'}
[0.470588] (robot_interface) StderrLine: {'line': b'  File "/usr/lib/python3.10/sre_compile.py", line 788, in compile\n'}
[0.470627] (robot_interface) StderrLine: {'line': b'    p = sre_parse.parse(p, flags)\n'}
[0.470666] (robot_interface) StderrLine: {'line': b'  File "/usr/lib/python3.10/sre_parse.py", line 955, in parse\n'}
[0.470705] (robot_interface) StderrLine: {'line': b'    p = _parse_sub(source, state, flags & SRE_FLAG_VERBOSE, 0)\n'}
[0.470744] (robot_interface) StderrLine: {'line': b'  File "/usr/lib/python3.10/sre_parse.py", line 444, in _parse_sub\n'}
[0.470787] (robot_interface) StderrLine: {'line': b'    itemsappend(_parse(source, state, verbose, nested + 1,\n'}
[0.470826] (robot_interface) StderrLine: {'line': b'  File "/usr/lib/python3.10/sre_parse.py", line 841, in _parse\n'}
[0.470975] (robot_interface) StderrLine: {'line': b'    p = _parse_sub(source, state, sub_verbose, nested + 1)\n'}
[0.471017] (robot_interface) StderrLine: {'line': b'  File "/usr/lib/python3.10/sre_parse.py", line 444, in _parse_sub\n'}
[0.471056] (robot_interface) StderrLine: {'line': b'    itemsappend(_parse(source, state, verbose, nested + 1,\n'}
[0.471094] (robot_interface) StderrLine: {'line': b'  File "/usr/lib/python3.10/sre_parse.py", line 841, in _parse\n'}
[0.471136] (robot_interface) StderrLine: {'line': b'    p = _parse_sub(source, state, sub_verbose, nested + 1)\n'}
[0.471176] (robot_interface) StderrLine: {'line': b'  File "/usr/lib/python3.10/sre_parse.py", line 444, in _parse_sub\n'}
[0.471291] (robot_interface) StderrLine: {'line': b'    itemsappend(_parse(source, state, verbose, nested + 1,\n'}
[0.471330] (robot_interface) StderrLine: {'line': b'  File "/usr/lib/python3.10/sre_parse.py", line 841, in _parse\n'}
[0.471369] (robot_interface) StderrLine: {'line': b'    p = _parse_sub(source, state, sub_verbose, nested + 1)\n'}
[0.471410] (robot_interface) StderrLine: {'line': b'  File "/usr/lib/python3.10/sre_parse.py", line 444, in _parse_sub\n'}
[0.471451] (robot_interface) StderrLine: {'line': b'    itemsappend(_parse(source, state, verbose, nested + 1,\n'}
[0.471495] (robot_interface) StderrLine: {'line': b'  File "/usr/lib/python3.10/sre_parse.py", line 841, in _parse\n'}
[0.471664] (robot_interface) StderrLine: {'line': b'    p = _parse_sub(source, state, sub_verbose, nested + 1)\n'}
[0.471725] (robot_interface) StderrLine: {'line': b'  File "/usr/lib/python3.10/sre_parse.py", line 444, in _parse_sub\n'}
[0.471768] (robot_interface) StderrLine: {'line': b'    itemsappend(_parse(source, state, verbose, nested + 1,\n'}
[0.471808] (robot_interface) StderrLine: {'line': b'  File "/usr/lib/python3.10/sre_parse.py", line 594, in _parse\n'}
[0.471850] (robot_interface) StderrLine: {'line': b'    raise source.error(msg, len(this) + 1 + len(that))\n'}
[0.471892] (robot_interface) StderrLine: {'line': b're.error: bad character range 0-9 at position 3719 (line 87, column 63)\n'}
[0.471933] (robot_interface) StderrLine: {'line': b'\n'}
[0.471974] (robot_interface) StderrLine: {'line': b'During handling of the above exception, another exception occurred:\n'}
[0.472014] (robot_interface) StderrLine: {'line': b'\n'}
[0.472055] (robot_interface) StderrLine: {'line': b'Traceback (most recent call last):\n'}
[0.472096] (robot_interface) StderrLine: {'line': b'  File "/home/steven/ros2_ws/src/robot_interface/setup.py", line 1, in <module>\n'}
[0.472137] (robot_interface) StderrLine: {'line': b'    from setuptools import setup\n'}
[0.472177] (robot_interface) StderrLine: {'line': b'  File "/home/steven/.local/lib/python3.10/site-packages/setuptools/__init__.py", line 16, in <module>\n'}
[0.472218] (robot_interface) StderrLine: {'line': b'    import setuptools.version\n'}
[0.472259] (robot_interface) StderrLine: {'line': b'  File "/home/steven/.local/lib/python3.10/site-packages/setuptools/version.py", line 1, in <module>\n'}
[0.472342] (robot_interface) StderrLine: {'line': b'    import pkg_resources\n'}
[0.472383] (robot_interface) StderrLine: {'line': b'  File "/home/steven/.local/lib/python3.10/site-packages/pkg_resources/__init__.py", line 84, in <module>\n'}
[0.472423] (robot_interface) StderrLine: {'line': b"    __import__('pkg_resources.extern.packaging.requirements')\n"}
[0.472464] (robot_interface) StderrLine: {'line': b'  File "/home/steven/.local/lib/python3.10/site-packages/pkg_resources/_vendor/packaging/requirements.py", line 84, in <module>\n'}
[0.472508] (robot_interface) StderrLine: {'line': b'    REQUIREMENT.parseString("x[]")\n'}
[0.472584] (robot_interface) StderrLine: {'line': b'  File "/home/steven/.local/lib/python3.10/site-packages/pkg_resources/_vendor/pyparsing/core.py", line 1131, in parse_string\n'}
[0.472626] (robot_interface) StderrLine: {'line': b'    loc, tokens = self._parse(instring, 0)\n'}
[0.472667] (robot_interface) StderrLine: {'line': b'  File "/home/steven/.local/lib/python3.10/site-packages/pkg_resources/_vendor/pyparsing/core.py", line 817, in _parseNoCache\n'}
[0.472727] (robot_interface) StderrLine: {'line': b'    loc, tokens = self.parseImpl(instring, pre_loc, doActions)\n'}
[0.472767] (robot_interface) StderrLine: {'line': b'  File "/home/steven/.local/lib/python3.10/site-packages/pkg_resources/_vendor/pyparsing/core.py", line 3886, in parseImpl\n'}
[0.472808] (robot_interface) StderrLine: {'line': b'    loc, exprtokens = e._parse(instring, loc, doActions)\n'}
[0.472849] (robot_interface) StderrLine: {'line': b'  File "/home/steven/.local/lib/python3.10/site-packages/pkg_resources/_vendor/pyparsing/core.py", line 817, in _parseNoCache\n'}
[0.472904] (robot_interface) StderrLine: {'line': b'    loc, tokens = self.parseImpl(instring, pre_loc, doActions)\n'}
[0.472946] (robot_interface) StderrLine: {'line': b'  File "/home/steven/.local/lib/python3.10/site-packages/pkg_resources/_vendor/pyparsing/core.py", line 4114, in parseImpl\n'}
[0.472987] (robot_interface) StderrLine: {'line': b'    return e._parse(\n'}
[0.473027] (robot_interface) StderrLine: {'line': b'  File "/home/steven/.local/lib/python3.10/site-packages/pkg_resources/_vendor/pyparsing/core.py", line 817, in _parseNoCache\n'}
[0.473068] (robot_interface) StderrLine: {'line': b'    loc, tokens = self.parseImpl(instring, pre_loc, doActions)\n'}
[0.473109] (robot_interface) StderrLine: {'line': b'  File "/home/steven/.local/lib/python3.10/site-packages/pkg_resources/_vendor/pyparsing/core.py", line 3864, in parseImpl\n'}
[0.473150] (robot_interface) StderrLine: {'line': b'    loc, resultlist = self.exprs[0]._parse(\n'}
[0.473191] (robot_interface) StderrLine: {'line': b'  File "/home/steven/.local/lib/python3.10/site-packages/pkg_resources/_vendor/pyparsing/core.py", line 817, in _parseNoCache\n'}
[0.473231] (robot_interface) StderrLine: {'line': b'    loc, tokens = self.parseImpl(instring, pre_loc, doActions)\n'}
[0.473313] (robot_interface) StderrLine: {'line': b'  File "/home/steven/.local/lib/python3.10/site-packages/pkg_resources/_vendor/pyparsing/core.py", line 3886, in parseImpl\n'}
[0.473352] (robot_interface) StderrLine: {'line': b'    loc, exprtokens = e._parse(instring, loc, doActions)\n'}
[0.473391] (robot_interface) StderrLine: {'line': b'  File "/home/steven/.local/lib/python3.10/site-packages/pkg_resources/_vendor/pyparsing/core.py", line 817, in _parseNoCache\n'}
[0.473429] (robot_interface) StderrLine: {'line': b'    loc, tokens = self.parseImpl(instring, pre_loc, doActions)\n'}
[0.473467] (robot_interface) StderrLine: {'line': b'  File "/home/steven/.local/lib/python3.10/site-packages/pkg_resources/_vendor/pyparsing/core.py", line 4959, in parseImpl\n'}
[0.473510] (robot_interface) StderrLine: {'line': b'    loc, tokens = self_expr._parse(instring, loc, doActions, callPreParse=False)\n'}
[0.473550] (robot_interface) StderrLine: {'line': b'  File "/home/steven/.local/lib/python3.10/site-packages/pkg_resources/_vendor/pyparsing/core.py", line 817, in _parseNoCache\n'}
[0.473588] (robot_interface) StderrLine: {'line': b'    loc, tokens = self.parseImpl(instring, pre_loc, doActions)\n'}
[0.473626] (robot_interface) StderrLine: {'line': b'  File "/home/steven/.local/lib/python3.10/site-packages/pkg_resources/_vendor/pyparsing/core.py", line 4114, in parseImpl\n'}
[0.473664] (robot_interface) StderrLine: {'line': b'    return e._parse(\n'}
[0.473701] (robot_interface) StderrLine: {'line': b'  File "/home/steven/.local/lib/python3.10/site-packages/pkg_resources/_vendor/pyparsing/core.py", line 817, in _parseNoCache\n'}
[0.473739] (robot_interface) StderrLine: {'line': b'    loc, tokens = self.parseImpl(instring, pre_loc, doActions)\n'}
[0.473777] (robot_interface) StderrLine: {'line': b'  File "/home/steven/.local/lib/python3.10/site-packages/pkg_resources/_vendor/pyparsing/core.py", line 4375, in parseImpl\n'}
[0.473815] (robot_interface) StderrLine: {'line': b'    return self.expr._parse(instring, loc, doActions, callPreParse=False)\n'}
[0.473854] (robot_interface) StderrLine: {'line': b'  File "/home/steven/.local/lib/python3.10/site-packages/pkg_resources/_vendor/pyparsing/core.py", line 817, in _parseNoCache\n'}
[0.473896] (robot_interface) StderrLine: {'line': b'    loc, tokens = self.parseImpl(instring, pre_loc, doActions)\n'}
[0.473934] (robot_interface) StderrLine: {'line': b'  File "/home/steven/.local/lib/python3.10/site-packages/pkg_resources/_vendor/pyparsing/core.py", line 3864, in parseImpl\n'}
[0.473972] (robot_interface) StderrLine: {'line': b'    loc, resultlist = self.exprs[0]._parse(\n'}
[0.474009] (robot_interface) StderrLine: {'line': b'  File "/home/steven/.local/lib/python3.10/site-packages/pkg_resources/_vendor/pyparsing/core.py", line 817, in _parseNoCache\n'}
[0.474050] (robot_interface) StderrLine: {'line': b'    loc, tokens = self.parseImpl(instring, pre_loc, doActions)\n'}
[0.474088] (robot_interface) StderrLine: {'line': b'  File "/home/steven/.local/lib/python3.10/site-packages/pkg_resources/_vendor/pyparsing/core.py", line 3958, in parseImpl\n'}
[0.474126] (robot_interface) StderrLine: {'line': b'    loc2 = e.try_parse(instring, loc, raise_fatal=True)\n'}
[0.474163] (robot_interface) StderrLine: {'line': b'  File "/home/steven/.local/lib/python3.10/site-packages/pkg_resources/_vendor/pyparsing/core.py", line 880, in try_parse\n'}
[0.474201] (robot_interface) StderrLine: {'line': b'    return self._parse(instring, loc, doActions=False)[0]\n'}
[0.474239] (robot_interface) StderrLine: {'line': b'  File "/home/steven/.local/lib/python3.10/site-packages/pkg_resources/_vendor/pyparsing/core.py", line 817, in _parseNoCache\n'}
[0.474276] (robot_interface) StderrLine: {'line': b'    loc, tokens = self.parseImpl(instring, pre_loc, doActions)\n'}
[0.474314] (robot_interface) StderrLine: {'line': b'  File "/home/steven/.local/lib/python3.10/site-packages/pkg_resources/_vendor/pyparsing/core.py", line 2985, in parseImpl\n'}
[0.474353] (robot_interface) StderrLine: {'line': b'    result = self.re_match(instring, loc)\n'}
[0.474391] (robot_interface) StderrLine: {'line': b'  File "/usr/lib/python3.10/functools.py", line 981, in __get__\n'}
[0.474429] (robot_interface) StderrLine: {'line': b'    val = self.func(instance)\n'}
[0.474466] (robot_interface) StderrLine: {'line': b'  File "/home/steven/.local/lib/python3.10/site-packages/pkg_resources/_vendor/pyparsing/core.py", line 2975, in re_match\n'}
[0.474506] (robot_interface) StderrLine: {'line': b'    return self.re.match\n'}
[0.474546] (robot_interface) StderrLine: {'line': b'  File "/usr/lib/python3.10/functools.py", line 981, in __get__\n'}
[0.474584] (robot_interface) StderrLine: {'line': b'    val = self.func(instance)\n'}
[0.474622] (robot_interface) StderrLine: {'line': b'  File "/home/steven/.local/lib/python3.10/site-packages/pkg_resources/_vendor/pyparsing/core.py", line 2969, in re\n'}
[0.474660] (robot_interface) StderrLine: {'line': b'    raise ValueError(\n'}
[0.474697] (robot_interface) StderrLine: {'line': b'ValueError: invalid pattern ("\\n        (?P<operator>(~=|==|!=|<=|>=|<|>|===))\\n        (?P<version>\\n            (?:\\n                # The identity operators allow for an escape hatch that will\\n                # do an exact string match of the version you wish to install.\\n                # This will not be parsed by PEP 440 and we cannot determine\\n                # any semantic meaning from it. This operator is discouraged\\n                # but included entirely as an escape hatch.\\n                (?<====)  # Only match for the identity operator\\n                \\\\s*\\n                [^\\\\s]*    # We just match everything, except for whitespace\\n                          # since we are only testing for strict identity.\\n            )\\n            |\\n            (?:\\n                # The (non)equality operators allow for wild card and local\\n                # versions to be specified so we have to define these two\\n                # operators separately to enable that.\\n                (?<===|!=)            # Only match for equals and not equals\\n\\n                \\\\s*\\n                v?\\n                (?:[0-9]+!)?          # epoch\\n                [0-9]+(?:\\\\.[0-9]+)*   # release\\n                (?:                   # pre release\\n                    [-_\\\\.]?\\n                    (a|b|c|rc|alpha|beta|pre|preview)\\n                    [-_\\\\.]?\\n                    [0-9]*\\n                )?\\n                (?:                   # post release\\n                    (?:-[0-9]+)|(?:[-_\\\\.]?(post|rev|r)[-_\\\\.]?[0-9]*)\\n                )?\\n\\n                # You cannot use a wild card and a dev or local version\\n                # together so group them with a | and make them optional.\\n                (?:\\n                    (?:[-_\\\\.]?dev[-_\\\\.]?[0-9]*)?         # dev release\\n                    (?:\\\\+[a-z0-9]+(?:[-_\\\\.][a-z0-9]+)*)? # local\\n                    |\\n                    \\\\.\\\\*  # Wild card syntax of .*\\n                )?\\n            )\\n            |\\n            (?:\\n                # The compatible operator requires at least two digits in the\\n                # release segment.\\n                (?<=~=)               # Only match for the compatible operator\\n\\n                \\\\s*\\n                v?\\n                (?:[0-9]+!)?          # epoch\\n                [0-9]+(?:\\\\.[0-9]+)+   # release  (We have a + instead of a *)\\n                (?:                   # pre release\\n                    [-_\\\\.]?\\n                    (a|b|c|rc|alpha|beta|pre|preview)\\n                    [-_\\\\.]?\\n                    [0-9]*\\n                )?\\n                (?:                                   # post release\\n                    (?:-[0-9]+)|(?:[-_\\\\.]?(post|rev|r)[-_\\\\.]?[0-9]*)\\n                )?\\n                (?:[-_\\\\.]?dev[-_\\\\.]?[0-9]*)?          # dev release\\n            )\\n            |\\n            (?:\\n                # All other operators only allow a sub set of what the\\n                # (non)equality operators do. Specifically they do not allow\\n                # local versions to be specified nor do they allow the prefix\\n                # matching wild cards.\\n                (?<!==|!=|~=)         # We have special cases for these\\n                                      # operators so we want to make sure they\\n                                      # don\'t match here.\\n\\n                \\\\s*\\n                v?\\n                (?:[0-9]+!)?          # epoch\\n                [0-9]+(?:\\\\.[0-9]+)*   # release\\n                (?:                   # pre release\\n                    [-_\\\\.]?\\n                    (a|b|c|rc|alpha|beta|pre|preview)\\n                    [-_\\\\.]?\\n                    [0-9]*\\n                )?\\n                (?:                                   # post release\\n                    (?:-[0-9]+)|(?:[-_\\\\.]?(post|rev|r)[-_\\\\.]?[0-9]*)\\n                )?\\n                (?:[-_\\\\.]?dev[-_\\\\.]?[0-9]*)?          # dev release\\n            )\\n        )\\n        ") passed to Regex\n'}
[0.480194] (robot_interface) CommandEnded: {'returncode': 1}
[0.480403] (robot_interface) JobEnded: {'identifier': 'robot_interface', 'rc': 1}
[0.490485] (-) EventReactorShutdown: {}
