[0.000000] (-) TimerEvent: {}
[0.000217] (eye_in_hand_realsense) JobQueued: {'identifier': 'eye_in_hand_realsense', 'dependencies': OrderedDict()}
[0.000238] (eye_in_hand_realsense) JobStarted: {'identifier': 'eye_in_hand_realsense'}
[0.100001] (-) TimerEvent: {}
[0.200263] (-) TimerEvent: {}
[0.300582] (-) TimerEvent: {}
[0.327068] (eye_in_hand_realsense) StderrLine: {'line': b'Traceback (most recent call last):\n  File "/usr/lib/python3/dist-packages/colcon_core/executor/__init__.py", line 91, in __call__\n    rc = await self.task(*args, **kwargs)\n  File "/usr/lib/python3/dist-packages/colcon_core/task/__init__.py", line 93, in __call__\n    return await task_method(*args, **kwargs)\n  File "/usr/lib/python3/dist-packages/colcon_ros/task/ament_python/build.py", line 102, in build\n    return await extension.build(additional_hooks=additional_hooks)\n  File "/usr/lib/python3/dist-packages/colcon_core/task/python/build.py", line 96, in build\n    available_commands = await self._get_available_commands(\n  File "/usr/lib/python3/dist-packages/colcon_core/task/python/build.py", line 194, in _get_available_commands\n    output = await check_output(\n  File "/usr/lib/python3/dist-packages/colcon_core/subprocess.py", line 129, in check_output\n    assert not rc, f\'Expected {args} to pass: {stderr_data}\'\nAssertionError: Expected [\'/usr/bin/python3\', \'-W\', \'ignore:setup.py install is deprecated\', \'-W\', \'ignore:easy_install command is deprecated\', \'setup.py\', \'--help-commands\'] to pass: Traceback (most recent call last):\n  File "/home/steven/ros2_ws/src/eye_in_hand_realsense/setup.py", line 6, in <module>\n    setup(\n  File "/home/steven/.local/lib/python3.10/site-packages/setuptools/__init__.py", line 87, in setup\n    return distutils.core.setup(**attrs)\n  File "/home/steven/.local/lib/python3.10/site-packages/setuptools/_distutils/core.py", line 172, in setup\n    ok = dist.parse_command_line()\n  File "/home/steven/.local/lib/python3.10/site-packages/setuptools/_distutils/dist.py", line 471, in parse_command_line\n    if self.handle_display_options(option_order):\n  File "/home/steven/.local/lib/python3.10/site-packages/setuptools/dist.py", line 1185, in handle_display_options\n    return _Distribution.handle_display_options(self, option_order)\n  File "/home/steven/.local/lib/python3.10/site-packages/setuptools/_distutils/dist.py", line 685, in handle_display_options\n    self.print_commands()\n  File "/home/steven/.local/lib/python3.10/site-packages/setuptools/dist.py", line 962, in print_commands\n    cmdclass = ep.load()\n  File "/usr/lib/python3.10/importlib/metadata/__init__.py", line 171, in load\n    module = import_module(match.group(\'module\'))\n  File "/usr/lib/python3.10/importlib/__init__.py", line 126, in import_module\n    return _bootstrap._gcd_import(name[level:], package, level)\n  File "<frozen importlib._bootstrap>", line 1050, in _gcd_import\n  File "<frozen importlib._bootstrap>", line 1027, in _find_and_load\n  File "<frozen importlib._bootstrap>", line 1006, in _find_and_load_unlocked\n  File "<frozen importlib._bootstrap>", line 688, in _load_unlocked\n  File "<frozen importlib._bootstrap_external>", line 883, in exec_module\n  File "<frozen importlib._bootstrap>", line 241, in _call_with_frames_removed\n  File "/home/steven/.local/lib/python3.10/site-packages/setuptools/command/build_ext.py", line 21, in <module>\n    __import__(\'Cython.Compiler.Main\')\n  File "/home/steven/.local/lib/python3.10/site-packages/Cython/Compiler/Main.py", line 50, in <module>\n    module_name_pattern = re.compile(u"{0}(\\\\.{0})*$".format(module_name_pattern))\n  File "/usr/lib/python3.10/re.py", line 251, in compile\n    return _compile(pattern, flags)\n  File "/usr/lib/python3.10/re.py", line 303, in _compile\n    p = sre_compile.compile(pattern, flags)\n  File "/usr/lib/python3.10/sre_compile.py", line 792, in compile\n    code = _code(p, flags)\n  File "/usr/lib/python3.10/sre_compile.py", line 631, in _code\n    _compile(code, p.data, flags)\n  File "/usr/lib/python3.10/sre_compile.py", line 164, in _compile\n    _compile(code, av[2], flags)\n  File "/usr/lib/python3.10/sre_compile.py", line 146, in _compile\n    _compile_charset(charset, flags, code)\n  File "/usr/lib/python3.10/sre_compile.py", line 289, in _compile_charset\n    raise error("internal: unsupported set operator %r" % (op,))\nre.error: internal: unsupported set operator (RANGE, (8508, 8511))\n\n'}
[0.327460] (eye_in_hand_realsense) JobEnded: {'identifier': 'eye_in_hand_realsense', 'rc': 1}
[0.337294] (-) EventReactorShutdown: {}
